<?xml version="1.0" encoding="UTF-8"?>
<!-- Generated by org.testng.reporters.JUnitReportReporter -->
<testsuite hostname="Laxmans-MBP" failures="1" tests="3" name="com.Liftlabs.runner.TestRunner" time="14.016" errors="0" timestamp="2024-05-27T12:01:31 IST" skipped="0">
  <testcase classname="com.Liftlabs.runner.TestRunner" name="runScenario" time="1.795"/>
  <testcase classname="com.Liftlabs.runner.TestRunner" name="runScenario" time="6.543"/>
  <testcase classname="com.Liftlabs.runner.TestRunner" name="runScenario" time="5.678">
    <failure message="1 expectation failed.
Response body doesn&#039;t match expectation.
Expected: The content to match the given JSON schema.
error: object has missing required properties ([&quot;category&quot;])
    level: &quot;error&quot;
    schema: {&quot;loadingURI&quot;:&quot;file:/Users/laxmanbinawade/Desktop/Automation/JavaProgram/PETAssignment/target/test-classes/schema.json#&quot;,&quot;pointer&quot;:&quot;/items/13&quot;}
    instance: {&quot;pointer&quot;:&quot;/13&quot;}
    domain: &quot;validation&quot;
    keyword: &quot;required&quot;
    required: [&quot;category&quot;,&quot;id&quot;,&quot;name&quot;,&quot;photoUrls&quot;,&quot;status&quot;,&quot;tags&quot;]
    missing: [&quot;category&quot;]
error: object has missing required properties ([&quot;category&quot;])
    level: &quot;error&quot;
    schema: {&quot;loadingURI&quot;:&quot;file:/Users/laxmanbinawade/Desktop/Automation/JavaProgram/PETAssignment/target/test-classes/schema.json#&quot;,&quot;pointer&quot;:&quot;/items/14&quot;}
    instance: {&quot;pointer&quot;:&quot;/14&quot;}
    domain: &quot;validation&quot;
    keyword: &quot;required&quot;
    required: [&quot;category&quot;,&quot;id&quot;,&quot;name&quot;,&quot;photoUrls&quot;,&quot;status&quot;,&quot;tags&quot;]
    missing: [&quot;category&quot;]
error: object has missing required properties ([&quot;category&quot;])
    level: &quot;error&quot;
    schema: {&quot;loadingURI&quot;:&quot;file:/Users/laxmanbinawade/Desktop/Automation/JavaProgram/PETAssignment/target/test-classes/schema.json#&quot;,&quot;pointer&quot;:&quot;/items/66&quot;}
    instance: {&quot;pointer&quot;:&quot;/66&quot;}
    domain: &quot;validation&quot;
    keyword: &quot;required&quot;
    required: [&quot;category&quot;,&quot;id&quot;,&quot;name&quot;,&quot;photoUrls&quot;,&quot;status&quot;,&quot;tags&quot;]
    missing: [&quot;category&quot;]
error: object has missing required properties ([&quot;category&quot;])
    level: &quot;error&quot;
    schema: {&quot;loadingURI&quot;:&quot;file:/Users/laxmanbinawade/Desktop/Automation/JavaProgram/PETAssignment/target/test-classes/schema.json#&quot;,&quot;pointer&quot;:&quot;/items/67&quot;}
    instance: {&quot;pointer&quot;:&quot;/67&quot;}
    domain: &quot;validation&quot;
    keyword: &quot;required&quot;
    required: [&quot;category&quot;,&quot;id&quot;,&quot;name&quot;,&quot;photoUrls&quot;,&quot;status&quot;,&quot;tags&quot;]
    missing: [&quot;category&quot;]
error: object has missing required properties ([&quot;category&quot;])
    level: &quot;error&quot;
    schema: {&quot;loadingURI&quot;:&quot;file:/Users/laxmanbinawade/Desktop/Automation/JavaProgram/PETAssignment/target/test-classes/schema.json#&quot;,&quot;pointer&quot;:&quot;/items/75&quot;}
    instance: {&quot;pointer&quot;:&quot;/75&quot;}
    domain: &quot;validation&quot;
    keyword: &quot;required&quot;
    required: [&quot;category&quot;,&quot;id&quot;,&quot;name&quot;,&quot;photoUrls&quot;,&quot;status&quot;,&quot;tags&quot;]
    missing: [&quot;category&quot;]
error: object has missing required properties ([&quot;category&quot;])
    level: &quot;error&quot;
    schema: {&quot;loadingURI&quot;:&quot;file:/Users/laxmanbinawade/Desktop/Automation/JavaProgram/PETAssignment/target/test-classes/schema.json#&quot;,&quot;pointer&quot;:&quot;/items/95&quot;}
    instance: {&quot;pointer&quot;:&quot;/95&quot;}
    domain: &quot;validation&quot;
    keyword: &quot;required&quot;
    required: [&quot;category&quot;,&quot;id&quot;,&quot;name&quot;,&quot;photoUrls&quot;,&quot;status&quot;,&quot;tags&quot;]
    missing: [&quot;category&quot;]
error: object has missing required properties ([&quot;category&quot;])
    level: &quot;error&quot;
    schema: {&quot;loadingURI&quot;:&quot;file:/Users/laxmanbinawade/Desktop/Automation/JavaProgram/PETAssignment/target/test-classes/schema.json#&quot;,&quot;pointer&quot;:&quot;/items/96&quot;}
    instance: {&quot;pointer&quot;:&quot;/96&quot;}
    domain: &quot;validation&quot;
    keyword: &quot;required&quot;
    required: [&quot;category&quot;,&quot;id&quot;,&quot;name&quot;,&quot;photoUrls&quot;,&quot;status&quot;,&quot;tags&quot;]
    missing: [&quot;category&quot;]
error: object has missing required properties ([&quot;category&quot;])
    level: &quot;error&quot;
    schema: {&quot;loadingURI&quot;:&quot;file:/Users/laxmanbinawade/Desktop/Automation/JavaProgram/PETAssignment/target/test-classes/schema.json#&quot;,&quot;pointer&quot;:&quot;/items/127&quot;}
    instance: {&quot;pointer&quot;:&quot;/127&quot;}
    domain: &quot;validation&quot;
    keyword: &quot;required&quot;
    required: [&quot;category&quot;,&quot;id&quot;,&quot;name&quot;,&quot;photoUrls&quot;,&quot;status&quot;,&quot;tags&quot;]
    missing: [&quot;category&quot;]
error: object has missing required properties ([&quot;category&quot;])
    level: &quot;error&quot;
    schema: {&quot;loadingURI&quot;:&quot;file:/Users/laxmanbinawade/Desktop/Automation/JavaProgram/PETAssignment/target/test-classes/schema.json#&quot;,&quot;pointer&quot;:&quot;/items/152&quot;}
    instance: {&quot;pointer&quot;:&quot;/152&quot;}
    domain: &quot;validation&quot;
    keyword: &quot;required&quot;
    required: [&quot;category&quot;,&quot;id&quot;,&quot;name&quot;,&quot;photoUrls&quot;,&quot;status&quot;,&quot;tags&quot;]
    missing: [&quot;category&quot;]
error: object has missing required properties ([&quot;category&quot;])
    level: &quot;error&quot;
    schema: {&quot;loadingURI&quot;:&quot;file:/Users/laxmanbinawade/Desktop/Automation/JavaProgram/PETAssignment/target/test-classes/schema.json#&quot;,&quot;pointer&quot;:&quot;/items/164&quot;}
    instance: {&quot;pointer&quot;:&quot;/164&quot;}
    domain: &quot;validation&quot;
    keyword: &quot;required&quot;
    required: [&quot;category&quot;,&quot;id&quot;,&quot;name&quot;,&quot;photoUrls&quot;,&quot;status&quot;,&quot;tags&quot;]
    missing: [&quot;category&quot;]
error: object has missing required properties ([&quot;category&quot;])
    level: &quot;error&quot;
    schema: {&quot;loadingURI&quot;:&quot;file:/Users/laxmanbinawade/Desktop/Automation/JavaProgram/PETAssignment/target/test-classes/schema.json#&quot;,&quot;pointer&quot;:&quot;/items/166&quot;}
    instance: {&quot;pointer&quot;:&quot;/166&quot;}
    domain: &quot;validation&quot;
    keyword: &quot;required&quot;
    required: [&quot;category&quot;,&quot;id&quot;,&quot;name&quot;,&quot;photoUrls&quot;,&quot;status&quot;,&quot;tags&quot;]
    missing: [&quot;category&quot;]
error: object has missing required properties ([&quot;name&quot;])
    level: &quot;error&quot;
    schema: {&quot;loadingURI&quot;:&quot;file:/Users/laxmanbinawade/Desktop/Automation/JavaProgram/PETAssignment/target/test-classes/schema.json#&quot;,&quot;pointer&quot;:&quot;/items/174&quot;}
    instance: {&quot;pointer&quot;:&quot;/174&quot;}
    domain: &quot;validation&quot;
    keyword: &quot;required&quot;
    required: [&quot;category&quot;,&quot;id&quot;,&quot;name&quot;,&quot;photoUrls&quot;,&quot;status&quot;,&quot;tags&quot;]
    missing: [&quot;name&quot;]
error: object has missing required properties ([&quot;category&quot;])
    level: &quot;error&quot;
    schema: {&quot;loadingURI&quot;:&quot;file:/Users/laxmanbinawade/Desktop/Automation/JavaProgram/PETAssignment/target/test-classes/schema.json#&quot;,&quot;pointer&quot;:&quot;/items/175&quot;}
    instance: {&quot;pointer&quot;:&quot;/175&quot;}
    domain: &quot;validation&quot;
    keyword: &quot;required&quot;
    required: [&quot;category&quot;,&quot;id&quot;,&quot;name&quot;,&quot;photoUrls&quot;,&quot;status&quot;,&quot;tags&quot;]
    missing: [&quot;category&quot;]
error: object has missing required properties ([&quot;category&quot;])
    level: &quot;error&quot;
    schema: {&quot;loadingURI&quot;:&quot;file:/Users/laxmanbinawade/Desktop/Automation/JavaProgram/PETAssignment/target/test-classes/schema.json#&quot;,&quot;pointer&quot;:&quot;/items/182&quot;}
    instance: {&quot;pointer&quot;:&quot;/182&quot;}
    domain: &quot;validation&quot;
    keyword: &quot;required&quot;
    required: [&quot;category&quot;,&quot;id&quot;,&quot;name&quot;,&quot;photoUrls&quot;,&quot;status&quot;,&quot;tags&quot;]
    missing: [&quot;category&quot;]
error: object has missing required properties ([&quot;category&quot;])
    level: &quot;error&quot;
    schema: {&quot;loadingURI&quot;:&quot;file:/Users/laxmanbinawade/Desktop/Automation/JavaProgram/PETAssignment/target/test-classes/schema.json#&quot;,&quot;pointer&quot;:&quot;/items/196&quot;}
    instance: {&quot;pointer&quot;:&quot;/196&quot;}
    domain: &quot;validation&quot;
    keyword: &quot;required&quot;
    required: [&quot;category&quot;,&quot;id&quot;,&quot;name&quot;,&quot;photoUrls&quot;,&quot;status&quot;,&quot;tags&quot;]
    missing: [&quot;category&quot;]

  Actual: [{&quot;id&quot;:9223372034444446772,&quot;category&quot;:{&quot;id&quot;:0,&quot;name&quot;:&quot;string&quot;},&quot;name&quot;:&quot;doggie&quot;,&quot;photoUrls&quot;:[&quot;string&quot;],&quot;tags&quot;:[{&quot;id&quot;:0,&quot;name&quot;:&quot;string&quot;}],&quot;status&quot;:&quot;available&quot;},{&quot;id&quot;:9223372034444446775,&quot;category&quot;:{&quot;id&quot;:0,&quot;name&quot;:&quot;string&quot;},&quot;name&quot;:&quot;doggie&quot;,&quot;photoUrls&quot;:[&quot;string&quot;],&quot;tags&quot;:[{&quot;id&quot;:0,&quot;name&quot;:&quot;string&quot;}],&quot;status&quot;:&quot;available&quot;},{&quot;id&quot;:9223372034444446776,&quot;category&quot;:{&quot;id&quot;:0,&quot;name&quot;:&quot;string&quot;},&quot;name&quot;:&quot;fish&quot;,&quot;photoUrls&quot;:[&quot;string&quot;],&quot;tags&quot;:[{&quot;id&quot;:0,&quot;name&quot;:&quot;string&quot;}],&quot;status&quot;:&quot;available&quot;},{&quot;id&quot;:9223372034444446777,&quot;category&quot;:{&quot;id&quot;:0,&quot;name&quot;:&quot;string&quot;},&quot;name&quot;:&quot;Puff&quot;,&quot;photoUrls&quot;:[&quot;string&quot;],&quot;tags&quot;:[{&quot;id&quot;:0,&quot;name&quot;:&quot;string&quot;}],&quot;status&quot;:&quot;available&quot;},{&quot;id&quot;:9223372034444446786,&quot;category&quot;:{&quot;id&quot;:0,&quot;name&quot;:&quot;string&quot;},&quot;name&quot;:&quot;fish&quot;,&quot;photoUrls&quot;:[&quot;string&quot;],&quot;tags&quot;:[{&quot;id&quot;:0,&quot;name&quot;:&quot;string&quot;}],&quot;status&quot;:&quot;available&quot;},{&quot;id&quot;:9223372034444446795,&quot;category&quot;:{&quot;id&quot;:0,&quot;name&quot;:&quot;string&quot;},&quot;name&quot;:&quot;fish&quot;,&quot;photoUrls&quot;:[&quot;string&quot;],&quot;tags&quot;:[{&quot;id&quot;:0,&quot;name&quot;:&quot;string&quot;}],&quot;status&quot;:&quot;available&quot;},{&quot;id&quot;:9223372034444446801,&quot;category&quot;:{&quot;id&quot;:0,&quot;name&quot;:&quot;string&quot;},&quot;name&quot;:&quot;doggie&quot;,&quot;photoUrls&quot;:[&quot;string&quot;],&quot;tags&quot;:[{&quot;id&quot;:0,&quot;name&quot;:&quot;string&quot;}],&quot;status&quot;:&quot;available&quot;},{&quot;id&quot;:45,&quot;category&quot;:{&quot;id&quot;:0,&quot;name&quot;:&quot;Animal&quot;},&quot;name&quot;:&quot;doggie&quot;,&quot;photoUrls&quot;:[&quot;string&quot;],&quot;tags&quot;:[{&quot;id&quot;:0,&quot;name&quot;:&quot;Dog&quot;}],&quot;status&quot;:&quot;available&quot;},{&quot;id&quot;:9223372034444446807,&quot;category&quot;:{&quot;id&quot;:0,&quot;name&quot;:&quot;string&quot;},&quot;name&quot;:&quot;doggie&quot;,&quot;photoUrls&quot;:[&quot;string&quot;],&quot;tags&quot;:[{&quot;id&quot;:0,&quot;name&quot;:&quot;string&quot;}],&quot;status&quot;:&quot;available&quot;},{&quot;id&quot;:9223372034444446815,&quot;category&quot;:{&quot;id&quot;:0,&quot;name&quot;:&quot;string&quot;},&quot;name&quot;:&quot;fish&quot;,&quot;photoUrls&quot;:[&quot;string&quot;],&quot;tags&quot;:[{&quot;id&quot;:0,&quot;name&quot;:&quot;string&quot;}],&quot;status&quot;:&quot;available&quot;},{&quot;id&quot;:9223372034444446819,&quot;category&quot;:{&quot;id&quot;:0,&quot;name&quot;:&quot;string&quot;},&quot;name&quot;:&quot;fish&quot;,&quot;photoUrls&quot;:[&quot;string&quot;],&quot;tags&quot;:[{&quot;id&quot;:0,&quot;name&quot;:&quot;string&quot;}],&quot;status&quot;:&quot;available&quot;},{&quot;id&quot;:9223372034444446820,&quot;category&quot;:{&quot;id&quot;:0,&quot;name&quot;:&quot;string&quot;},&quot;name&quot;:&quot;fish&quot;,&quot;photoUrls&quot;:[&quot;string&quot;],&quot;tags&quot;:[{&quot;id&quot;:0,&quot;name&quot;:&quot;string&quot;}],&quot;status&quot;:&quot;available&quot;},{&quot;id&quot;:9223372034444446823,&quot;category&quot;:{&quot;id&quot;:0,&quot;name&quot;:&quot;string&quot;},&quot;name&quot;:&quot;Puff&quot;,&quot;photoUrls&quot;:[&quot;string&quot;],&quot;tags&quot;:[{&quot;id&quot;:0,&quot;name&quot;:&quot;string&quot;}],&quot;status&quot;:&quot;available&quot;},{&quot;id&quot;:9223372034444446831,&quot;name&quot;:&quot;doggie&quot;,&quot;photoUrls&quot;:[],&quot;tags&quot;:[],&quot;status&quot;:&quot;available&quot;},{&quot;id&quot;:9223372034444446832,&quot;name&quot;:&quot;doggie&quot;,&quot;photoUrls&quot;:[],&quot;tags&quot;:[],&quot;status&quot;:&quot;available&quot;},{&quot;id&quot;:9223372034444446838,&quot;category&quot;:{&quot;id&quot;:0,&quot;name&quot;:&quot;string&quot;},&quot;name&quot;:&quot;fish&quot;,&quot;photoUrls&quot;:[&quot;string&quot;],&quot;tags&quot;:[{&quot;id&quot;:0,&quot;name&quot;:&quot;string&quot;}],&quot;status&quot;:&quot;available&quot;},{&quot;id&quot;:9223372034444446839,&quot;category&quot;:{&quot;id&quot;:0,&quot;name&quot;:&quot;string&quot;},&quot;name&quot;:&quot;fish&quot;,&quot;photoUrls&quot;:[&quot;string&quot;],&quot;tags&quot;:[{&quot;id&quot;:0,&quot;name&quot;:&quot;string&quot;}],&quot;status&quot;:&quot;available&quot;},{&quot;id&quot;:9223372034444446840,&quot;category&quot;:{&quot;id&quot;:0,&quot;name&quot;:&quot;string&quot;},&quot;name&quot;:&quot;fish&quot;,&quot;photoUrls&quot;:[&quot;string&quot;],&quot;tags&quot;:[{&quot;id&quot;:0,&quot;name&quot;:&quot;string&quot;}],&quot;status&quot;:&quot;available&quot;},{&quot;id&quot;:9223372034444446841,&quot;category&quot;:{&quot;id&quot;:0,&quot;name&quot;:&quot;string&quot;},&quot;name&quot;:&quot;fish&quot;,&quot;photoUrls&quot;:[&quot;string&quot;],&quot;tags&quot;:[{&quot;id&quot;:0,&quot;name&quot;:&quot;string&quot;}],&quot;status&quot;:&quot;available&quot;},{&quot;id&quot;:110,&quot;category&quot;:{&quot;id&quot;:0,&quot;name&quot;:&quot;string&quot;},&quot;name&quot;:&quot;Butterfly&quot;,&quot;photoUrls&quot;:[&quot;string&quot;],&quot;tags&quot;:[{&quot;id&quot;:0,&quot;name&quot;:&quot;string&quot;}],&quot;status&quot;:&quot;available&quot;},{&quot;id&quot;:9223372034444446861,&quot;category&quot;:{&quot;id&quot;:0,&quot;name&quot;:&quot;string&quot;},&quot;name&quot;:&quot;doggie&quot;,&quot;photoUrls&quot;:[&quot;string&quot;],&quot;tags&quot;:[{&quot;id&quot;:0,&quot;name&quot;:&quot;string&quot;}],&quot;status&quot;:&quot;available&quot;},{&quot;id&quot;:9223372034444446862,&quot;category&quot;:{&quot;id&quot;:0,&quot;name&quot;:&quot;string&quot;},&quot;name&quot;:&quot;doggie&quot;,&quot;photoUrls&quot;:[&quot;string&quot;],&quot;tags&quot;:[{&quot;id&quot;:0,&quot;name&quot;:&quot;string&quot;}],&quot;status&quot;:&quot;available&quot;},{&quot;id&quot;:9223372034444446863,&quot;category&quot;:{&quot;id&quot;:0,&quot;name&quot;:&quot;string&quot;},&quot;name&quot;:&quot;fish&quot;,&quot;photoUrls&quot;:[&quot;string&quot;],&quot;tags&quot;:[{&quot;id&quot;:0,&quot;name&quot;:&quot;string&quot;}],&quot;status&quot;:&quot;available&quot;},{&quot;id&quot;:9223372034444446864,&quot;category&quot;:{&quot;id&quot;:0,&quot;name&quot;:&quot;string&quot;},&quot;name&quot;:&quot;doggie&quot;,&quot;photoUrls&quot;:[&quot;string&quot;],&quot;tags&quot;:[{&quot;id&quot;:0,&quot;name&quot;:&quot;string&quot;}],&quot;status&quot;:&quot;available&quot;},{&quot;id&quot;:9223372034444446865,&quot;category&quot;:{&quot;id&quot;:0,&quot;name&quot;:&quot;string&quot;},&quot;name&quot;:&quot;doggie&quot;,&quot;photoUrls&quot;:[&quot;string&quot;],&quot;tags&quot;:[{&quot;id&quot;:0,&quot;name&quot;:&quot;string&quot;}],&quot;status&quot;:&quot;available&quot;},{&quot;id&quot;:9223372034444446866,&quot;category&quot;:{&quot;id&quot;:0,&quot;name&quot;:&quot;string&quot;},&quot;name&quot;:&quot;fish&quot;,&quot;photoUrls&quot;:[&quot;string&quot;],&quot;tags&quot;:[{&quot;id&quot;:0,&quot;name&quot;:&quot;string&quot;}],&quot;status&quot;:&quot;available&quot;},{&quot;id&quot;:9223372034444446867,&quot;category&quot;:{&quot;id&quot;:0,&quot;name&quot;:&quot;string&quot;},&quot;name&quot;:&quot;Puff&quot;,&quot;photoUrls&quot;:[&quot;string&quot;],&quot;tags&quot;:[{&quot;id&quot;:0,&quot;name&quot;:&quot;string&quot;}],&quot;status&quot;:&quot;available&quot;},{&quot;id&quot;:9223372036854018119,&quot;category&quot;:{&quot;id&quot;:0,&quot;name&quot;:&quot;string&quot;},&quot;name&quot;:&quot;doggie&quot;,&quot;photoUrls&quot;:[&quot;string&quot;],&quot;tags&quot;:[{&quot;id&quot;:0,&quot;name&quot;:&quot;string&quot;}],&quot;status&quot;:&quot;available&quot;},{&quot;id&quot;:9223372036854018122,&quot;category&quot;:{&quot;id&quot;:0,&quot;name&quot;:&quot;string&quot;},&quot;name&quot;:&quot;fish&quot;,&quot;photoUrls&quot;:[&quot;string&quot;],&quot;tags&quot;:[{&quot;id&quot;:0,&quot;name&quot;:&quot;string&quot;}],&quot;status&quot;:&quot;available&quot;},{&quot;id&quot;:2726,&quot;category&quot;:{&quot;id&quot;:0,&quot;name&quot;:&quot;Animals&quot;},&quot;name&quot;:&quot;doggie&quot;,&quot;photoUrls&quot;:[&quot;string&quot;],&quot;tags&quot;:[{&quot;id&quot;:0,&quot;name&quot;:&quot;string&quot;}],&quot;status&quot;:&quot;available&quot;},{&quot;id&quot;:5555,&quot;category&quot;:{&quot;id&quot;:5556,&quot;name&quot;:&quot;indie&quot;},&quot;name&quot;:&quot;jimmy&quot;,&quot;photoUrls&quot;:[&quot;string&quot;],&quot;tags&quot;:[{&quot;id&quot;:0,&quot;name&quot;:&quot;string&quot;}],&quot;status&quot;:&quot;available&quot;},{&quot;id&quot;:9223372036854018134,&quot;category&quot;:{&quot;id&quot;:0,&quot;name&quot;:&quot;string&quot;},&quot;name&quot;:&quot;fish&quot;,&quot;photoUrls&quot;:[&quot;string&quot;],&quot;tags&quot;:[{&quot;id&quot;:0,&quot;name&quot;:&quot;string&quot;}],&quot;status&quot;:&quot;available&quot;},{&quot;id&quot;:1111,&quot;category&quot;:{&quot;id&quot;:1112,&quot;name&quot;:&quot;indie&quot;},&quot;name&quot;:&quot;jimmy&quot;,&quot;photoUrls&quot;:[&quot;string&quot;],&quot;tags&quot;:[{&quot;id&quot;:0,&quot;name&quot;:&quot;string&quot;}],&quot;status&quot;:&quot;available&quot;},{&quot;id&quot;:9223372036854018165,&quot;category&quot;:{&quot;id&quot;:0,&quot;name&quot;:&quot;string&quot;},&quot;name&quot;:&quot;fish&quot;,&quot;photoUrls&quot;:[&quot;string&quot;],&quot;tags&quot;:[{&quot;id&quot;:0,&quot;name&quot;:&quot;string&quot;}],&quot;status&quot;:&quot;available&quot;},{&quot;id&quot;:9223372036854018181,&quot;category&quot;:{&quot;id&quot;:0,&quot;name&quot;:&quot;string&quot;},&quot;name&quot;:&quot;fish&quot;,&quot;photoUrls&quot;:[&quot;string&quot;],&quot;tags&quot;:[{&quot;id&quot;:0,&quot;name&quot;:&quot;string&quot;}],&quot;status&quot;:&quot;available&quot;},{&quot;id&quot;:9223372036854018182,&quot;category&quot;:{&quot;id&quot;:0,&quot;name&quot;:&quot;string&quot;},&quot;name&quot;:&quot;fish&quot;,&quot;photoUrls&quot;:[&quot;string&quot;],&quot;tags&quot;:[{&quot;id&quot;:0,&quot;name&quot;:&quot;string&quot;}],&quot;status&quot;:&quot;available&quot;},{&quot;id&quot;:9223372036854018183,&quot;category&quot;:{&quot;id&quot;:0,&quot;name&quot;:&quot;string&quot;},&quot;name&quot;:&quot;Puff&quot;,&quot;photoUrls&quot;:[&quot;string&quot;],&quot;tags&quot;:[{&quot;id&quot;:0,&quot;name&quot;:&quot;string&quot;}],&quot;status&quot;:&quot;available&quot;},{&quot;id&quot;:9223372036854018197,&quot;category&quot;:{&quot;id&quot;:0,&quot;name&quot;:&quot;string&quot;},&quot;name&quot;:&quot;fish&quot;,&quot;photoUrls&quot;:[&quot;string&quot;],&quot;tags&quot;:[{&quot;id&quot;:0,&quot;name&quot;:&quot;string&quot;}],&quot;status&quot;:&quot;available&quot;},{&quot;id&quot;:2,&quot;category&quot;:{&quot;id&quot;:2,&quot;name&quot;:&quot;dog&quot;},&quot;name&quot;:&quot;Pinkie&quot;,&quot;photoUrls&quot;:[&quot;string&quot;],&quot;tags&quot;:[{&quot;id&quot;:2,&quot;name&quot;:&quot;string&quot;}],&quot;status&quot;:&quot;available&quot;},{&quot;id&quot;:9223372036854018200,&quot;category&quot;:{&quot;id&quot;:0,&quot;name&quot;:&quot;string&quot;},&quot;name&quot;:&quot;fish&quot;,&quot;photoUrls&quot;:[&quot;string&quot;],&quot;tags&quot;:[{&quot;id&quot;:0,&quot;name&quot;:&quot;string&quot;}],&quot;status&quot;:&quot;available&quot;},{&quot;id&quot;:9223372036854018201,&quot;category&quot;:{&quot;id&quot;:0,&quot;name&quot;:&quot;string&quot;},&quot;name&quot;:&quot;fish&quot;,&quot;photoUrls&quot;:[&quot;string&quot;],&quot;tags&quot;:[{&quot;id&quot;:0,&quot;name&quot;:&quot;string&quot;}],&quot;status&quot;:&quot;available&quot;},{&quot;id&quot;:9223372036854018202,&quot;category&quot;:{&quot;id&quot;:0,&quot;name&quot;:&quot;string&quot;},&quot;name&quot;:&quot;fish&quot;,&quot;photoUrls&quot;:[&quot;string&quot;],&quot;tags&quot;:[{&quot;id&quot;:0,&quot;name&quot;:&quot;string&quot;}],&quot;status&quot;:&quot;available&quot;},{&quot;id&quot;:12,&quot;category&quot;:{&quot;id&quot;:1,&quot;name&quot;:&quot;string&quot;},&quot;name&quot;:&quot;doggie&quot;,&quot;photoUrls&quot;:[&quot;string&quot;],&quot;tags&quot;:[{&quot;id&quot;:1,&quot;name&quot;:&quot;string&quot;}],&quot;status&quot;:&quot;available&quot;},{&quot;id&quot;:1245,&quot;category&quot;:{&quot;id&quot;:1245,&quot;name&quot;:&quot;xyz&quot;},&quot;name&quot;:&quot;xyz&quot;,&quot;photoUrls&quot;:[&quot;test&quot;],&quot;tags&quot;:[],&quot;status&quot;:&quot;available&quot;},{&quot;id&quot;:9223372036854018230,&quot;category&quot;:{&quot;id&quot;:0,&quot;name&quot;:&quot;string&quot;},&quot;name&quot;:&quot;doggie&quot;,&quot;photoUrls&quot;:[&quot;string&quot;],&quot;tags&quot;:[{&quot;id&quot;:0,&quot;name&quot;:&quot;string&quot;}],&quot;status&quot;:&quot;available&quot;},{&quot;id&quot;:9223372036854018231,&quot;category&quot;:{&quot;id&quot;:0,&quot;name&quot;:&quot;string&quot;},&quot;name&quot;:&quot;fish&quot;,&quot;photoUrls&quot;:[&quot;string&quot;],&quot;tags&quot;:[{&quot;id&quot;:0,&quot;name&quot;:&quot;string&quot;}],&quot;status&quot;:&quot;available&quot;},{&quot;id&quot;:9223372036854018233,&quot;category&quot;:{&quot;id&quot;:0,&quot;name&quot;:&quot;Jerry&quot;},&quot;name&quot;:&quot;Mouse&quot;,&quot;photoUrls&quot;:[&quot;string&quot;],&quot;tags&quot;:[{&quot;id&quot;:0,&quot;name&quot;:&quot;Mouse&quot;}],&quot;status&quot;:&quot;available&quot;},{&quot;id&quot;:9223372036854018234,&quot;category&quot;:{&quot;id&quot;:0,&quot;name&quot;:&quot;string&quot;},&quot;name&quot;:&quot;Puff&quot;,&quot;photoUrls&quot;:[&quot;string&quot;],&quot;tags&quot;:[{&quot;id&quot;:0,&quot;name&quot;:&quot;string&quot;}],&quot;status&quot;:&quot;available&quot;},{&quot;id&quot;:9223372036854018237,&quot;category&quot;:{&quot;id&quot;:0,&quot;name&quot;:&quot;string&quot;},&quot;name&quot;:&quot;fish&quot;,&quot;photoUrls&quot;:[&quot;string&quot;],&quot;tags&quot;:[{&quot;id&quot;:0,&quot;name&quot;:&quot;string&quot;}],&quot;status&quot;:&quot;available&quot;},{&quot;id&quot;:9223372036854018281,&quot;category&quot;:{&quot;id&quot;:0,&quot;name&quot;:&quot;string&quot;},&quot;name&quot;:&quot;doggie&quot;,&quot;photoUrls&quot;:[&quot;string&quot;],&quot;tags&quot;:[{&quot;id&quot;:0,&quot;name&quot;:&quot;string&quot;}],&quot;status&quot;:&quot;available&quot;},{&quot;id&quot;:9223372036854018285,&quot;category&quot;:{&quot;id&quot;:0,&quot;name&quot;:&quot;string&quot;},&quot;name&quot;:&quot;fish&quot;,&quot;photoUrls&quot;:[&quot;string&quot;],&quot;tags&quot;:[{&quot;id&quot;:0,&quot;name&quot;:&quot;string&quot;}],&quot;status&quot;:&quot;available&quot;},{&quot;id&quot;:9223372036854018300,&quot;category&quot;:{&quot;id&quot;:0,&quot;name&quot;:&quot;string&quot;},&quot;name&quot;:&quot;fish&quot;,&quot;photoUrls&quot;:[&quot;string&quot;],&quot;tags&quot;:[{&quot;id&quot;:0,&quot;name&quot;:&quot;string&quot;}],&quot;status&quot;:&quot;available&quot;},{&quot;id&quot;:105,&quot;category&quot;:{&quot;id&quot;:0,&quot;name&quot;:&quot;string&quot;},&quot;name&quot;:&quot;cat&quot;,&quot;photoUrls&quot;:[&quot;string&quot;],&quot;tags&quot;:[{&quot;id&quot;:0,&quot;name&quot;:&quot;string&quot;}],&quot;status&quot;:&quot;available&quot;},{&quot;id&quot;:9223372036854018301,&quot;category&quot;:{&quot;id&quot;:0,&quot;name&quot;:&quot;string&quot;},&quot;name&quot;:&quot;fish&quot;,&quot;photoUrls&quot;:[&quot;string&quot;],&quot;tags&quot;:[{&quot;id&quot;:0,&quot;name&quot;:&quot;string&quot;}],&quot;status&quot;:&quot;available&quot;},{&quot;id&quot;:9223372036854018304,&quot;category&quot;:{&quot;id&quot;:0,&quot;name&quot;:&quot;string&quot;},&quot;name&quot;:&quot;Puff&quot;,&quot;photoUrls&quot;:[&quot;string&quot;],&quot;tags&quot;:[{&quot;id&quot;:0,&quot;name&quot;:&quot;string&quot;}],&quot;status&quot;:&quot;available&quot;},{&quot;id&quot;:9223372036854018313,&quot;category&quot;:{&quot;id&quot;:0,&quot;name&quot;:&quot;string&quot;},&quot;name&quot;:&quot;doggie 2&quot;,&quot;photoUrls&quot;:[&quot;string&quot;],&quot;tags&quot;:[{&quot;id&quot;:0,&quot;name&quot;:&quot;string&quot;}],&quot;status&quot;:&quot;available&quot;},{&quot;id&quot;:9223372036854018314,&quot;category&quot;:{&quot;id&quot;:0,&quot;name&quot;:&quot;string&quot;},&quot;name&quot;:&quot;fish&quot;,&quot;photoUrls&quot;:[&quot;string&quot;],&quot;tags&quot;:[{&quot;id&quot;:0,&quot;name&quot;:&quot;string&quot;}],&quot;status&quot;:&quot;available&quot;},{&quot;id&quot;:9223372036854018317,&quot;category&quot;:{&quot;id&quot;:0,&quot;name&quot;:&quot;string&quot;},&quot;name&quot;:&quot;doggie&quot;,&quot;photoUrls&quot;:[&quot;string&quot;],&quot;tags&quot;:[{&quot;id&quot;:0,&quot;name&quot;:&quot;string&quot;}],&quot;status&quot;:&quot;available&quot;},{&quot;id&quot;:9223372036854018318,&quot;category&quot;:{&quot;id&quot;:0,&quot;name&quot;:&quot;string&quot;},&quot;name&quot;:&quot;fish&quot;,&quot;photoUrls&quot;:[&quot;string&quot;],&quot;tags&quot;:[{&quot;id&quot;:0,&quot;name&quot;:&quot;string&quot;}],&quot;status&quot;:&quot;available&quot;},{&quot;id&quot;:9223372036854018319,&quot;category&quot;:{&quot;id&quot;:0,&quot;name&quot;:&quot;string&quot;},&quot;name&quot;:&quot;fish&quot;,&quot;photoUrls&quot;:[&quot;string&quot;],&quot;tags&quot;:[{&quot;id&quot;:0,&quot;name&quot;:&quot;string&quot;}],&quot;status&quot;:&quot;available&quot;},{&quot;id&quot;:9223372036854018322,&quot;category&quot;:{&quot;id&quot;:0,&quot;name&quot;:&quot;string&quot;},&quot;name&quot;:&quot;fish&quot;,&quot;photoUrls&quot;:[&quot;string&quot;],&quot;tags&quot;:[{&quot;id&quot;:0,&quot;name&quot;:&quot;string&quot;}],&quot;status&quot;:&quot;available&quot;},{&quot;id&quot;:49499,&quot;category&quot;:{&quot;id&quot;:0,&quot;name&quot;:&quot;string&quot;},&quot;name&quot;:&quot;Labrador&quot;,&quot;photoUrls&quot;:[&quot;string&quot;],&quot;tags&quot;:[{&quot;id&quot;:0,&quot;name&quot;:&quot;string&quot;}],&quot;status&quot;:&quot;available&quot;},{&quot;id&quot;:9223372036854018336,&quot;category&quot;:{&quot;id&quot;:0,&quot;name&quot;:&quot;string&quot;},&quot;name&quot;:&quot;doggie 2&quot;,&quot;photoUrls&quot;:[&quot;string&quot;],&quot;tags&quot;:[{&quot;id&quot;:0,&quot;name&quot;:&quot;string&quot;}],&quot;status&quot;:&quot;available&quot;},{&quot;id&quot;:9223372036854018342,&quot;category&quot;:{&quot;id&quot;:0,&quot;name&quot;:&quot;string&quot;},&quot;name&quot;:&quot;doggie&quot;,&quot;photoUrls&quot;:[&quot;string&quot;],&quot;tags&quot;:[{&quot;id&quot;:0,&quot;name&quot;:&quot;string&quot;}],&quot;status&quot;:&quot;available&quot;},{&quot;id&quot;:9223372036854018343,&quot;category&quot;:{&quot;id&quot;:0,&quot;name&quot;:&quot;string&quot;},&quot;name&quot;:&quot;fish&quot;,&quot;photoUrls&quot;:[&quot;string&quot;],&quot;tags&quot;:[{&quot;id&quot;:0,&quot;name&quot;:&quot;string&quot;}],&quot;status&quot;:&quot;available&quot;},{&quot;id&quot;:9223372036854018345,&quot;category&quot;:{&quot;id&quot;:0,&quot;name&quot;:&quot;string&quot;},&quot;name&quot;:&quot;Puff&quot;,&quot;photoUrls&quot;:[&quot;string&quot;],&quot;tags&quot;:[{&quot;id&quot;:0,&quot;name&quot;:&quot;string&quot;}],&quot;status&quot;:&quot;available&quot;},{&quot;id&quot;:9223372036854018349,&quot;name&quot;:&quot;doggie&quot;,&quot;photoUrls&quot;:[],&quot;tags&quot;:[],&quot;status&quot;:&quot;available&quot;},{&quot;id&quot;:9223372036854018350,&quot;name&quot;:&quot;doggie&quot;,&quot;photoUrls&quot;:[],&quot;tags&quot;:[],&quot;status&quot;:&quot;available&quot;},{&quot;id&quot;:9223372036854018353,&quot;category&quot;:{&quot;id&quot;:0,&quot;name&quot;:&quot;string&quot;},&quot;name&quot;:&quot;fish&quot;,&quot;photoUrls&quot;:[&quot;string&quot;],&quot;tags&quot;:[{&quot;id&quot;:0,&quot;name&quot;:&quot;string&quot;}],&quot;status&quot;:&quot;available&quot;},{&quot;id&quot;:9223372036854018360,&quot;category&quot;:{&quot;id&quot;:0,&quot;name&quot;:&quot;string&quot;},&quot;name&quot;:&quot;fish&quot;,&quot;photoUrls&quot;:[&quot;string&quot;],&quot;tags&quot;:[{&quot;id&quot;:0,&quot;name&quot;:&quot;string&quot;}],&quot;status&quot;:&quot;available&quot;},{&quot;id&quot;:9223372036854018369,&quot;name&quot;:&quot;Kitty&quot;,&quot;photoUrls&quot;:[],&quot;tags&quot;:[],&quot;status&quot;:&quot;available&quot;},{&quot;id&quot;:9223372036854018376,&quot;category&quot;:{&quot;id&quot;:0,&quot;name&quot;:&quot;Dog&quot;},&quot;name&quot;:&quot;tommy&quot;,&quot;photoUrls&quot;:[&quot;string&quot;],&quot;tags&quot;:[{&quot;id&quot;:0,&quot;name&quot;:&quot;string&quot;}],&quot;status&quot;:&quot;available&quot;},{&quot;id&quot;:9223372036854018383,&quot;category&quot;:{&quot;id&quot;:0,&quot;name&quot;:&quot;string&quot;},&quot;name&quot;:&quot;fish&quot;,&quot;photoUrls&quot;:[&quot;string&quot;],&quot;tags&quot;:[{&quot;id&quot;:0,&quot;name&quot;:&quot;string&quot;}],&quot;status&quot;:&quot;available&quot;},{&quot;id&quot;:9223372036854018394,&quot;category&quot;:{&quot;id&quot;:0,&quot;name&quot;:&quot;string&quot;},&quot;name&quot;:&quot;fish&quot;,&quot;photoUrls&quot;:[&quot;string&quot;],&quot;tags&quot;:[{&quot;id&quot;:0,&quot;name&quot;:&quot;string&quot;}],&quot;status&quot;:&quot;available&quot;},{&quot;id&quot;:9223372036854018397,&quot;category&quot;:{&quot;id&quot;:0,&quot;name&quot;:&quot;string&quot;},&quot;name&quot;:&quot;Puff&quot;,&quot;photoUrls&quot;:[&quot;string&quot;],&quot;tags&quot;:[{&quot;id&quot;:0,&quot;name&quot;:&quot;string&quot;}],&quot;status&quot;:&quot;available&quot;},{&quot;id&quot;:9223372036854018401,&quot;name&quot;:&quot;Kitty&quot;,&quot;photoUrls&quot;:[],&quot;tags&quot;:[],&quot;status&quot;:&quot;available&quot;},{&quot;id&quot;:9223372036854018407,&quot;category&quot;:{&quot;id&quot;:0,&quot;name&quot;:&quot;string&quot;},&quot;name&quot;:&quot;fish&quot;,&quot;photoUrls&quot;:[&quot;string&quot;],&quot;tags&quot;:[{&quot;id&quot;:0,&quot;name&quot;:&quot;string&quot;}],&quot;status&quot;:&quot;available&quot;},{&quot;id&quot;:9223372036854018408,&quot;category&quot;:{&quot;id&quot;:0,&quot;name&quot;:&quot;string&quot;},&quot;name&quot;:&quot;fish&quot;,&quot;photoUrls&quot;:[&quot;string&quot;],&quot;tags&quot;:[{&quot;id&quot;:0,&quot;name&quot;:&quot;string&quot;}],&quot;status&quot;:&quot;available&quot;},{&quot;id&quot;:9223372036854018409,&quot;category&quot;:{&quot;id&quot;:0,&quot;name&quot;:&quot;string&quot;},&quot;name&quot;:&quot;fish&quot;,&quot;photoUrls&quot;:[&quot;string&quot;],&quot;tags&quot;:[{&quot;id&quot;:0,&quot;name&quot;:&quot;string&quot;}],&quot;status&quot;:&quot;available&quot;},{&quot;id&quot;:9999,&quot;category&quot;:{&quot;id&quot;:0,&quot;name&quot;:&quot;dog&quot;},&quot;name&quot;:&quot;doggie testit&quot;,&quot;photoUrls&quot;:[&quot;string&quot;],&quot;tags&quot;:[{&quot;id&quot;:0,&quot;name&quot;:&quot;string&quot;}],&quot;status&quot;:&quot;available&quot;},{&quot;id&quot;:9223372036854018432,&quot;category&quot;:{&quot;id&quot;:0,&quot;name&quot;:&quot;string&quot;},&quot;name&quot;:&quot;doggie&quot;,&quot;photoUrls&quot;:[&quot;string&quot;],&quot;tags&quot;:[{&quot;id&quot;:0,&quot;name&quot;:&quot;string&quot;}],&quot;status&quot;:&quot;available&quot;},{&quot;id&quot;:9223372036854018433,&quot;category&quot;:{&quot;id&quot;:0,&quot;name&quot;:&quot;string&quot;},&quot;name&quot;:&quot;fish&quot;,&quot;photoUrls&quot;:[&quot;string&quot;],&quot;tags&quot;:[{&quot;id&quot;:0,&quot;name&quot;:&quot;string&quot;}],&quot;status&quot;:&quot;available&quot;},{&quot;id&quot;:9223372036854018434,&quot;category&quot;:{&quot;id&quot;:0,&quot;name&quot;:&quot;string&quot;},&quot;name&quot;:&quot;doggie&quot;,&quot;photoUrls&quot;:[&quot;string&quot;],&quot;tags&quot;:[{&quot;id&quot;:0,&quot;name&quot;:&quot;string&quot;}],&quot;status&quot;:&quot;available&quot;},{&quot;id&quot;:9223372036854018436,&quot;category&quot;:{&quot;id&quot;:0,&quot;name&quot;:&quot;string&quot;},&quot;name&quot;:&quot;Puff&quot;,&quot;photoUrls&quot;:[&quot;string&quot;],&quot;tags&quot;:[{&quot;id&quot;:0,&quot;name&quot;:&quot;string&quot;}],&quot;status&quot;:&quot;available&quot;},{&quot;id&quot;:9223372036854018443,&quot;category&quot;:{&quot;id&quot;:0,&quot;name&quot;:&quot;string&quot;},&quot;name&quot;:&quot;fish&quot;,&quot;photoUrls&quot;:[&quot;string&quot;],&quot;tags&quot;:[{&quot;id&quot;:0,&quot;name&quot;:&quot;string&quot;}],&quot;status&quot;:&quot;available&quot;},{&quot;id&quot;:9223372036854018447,&quot;category&quot;:{&quot;id&quot;:0,&quot;name&quot;:&quot;string&quot;},&quot;name&quot;:&quot;test&quot;,&quot;photoUrls&quot;:[&quot;string&quot;],&quot;tags&quot;:[{&quot;id&quot;:0,&quot;name&quot;:&quot;string&quot;}],&quot;status&quot;:&quot;available&quot;},{&quot;id&quot;:9223372036854018448,&quot;category&quot;:{&quot;id&quot;:0,&quot;name&quot;:&quot;string&quot;},&quot;name&quot;:&quot;test&quot;,&quot;photoUrls&quot;:[&quot;string&quot;],&quot;tags&quot;:[{&quot;id&quot;:0,&quot;name&quot;:&quot;string&quot;}],&quot;status&quot;:&quot;available&quot;},{&quot;id&quot;:9223372036854018449,&quot;category&quot;:{&quot;id&quot;:0,&quot;name&quot;:&quot;string&quot;},&quot;name&quot;:&quot;test&quot;,&quot;photoUrls&quot;:[&quot;string&quot;],&quot;tags&quot;:[{&quot;id&quot;:0,&quot;name&quot;:&quot;string&quot;}],&quot;status&quot;:&quot;available&quot;},{&quot;id&quot;:9223372036854018452,&quot;category&quot;:{&quot;id&quot;:0,&quot;name&quot;:&quot;string&quot;},&quot;name&quot;:&quot;fish&quot;,&quot;photoUrls&quot;:[&quot;string&quot;],&quot;tags&quot;:[{&quot;id&quot;:0,&quot;name&quot;:&quot;string&quot;}],&quot;status&quot;:&quot;available&quot;},{&quot;id&quot;:9223372036854018480,&quot;category&quot;:{&quot;id&quot;:0,&quot;name&quot;:&quot;wild_animal&quot;},&quot;name&quot;:&quot;fish&quot;,&quot;photoUrls&quot;:[&quot;string&quot;],&quot;tags&quot;:[{&quot;id&quot;:0,&quot;name&quot;:&quot;string&quot;}],&quot;status&quot;:&quot;available&quot;},{&quot;id&quot;:9223372036854018481,&quot;category&quot;:{&quot;id&quot;:0,&quot;name&quot;:&quot;wild_animal2&quot;},&quot;name&quot;:&quot;fish&quot;,&quot;photoUrls&quot;:[&quot;string&quot;],&quot;tags&quot;:[{&quot;id&quot;:0,&quot;name&quot;:&quot;string&quot;}],&quot;status&quot;:&quot;available&quot;},{&quot;id&quot;:9223372036854018482,&quot;category&quot;:{&quot;id&quot;:0,&quot;name&quot;:&quot;wild_animal3&quot;},&quot;name&quot;:&quot;fish&quot;,&quot;photoUrls&quot;:[&quot;string&quot;],&quot;tags&quot;:[{&quot;id&quot;:0,&quot;name&quot;:&quot;string&quot;}],&quot;status&quot;:&quot;available&quot;},{&quot;id&quot;:9223372036854018483,&quot;category&quot;:{&quot;id&quot;:0,&quot;name&quot;:&quot;wild_animal4&quot;},&quot;name&quot;:&quot;fish&quot;,&quot;photoUrls&quot;:[&quot;string&quot;],&quot;tags&quot;:[{&quot;id&quot;:0,&quot;name&quot;:&quot;string&quot;}],&quot;status&quot;:&quot;available&quot;},{&quot;id&quot;:9223372036854018484,&quot;category&quot;:{&quot;id&quot;:0,&quot;name&quot;:&quot;wild_animal5&quot;},&quot;name&quot;:&quot;fish&quot;,&quot;photoUrls&quot;:[&quot;string&quot;],&quot;tags&quot;:[{&quot;id&quot;:0,&quot;name&quot;:&quot;string&quot;}],&quot;status&quot;:&quot;available&quot;},{&quot;id&quot;:9223372036854018515,&quot;category&quot;:{&quot;id&quot;:0},&quot;name&quot;:&quot;doggie&quot;,&quot;photoUrls&quot;:[&quot;cK0e&quot;],&quot;tags&quot;:[],&quot;status&quot;:&quot;available&quot;},{&quot;id&quot;:9223372036854018517,&quot;name&quot;:&quot;doggie&quot;,&quot;photoUrls&quot;:[&quot;cK0e&quot;],&quot;tags&quot;:[{&quot;id&quot;:8}],&quot;status&quot;:&quot;available&quot;},{&quot;id&quot;:9223372036854018524,&quot;name&quot;:&quot;TEST_CAT&quot;,&quot;photoUrls&quot;:[],&quot;tags&quot;:[],&quot;status&quot;:&quot;available&quot;},{&quot;id&quot;:9223372036854018527,&quot;category&quot;:{&quot;id&quot;:0,&quot;name&quot;:&quot;string&quot;},&quot;name&quot;:&quot;fish&quot;,&quot;photoUrls&quot;:[&quot;string&quot;],&quot;tags&quot;:[{&quot;id&quot;:0,&quot;name&quot;:&quot;string&quot;}],&quot;status&quot;:&quot;available&quot;},{&quot;id&quot;:9223372036854018549,&quot;category&quot;:{&quot;id&quot;:0,&quot;name&quot;:&quot;string&quot;},&quot;name&quot;:&quot;fish&quot;,&quot;photoUrls&quot;:[&quot;string&quot;],&quot;tags&quot;:[{&quot;id&quot;:0,&quot;name&quot;:&quot;string&quot;}],&quot;status&quot;:&quot;available&quot;},{&quot;id&quot;:9223372036854018550,&quot;category&quot;:{&quot;id&quot;:0,&quot;name&quot;:&quot;string&quot;},&quot;name&quot;:&quot;fish&quot;,&quot;photoUrls&quot;:[&quot;string&quot;],&quot;tags&quot;:[{&quot;id&quot;:0,&quot;name&quot;:&quot;string&quot;}],&quot;status&quot;:&quot;available&quot;},{&quot;id&quot;:9223372036854018552,&quot;category&quot;:{&quot;id&quot;:0,&quot;name&quot;:&quot;string&quot;},&quot;name&quot;:&quot;Puff&quot;,&quot;photoUrls&quot;:[&quot;string&quot;],&quot;tags&quot;:[{&quot;id&quot;:0,&quot;name&quot;:&quot;string&quot;}],&quot;status&quot;:&quot;available&quot;},{&quot;id&quot;:1835,&quot;category&quot;:{&quot;id&quot;:18,&quot;name&quot;:&quot;string&quot;},&quot;name&quot;:&quot;doggie&quot;,&quot;photoUrls&quot;:[&quot;string&quot;],&quot;tags&quot;:[{&quot;id&quot;:12,&quot;name&quot;:&quot;string&quot;}],&quot;status&quot;:&quot;available&quot;},{&quot;id&quot;:9223372036854018564,&quot;category&quot;:{&quot;id&quot;:0,&quot;name&quot;:&quot;string&quot;},&quot;name&quot;:&quot;fish&quot;,&quot;photoUrls&quot;:[&quot;string&quot;],&quot;tags&quot;:[{&quot;id&quot;:0,&quot;name&quot;:&quot;string&quot;}],&quot;status&quot;:&quot;available&quot;},{&quot;id&quot;:9223372036854018567,&quot;category&quot;:{&quot;id&quot;:0,&quot;name&quot;:&quot;string&quot;},&quot;name&quot;:&quot;fish&quot;,&quot;photoUrls&quot;:[&quot;string&quot;],&quot;tags&quot;:[{&quot;id&quot;:0,&quot;name&quot;:&quot;string&quot;}],&quot;status&quot;:&quot;available&quot;},{&quot;id&quot;:9223372036854018568,&quot;category&quot;:{&quot;id&quot;:0,&quot;name&quot;:&quot;string&quot;},&quot;name&quot;:&quot;fish&quot;,&quot;photoUrls&quot;:[&quot;string&quot;],&quot;tags&quot;:[{&quot;id&quot;:0,&quot;name&quot;:&quot;string&quot;}],&quot;status&quot;:&quot;available&quot;},{&quot;id&quot;:9223372036854018569,&quot;category&quot;:{&quot;id&quot;:0,&quot;name&quot;:&quot;string&quot;},&quot;name&quot;:&quot;doggie&quot;,&quot;photoUrls&quot;:[&quot;string&quot;],&quot;tags&quot;:[{&quot;id&quot;:0,&quot;name&quot;:&quot;string&quot;}],&quot;status&quot;:&quot;available&quot;},{&quot;id&quot;:9223372036854018581,&quot;category&quot;:{&quot;id&quot;:0,&quot;name&quot;:&quot;string&quot;},&quot;name&quot;:&quot;doggie&quot;,&quot;photoUrls&quot;:[&quot;string&quot;],&quot;tags&quot;:[{&quot;id&quot;:0,&quot;name&quot;:&quot;string&quot;}],&quot;status&quot;:&quot;available&quot;},{&quot;id&quot;:9223372036854018584,&quot;category&quot;:{&quot;id&quot;:0,&quot;name&quot;:&quot;string&quot;},&quot;name&quot;:&quot;doggie&quot;,&quot;photoUrls&quot;:[&quot;string&quot;],&quot;tags&quot;:[{&quot;id&quot;:0,&quot;name&quot;:&quot;string&quot;}],&quot;status&quot;:&quot;available&quot;},{&quot;id&quot;:9223372036854018600,&quot;category&quot;:{&quot;id&quot;:0,&quot;name&quot;:&quot;string&quot;},&quot;name&quot;:&quot;cat&quot;,&quot;photoUrls&quot;:[&quot;string&quot;],&quot;tags&quot;:[{&quot;id&quot;:0,&quot;name&quot;:&quot;string&quot;}],&quot;status&quot;:&quot;available&quot;},{&quot;id&quot;:9223372036854018601,&quot;category&quot;:{&quot;id&quot;:0,&quot;name&quot;:&quot;string&quot;},&quot;name&quot;:&quot;doggie&quot;,&quot;photoUrls&quot;:[&quot;string&quot;],&quot;tags&quot;:[{&quot;id&quot;:0,&quot;name&quot;:&quot;string&quot;}],&quot;status&quot;:&quot;available&quot;},{&quot;id&quot;:120,&quot;category&quot;:{&quot;id&quot;:0,&quot;name&quot;:&quot;oleksii new&quot;},&quot;name&quot;:&quot;doggie new&quot;,&quot;photoUrls&quot;:[&quot;string&quot;],&quot;tags&quot;:[{&quot;id&quot;:0,&quot;name&quot;:&quot;string&quot;}],&quot;status&quot;:&quot;available&quot;},{&quot;id&quot;:9223372036854018606,&quot;category&quot;:{&quot;id&quot;:0,&quot;name&quot;:&quot;string&quot;},&quot;name&quot;:&quot;fish&quot;,&quot;photoUrls&quot;:[&quot;string&quot;],&quot;tags&quot;:[{&quot;id&quot;:0,&quot;name&quot;:&quot;string&quot;}],&quot;status&quot;:&quot;available&quot;},{&quot;id&quot;:9223372036854018607,&quot;category&quot;:{&quot;id&quot;:0,&quot;name&quot;:&quot;russian&quot;},&quot;name&quot;:&quot;pig&quot;,&quot;photoUrls&quot;:[&quot;string&quot;],&quot;tags&quot;:[{&quot;id&quot;:0,&quot;name&quot;:&quot;string&quot;}],&quot;status&quot;:&quot;available&quot;},{&quot;id&quot;:9223372036854018608,&quot;category&quot;:{&quot;id&quot;:0,&quot;name&quot;:&quot;string&quot;},&quot;name&quot;:&quot;doggie&quot;,&quot;photoUrls&quot;:[&quot;string&quot;],&quot;tags&quot;:[{&quot;id&quot;:0,&quot;name&quot;:&quot;string&quot;}],&quot;status&quot;:&quot;available&quot;},{&quot;id&quot;:9223372036854018609,&quot;category&quot;:{&quot;id&quot;:0,&quot;name&quot;:&quot;string&quot;},&quot;name&quot;:&quot;Puff&quot;,&quot;photoUrls&quot;:[&quot;string&quot;],&quot;tags&quot;:[{&quot;id&quot;:0,&quot;name&quot;:&quot;string&quot;}],&quot;status&quot;:&quot;available&quot;},{&quot;id&quot;:9223372036854018612,&quot;category&quot;:{&quot;id&quot;:0,&quot;name&quot;:&quot;string&quot;},&quot;name&quot;:&quot;cat&quot;,&quot;photoUrls&quot;:[&quot;https://klike.net/uploads/posts/2023-01/1675061232_3-62.jpg&quot;],&quot;tags&quot;:[{&quot;id&quot;:0,&quot;name&quot;:&quot;string&quot;}],&quot;status&quot;:&quot;available&quot;},{&quot;id&quot;:9223372036854018613,&quot;category&quot;:{&quot;id&quot;:0,&quot;name&quot;:&quot;string&quot;},&quot;name&quot;:&quot;doggie&quot;,&quot;photoUrls&quot;:[&quot;string&quot;],&quot;tags&quot;:[{&quot;id&quot;:0,&quot;name&quot;:&quot;string&quot;}],&quot;status&quot;:&quot;available&quot;},{&quot;id&quot;:9223372036854018614,&quot;category&quot;:{&quot;id&quot;:0,&quot;name&quot;:&quot;string&quot;},&quot;name&quot;:&quot;morce&quot;,&quot;photoUrls&quot;:[&quot;string&quot;],&quot;tags&quot;:[{&quot;id&quot;:0,&quot;name&quot;:&quot;string&quot;}],&quot;status&quot;:&quot;available&quot;},{&quot;id&quot;:11712002,&quot;category&quot;:{&quot;id&quot;:0,&quot;name&quot;:&quot;scotish&quot;},&quot;name&quot;:&quot;uskup&quot;,&quot;photoUrls&quot;:[&quot;string&quot;],&quot;tags&quot;:[{&quot;id&quot;:0,&quot;name&quot;:&quot;string&quot;}],&quot;status&quot;:&quot;available&quot;},{&quot;id&quot;:9223372036854018616,&quot;category&quot;:{&quot;id&quot;:0,&quot;name&quot;:&quot;string&quot;},&quot;name&quot;:&quot;fish&quot;,&quot;photoUrls&quot;:[&quot;string&quot;],&quot;tags&quot;:[{&quot;id&quot;:0,&quot;name&quot;:&quot;string&quot;}],&quot;status&quot;:&quot;available&quot;},{&quot;id&quot;:9223372036854018617,&quot;category&quot;:{&quot;id&quot;:0,&quot;name&quot;:&quot;alexqa&quot;},&quot;name&quot;:&quot;cat&quot;,&quot;photoUrls&quot;:[&quot;string&quot;],&quot;tags&quot;:[{&quot;id&quot;:0,&quot;name&quot;:&quot;string&quot;}],&quot;status&quot;:&quot;available&quot;},{&quot;id&quot;:9223372036854018618,&quot;category&quot;:{&quot;id&quot;:0,&quot;name&quot;:&quot;sophia&quot;},&quot;name&quot;:&quot;cat&quot;,&quot;photoUrls&quot;:[&quot;string&quot;],&quot;tags&quot;:[{&quot;id&quot;:0,&quot;name&quot;:&quot;string&quot;}],&quot;status&quot;:&quot;available&quot;},{&quot;id&quot;:9223372036854018626,&quot;category&quot;:{&quot;id&quot;:0,&quot;name&quot;:&quot;sophia&quot;},&quot;name&quot;:&quot;cat&quot;,&quot;photoUrls&quot;:[&quot;string&quot;],&quot;tags&quot;:[{&quot;id&quot;:0,&quot;name&quot;:&quot;string&quot;}],&quot;status&quot;:&quot;available&quot;},{&quot;id&quot;:420,&quot;category&quot;:{&quot;id&quot;:42,&quot;name&quot;:&quot;Chihuahua&quot;},&quot;name&quot;:&quot;PasBre&quot;,&quot;photoUrls&quot;:[&quot;string&quot;],&quot;tags&quot;:[{&quot;id&quot;:0,&quot;name&quot;:&quot;string&quot;}],&quot;status&quot;:&quot;available&quot;},{&quot;id&quot;:9223372036854018630,&quot;category&quot;:{&quot;id&quot;:29217671,&quot;name&quot;:&quot;Mikilandzelo&quot;},&quot;name&quot;:&quot;Turtle&quot;,&quot;photoUrls&quot;:[&quot;ea dolor ipsum nisi&quot;,&quot;Duis&quot;],&quot;tags&quot;:[{&quot;id&quot;:98727158,&quot;name&quot;:&quot;la&quot;},{&quot;id&quot;:17957877,&quot;name&quot;:&quot;Excepteur fugiat elit&quot;}],&quot;status&quot;:&quot;available&quot;},{&quot;id&quot;:9223372036854018631,&quot;category&quot;:{&quot;id&quot;:0,&quot;name&quot;:&quot;string&quot;},&quot;name&quot;:&quot;fish&quot;,&quot;photoUrls&quot;:[&quot;string&quot;],&quot;tags&quot;:[{&quot;id&quot;:0,&quot;name&quot;:&quot;string&quot;}],&quot;status&quot;:&quot;available&quot;},{&quot;id&quot;:9223372036854018636,&quot;category&quot;:{&quot;id&quot;:0,&quot;name&quot;:&quot;string&quot;},&quot;name&quot;:&quot;doggie&quot;,&quot;photoUrls&quot;:[&quot;string&quot;],&quot;tags&quot;:[{&quot;id&quot;:0,&quot;name&quot;:&quot;string&quot;}],&quot;status&quot;:&quot;available&quot;},{&quot;id&quot;:9223372036854018643,&quot;name&quot;:&quot;Jimmy&quot;,&quot;photoUrls&quot;:[&quot;string&quot;],&quot;tags&quot;:[],&quot;status&quot;:&quot;available&quot;},{&quot;id&quot;:9223372036854018659,&quot;category&quot;:{&quot;id&quot;:0,&quot;name&quot;:&quot;string&quot;},&quot;name&quot;:&quot;doggie&quot;,&quot;photoUrls&quot;:[&quot;string&quot;],&quot;tags&quot;:[{&quot;id&quot;:0,&quot;name&quot;:&quot;string&quot;}],&quot;status&quot;:&quot;available&quot;},{&quot;id&quot;:9223372036854018673,&quot;category&quot;:{&quot;id&quot;:0,&quot;name&quot;:&quot;string&quot;},&quot;name&quot;:&quot;fish&quot;,&quot;photoUrls&quot;:[&quot;string&quot;],&quot;tags&quot;:[{&quot;id&quot;:0,&quot;name&quot;:&quot;string&quot;}],&quot;status&quot;:&quot;available&quot;},{&quot;id&quot;:9223372036854018683,&quot;category&quot;:{&quot;id&quot;:0,&quot;name&quot;:&quot;string&quot;},&quot;name&quot;:&quot;fish&quot;,&quot;photoUrls&quot;:[&quot;string&quot;],&quot;tags&quot;:[{&quot;id&quot;:0,&quot;name&quot;:&quot;string&quot;}],&quot;status&quot;:&quot;available&quot;},{&quot;id&quot;:9223372036854018686,&quot;category&quot;:{&quot;id&quot;:0,&quot;name&quot;:&quot;string&quot;},&quot;name&quot;:&quot;fish&quot;,&quot;photoUrls&quot;:[&quot;string&quot;],&quot;tags&quot;:[{&quot;id&quot;:0,&quot;name&quot;:&quot;string&quot;}],&quot;status&quot;:&quot;available&quot;},{&quot;id&quot;:9223372036854018689,&quot;category&quot;:{&quot;id&quot;:0,&quot;name&quot;:&quot;string&quot;},&quot;name&quot;:&quot;Puff&quot;,&quot;photoUrls&quot;:[&quot;string&quot;],&quot;tags&quot;:[{&quot;id&quot;:0,&quot;name&quot;:&quot;string&quot;}],&quot;status&quot;:&quot;available&quot;},{&quot;id&quot;:9223372036854018700,&quot;category&quot;:{&quot;id&quot;:0,&quot;name&quot;:&quot;string&quot;},&quot;name&quot;:&quot;fish&quot;,&quot;photoUrls&quot;:[&quot;string&quot;],&quot;tags&quot;:[{&quot;id&quot;:0,&quot;name&quot;:&quot;string&quot;}],&quot;status&quot;:&quot;available&quot;},{&quot;id&quot;:9223372036854018703,&quot;category&quot;:{&quot;id&quot;:0,&quot;name&quot;:&quot;string&quot;},&quot;name&quot;:&quot;fish&quot;,&quot;photoUrls&quot;:[&quot;string&quot;],&quot;tags&quot;:[{&quot;id&quot;:0,&quot;name&quot;:&quot;string&quot;}],&quot;status&quot;:&quot;available&quot;},{&quot;id&quot;:9223372036854018704,&quot;category&quot;:{&quot;id&quot;:0,&quot;name&quot;:&quot;string&quot;},&quot;name&quot;:&quot;fish&quot;,&quot;photoUrls&quot;:[&quot;string&quot;],&quot;tags&quot;:[{&quot;id&quot;:0,&quot;name&quot;:&quot;string&quot;}],&quot;status&quot;:&quot;available&quot;},{&quot;id&quot;:9223372036854018705,&quot;category&quot;:{&quot;id&quot;:0,&quot;name&quot;:&quot;string&quot;},&quot;name&quot;:&quot;fish&quot;,&quot;photoUrls&quot;:[&quot;string&quot;],&quot;tags&quot;:[{&quot;id&quot;:0,&quot;name&quot;:&quot;string&quot;}],&quot;status&quot;:&quot;available&quot;},{&quot;id&quot;:9223372036854018708,&quot;category&quot;:{&quot;id&quot;:0,&quot;name&quot;:&quot;string&quot;},&quot;name&quot;:&quot;doggie&quot;,&quot;photoUrls&quot;:[&quot;string&quot;],&quot;tags&quot;:[{&quot;id&quot;:0,&quot;name&quot;:&quot;string&quot;}],&quot;status&quot;:&quot;available&quot;},{&quot;id&quot;:9223372036854018711,&quot;category&quot;:{&quot;id&quot;:0,&quot;name&quot;:&quot;string&quot;},&quot;name&quot;:&quot;doggie&quot;,&quot;photoUrls&quot;:[&quot;string&quot;],&quot;tags&quot;:[{&quot;id&quot;:0,&quot;name&quot;:&quot;string&quot;}],&quot;status&quot;:&quot;available&quot;},{&quot;id&quot;:9223372036854018716,&quot;category&quot;:{&quot;id&quot;:0,&quot;name&quot;:&quot;string&quot;},&quot;name&quot;:&quot;cat&quot;,&quot;photoUrls&quot;:[&quot;string&quot;],&quot;tags&quot;:[{&quot;id&quot;:0,&quot;name&quot;:&quot;string&quot;}],&quot;status&quot;:&quot;available&quot;},{&quot;id&quot;:9223372036854018720,&quot;category&quot;:{&quot;id&quot;:0,&quot;name&quot;:&quot;string&quot;},&quot;name&quot;:&quot;test&quot;,&quot;photoUrls&quot;:[&quot;string&quot;],&quot;tags&quot;:[{&quot;id&quot;:0,&quot;name&quot;:&quot;string&quot;}],&quot;status&quot;:&quot;available&quot;},{&quot;id&quot;:9223372036854018731,&quot;category&quot;:{&quot;id&quot;:0,&quot;name&quot;:&quot;string&quot;},&quot;name&quot;:&quot;doggie&quot;,&quot;photoUrls&quot;:[&quot;string&quot;],&quot;tags&quot;:[{&quot;id&quot;:0,&quot;name&quot;:&quot;string&quot;}],&quot;status&quot;:&quot;available&quot;},{&quot;id&quot;:9223372036854018732,&quot;category&quot;:{&quot;id&quot;:0,&quot;name&quot;:&quot;string&quot;},&quot;name&quot;:&quot;fish&quot;,&quot;photoUrls&quot;:[&quot;string&quot;],&quot;tags&quot;:[{&quot;id&quot;:0,&quot;name&quot;:&quot;string&quot;}],&quot;status&quot;:&quot;available&quot;},{&quot;id&quot;:9223372036854018733,&quot;category&quot;:{&quot;id&quot;:0,&quot;name&quot;:&quot;string&quot;},&quot;name&quot;:&quot;fish&quot;,&quot;photoUrls&quot;:[&quot;string&quot;],&quot;tags&quot;:[{&quot;id&quot;:0,&quot;name&quot;:&quot;string&quot;}],&quot;status&quot;:&quot;available&quot;},{&quot;id&quot;:9223372036854018736,&quot;category&quot;:{&quot;id&quot;:0,&quot;name&quot;:&quot;string&quot;},&quot;name&quot;:&quot;Puff&quot;,&quot;photoUrls&quot;:[&quot;string&quot;],&quot;tags&quot;:[{&quot;id&quot;:0,&quot;name&quot;:&quot;string&quot;}],&quot;status&quot;:&quot;available&quot;},{&quot;id&quot;:9223372036854018739,&quot;category&quot;:{&quot;id&quot;:0,&quot;name&quot;:&quot;string&quot;},&quot;name&quot;:&quot;fish&quot;,&quot;photoUrls&quot;:[&quot;string&quot;],&quot;tags&quot;:[{&quot;id&quot;:0,&quot;name&quot;:&quot;string&quot;}],&quot;status&quot;:&quot;available&quot;},{&quot;id&quot;:9223372036854018745,&quot;category&quot;:{&quot;id&quot;:0,&quot;name&quot;:&quot;string&quot;},&quot;name&quot;:&quot;fish&quot;,&quot;photoUrls&quot;:[&quot;string&quot;],&quot;tags&quot;:[{&quot;id&quot;:0,&quot;name&quot;:&quot;string&quot;}],&quot;status&quot;:&quot;available&quot;},{&quot;id&quot;:9223372036854018766,&quot;category&quot;:{&quot;id&quot;:0,&quot;name&quot;:&quot;string&quot;},&quot;name&quot;:&quot;fish&quot;,&quot;photoUrls&quot;:[&quot;string&quot;],&quot;tags&quot;:[{&quot;id&quot;:0,&quot;name&quot;:&quot;string&quot;}],&quot;status&quot;:&quot;available&quot;},{&quot;id&quot;:9223372036854018768,&quot;category&quot;:{&quot;id&quot;:0,&quot;name&quot;:&quot;string&quot;},&quot;name&quot;:&quot;cat&quot;,&quot;photoUrls&quot;:[&quot;string&quot;],&quot;tags&quot;:[{&quot;id&quot;:0,&quot;name&quot;:&quot;string&quot;}],&quot;status&quot;:&quot;available&quot;},{&quot;id&quot;:9223372036854018772,&quot;category&quot;:{&quot;id&quot;:0,&quot;name&quot;:&quot;string&quot;},&quot;name&quot;:&quot;fish&quot;,&quot;photoUrls&quot;:[&quot;string&quot;],&quot;tags&quot;:[{&quot;id&quot;:0,&quot;name&quot;:&quot;string&quot;}],&quot;status&quot;:&quot;available&quot;},{&quot;id&quot;:9223372036854018773,&quot;category&quot;:{&quot;id&quot;:0,&quot;name&quot;:&quot;string&quot;},&quot;name&quot;:&quot;fish&quot;,&quot;photoUrls&quot;:[&quot;string&quot;],&quot;tags&quot;:[{&quot;id&quot;:0,&quot;name&quot;:&quot;string&quot;}],&quot;status&quot;:&quot;available&quot;},{&quot;id&quot;:9223372036854018776,&quot;category&quot;:{&quot;id&quot;:0,&quot;name&quot;:&quot;string&quot;},&quot;name&quot;:&quot;Puff&quot;,&quot;photoUrls&quot;:[&quot;string&quot;],&quot;tags&quot;:[{&quot;id&quot;:0,&quot;name&quot;:&quot;string&quot;}],&quot;status&quot;:&quot;available&quot;},{&quot;id&quot;:9223372036854018781,&quot;name&quot;:&quot;abcdefg&quot;,&quot;photoUrls&quot;:[],&quot;tags&quot;:[],&quot;status&quot;:&quot;available&quot;},{&quot;id&quot;:9223372036854018783,&quot;category&quot;:{&quot;id&quot;:0,&quot;name&quot;:&quot;string&quot;},&quot;name&quot;:&quot;doggie&quot;,&quot;photoUrls&quot;:[&quot;string&quot;],&quot;tags&quot;:[{&quot;id&quot;:0,&quot;name&quot;:&quot;string&quot;}],&quot;status&quot;:&quot;available&quot;},{&quot;id&quot;:9223372036854018785,&quot;category&quot;:{&quot;id&quot;:0,&quot;name&quot;:&quot;pet4&quot;},&quot;name&quot;:&quot;doggie4&quot;,&quot;photoUrls&quot;:[&quot;black4&quot;],&quot;tags&quot;:[{&quot;id&quot;:0,&quot;name&quot;:&quot;string&quot;}],&quot;status&quot;:&quot;available&quot;},{&quot;id&quot;:9223372036854018787,&quot;category&quot;:{&quot;id&quot;:0,&quot;name&quot;:&quot;string&quot;},&quot;name&quot;:&quot;fish&quot;,&quot;photoUrls&quot;:[&quot;string&quot;],&quot;tags&quot;:[{&quot;id&quot;:0,&quot;name&quot;:&quot;string&quot;}],&quot;status&quot;:&quot;available&quot;},{&quot;id&quot;:9223372036854018789,&quot;category&quot;:{&quot;id&quot;:0,&quot;name&quot;:&quot;string&quot;},&quot;name&quot;:&quot;fish&quot;,&quot;photoUrls&quot;:[&quot;string&quot;],&quot;tags&quot;:[{&quot;id&quot;:0,&quot;name&quot;:&quot;string&quot;}],&quot;status&quot;:&quot;available&quot;},{&quot;id&quot;:9223372036854018790,&quot;category&quot;:{&quot;id&quot;:0,&quot;name&quot;:&quot;string&quot;},&quot;name&quot;:&quot;fish&quot;,&quot;photoUrls&quot;:[&quot;string&quot;],&quot;tags&quot;:[{&quot;id&quot;:0,&quot;name&quot;:&quot;string&quot;}],&quot;status&quot;:&quot;available&quot;},{&quot;id&quot;:9223372036854018791,&quot;category&quot;:{&quot;id&quot;:0,&quot;name&quot;:&quot;string&quot;},&quot;name&quot;:&quot;fish&quot;,&quot;photoUrls&quot;:[&quot;string&quot;],&quot;tags&quot;:[{&quot;id&quot;:0,&quot;name&quot;:&quot;string&quot;}],&quot;status&quot;:&quot;available&quot;},{&quot;id&quot;:9223372036854018803,&quot;category&quot;:{&quot;id&quot;:0,&quot;name&quot;:&quot;wild_animal&quot;},&quot;name&quot;:&quot;fish&quot;,&quot;photoUrls&quot;:[&quot;string&quot;],&quot;tags&quot;:[{&quot;id&quot;:0,&quot;name&quot;:&quot;string&quot;}],&quot;status&quot;:&quot;available&quot;},{&quot;id&quot;:9223372036854018804,&quot;category&quot;:{&quot;id&quot;:0,&quot;name&quot;:&quot;wild_animal2&quot;},&quot;name&quot;:&quot;fish&quot;,&quot;photoUrls&quot;:[&quot;string&quot;],&quot;tags&quot;:[{&quot;id&quot;:0,&quot;name&quot;:&quot;string&quot;}],&quot;status&quot;:&quot;available&quot;},{&quot;id&quot;:9223372036854018805,&quot;category&quot;:{&quot;id&quot;:0,&quot;name&quot;:&quot;wild_animal3&quot;},&quot;name&quot;:&quot;fish&quot;,&quot;photoUrls&quot;:[&quot;string&quot;],&quot;tags&quot;:[{&quot;id&quot;:0,&quot;name&quot;:&quot;string&quot;}],&quot;status&quot;:&quot;available&quot;},{&quot;id&quot;:9223372036854018806,&quot;category&quot;:{&quot;id&quot;:0,&quot;name&quot;:&quot;wild_animal4&quot;},&quot;name&quot;:&quot;fish&quot;,&quot;photoUrls&quot;:[&quot;string&quot;],&quot;tags&quot;:[{&quot;id&quot;:0,&quot;name&quot;:&quot;string&quot;}],&quot;status&quot;:&quot;available&quot;},{&quot;id&quot;:9223372036854018807,&quot;category&quot;:{&quot;id&quot;:0,&quot;name&quot;:&quot;wild_animal5&quot;},&quot;name&quot;:&quot;fish&quot;,&quot;photoUrls&quot;:[&quot;string&quot;],&quot;tags&quot;:[{&quot;id&quot;:0,&quot;name&quot;:&quot;string&quot;}],&quot;status&quot;:&quot;available&quot;},{&quot;id&quot;:9223372036854018810,&quot;name&quot;:&quot;abcdefg&quot;,&quot;photoUrls&quot;:[],&quot;tags&quot;:[],&quot;status&quot;:&quot;available&quot;},{&quot;id&quot;:9223372036854018815,&quot;category&quot;:{&quot;id&quot;:0,&quot;name&quot;:&quot;cat&quot;},&quot;name&quot;:&quot;Shusha&quot;,&quot;photoUrls&quot;:[&quot;string&quot;],&quot;tags&quot;:[{&quot;id&quot;:0,&quot;name&quot;:&quot;string&quot;}],&quot;status&quot;:&quot;available&quot;},{&quot;id&quot;:9223372036854018823,&quot;name&quot;:&quot;Jimmy&quot;,&quot;photoUrls&quot;:[&quot;string&quot;],&quot;tags&quot;:[],&quot;status&quot;:&quot;available&quot;},{&quot;id&quot;:9223372036854018824,&quot;category&quot;:{&quot;id&quot;:0,&quot;name&quot;:&quot;string&quot;},&quot;name&quot;:&quot;doggie&quot;,&quot;photoUrls&quot;:[&quot;string&quot;],&quot;tags&quot;:[{&quot;id&quot;:0,&quot;name&quot;:&quot;string&quot;}],&quot;status&quot;:&quot;available&quot;},{&quot;id&quot;:9222968140491042131,&quot;category&quot;:{&quot;id&quot;:0,&quot;name&quot;:&quot;string&quot;},&quot;name&quot;:&quot;doggie&quot;,&quot;photoUrls&quot;:[&quot;string&quot;],&quot;tags&quot;:[{&quot;id&quot;:0,&quot;name&quot;:&quot;string&quot;}],&quot;status&quot;:&quot;available&quot;},{&quot;id&quot;:9223372036854018825,&quot;category&quot;:{&quot;id&quot;:0,&quot;name&quot;:&quot;string&quot;},&quot;name&quot;:&quot;fish&quot;,&quot;photoUrls&quot;:[&quot;string&quot;],&quot;tags&quot;:[{&quot;id&quot;:0,&quot;name&quot;:&quot;string&quot;}],&quot;status&quot;:&quot;available&quot;},{&quot;id&quot;:9223372036854018826,&quot;category&quot;:{&quot;id&quot;:0,&quot;name&quot;:&quot;string&quot;},&quot;name&quot;:&quot;doggie&quot;,&quot;photoUrls&quot;:[&quot;string&quot;],&quot;tags&quot;:[{&quot;id&quot;:0,&quot;name&quot;:&quot;string&quot;}],&quot;status&quot;:&quot;available&quot;},{&quot;id&quot;:9223372036854018827,&quot;category&quot;:{&quot;id&quot;:0,&quot;name&quot;:&quot;string&quot;},&quot;name&quot;:&quot;Puff&quot;,&quot;photoUrls&quot;:[&quot;string&quot;],&quot;tags&quot;:[{&quot;id&quot;:0,&quot;name&quot;:&quot;string&quot;}],&quot;status&quot;:&quot;available&quot;},{&quot;id&quot;:9223372036854018830,&quot;category&quot;:{&quot;id&quot;:0,&quot;name&quot;:&quot;string&quot;},&quot;name&quot;:&quot;fish&quot;,&quot;photoUrls&quot;:[&quot;string&quot;],&quot;tags&quot;:[{&quot;id&quot;:0,&quot;name&quot;:&quot;string&quot;}],&quot;status&quot;:&quot;available&quot;},{&quot;id&quot;:9223372036854018831,&quot;category&quot;:{&quot;id&quot;:0,&quot;name&quot;:&quot;string&quot;},&quot;name&quot;:&quot;fish&quot;,&quot;photoUrls&quot;:[&quot;string&quot;],&quot;tags&quot;:[{&quot;id&quot;:0,&quot;name&quot;:&quot;string&quot;}],&quot;status&quot;:&quot;available&quot;},{&quot;id&quot;:9223372036854018833,&quot;category&quot;:{&quot;id&quot;:0,&quot;name&quot;:&quot;string&quot;},&quot;photoUrls&quot;:[&quot;string&quot;],&quot;tags&quot;:[{&quot;id&quot;:0,&quot;name&quot;:&quot;string&quot;}],&quot;status&quot;:&quot;available&quot;},{&quot;id&quot;:9223372036854018835,&quot;name&quot;:&quot;Jimmy&quot;,&quot;photoUrls&quot;:[&quot;string&quot;],&quot;tags&quot;:[],&quot;status&quot;:&quot;available&quot;},{&quot;id&quot;:9223372036854775606,&quot;category&quot;:{&quot;id&quot;:0,&quot;name&quot;:&quot;string&quot;},&quot;name&quot;:&quot;fish&quot;,&quot;photoUrls&quot;:[&quot;string&quot;],&quot;tags&quot;:[{&quot;id&quot;:0,&quot;name&quot;:&quot;string&quot;}],&quot;status&quot;:&quot;available&quot;},{&quot;id&quot;:204,&quot;category&quot;:{&quot;id&quot;:104,&quot;name&quot;:&quot;Jack&quot;},&quot;name&quot;:&quot;doggie&quot;,&quot;photoUrls&quot;:[&quot;string&quot;],&quot;tags&quot;:[{&quot;id&quot;:0,&quot;name&quot;:&quot;string&quot;}],&quot;status&quot;:&quot;available&quot;},{&quot;id&quot;:9223372036854775644,&quot;category&quot;:{&quot;id&quot;:0,&quot;name&quot;:&quot;string&quot;},&quot;name&quot;:&quot;fish&quot;,&quot;photoUrls&quot;:[&quot;string&quot;],&quot;tags&quot;:[{&quot;id&quot;:0,&quot;name&quot;:&quot;string&quot;}],&quot;status&quot;:&quot;available&quot;},{&quot;id&quot;:9223372036854775661,&quot;category&quot;:{&quot;id&quot;:0,&quot;name&quot;:&quot;string&quot;},&quot;name&quot;:&quot;fish&quot;,&quot;photoUrls&quot;:[&quot;string&quot;],&quot;tags&quot;:[{&quot;id&quot;:0,&quot;name&quot;:&quot;string&quot;}],&quot;status&quot;:&quot;available&quot;},{&quot;id&quot;:9223372036854775662,&quot;category&quot;:{&quot;id&quot;:0,&quot;name&quot;:&quot;string&quot;},&quot;name&quot;:&quot;fish&quot;,&quot;photoUrls&quot;:[&quot;string&quot;],&quot;tags&quot;:[{&quot;id&quot;:0,&quot;name&quot;:&quot;string&quot;}],&quot;status&quot;:&quot;available&quot;},{&quot;id&quot;:9223372036854775663,&quot;category&quot;:{&quot;id&quot;:0,&quot;name&quot;:&quot;string&quot;},&quot;name&quot;:&quot;Puff&quot;,&quot;photoUrls&quot;:[&quot;string&quot;],&quot;tags&quot;:[{&quot;id&quot;:0,&quot;name&quot;:&quot;string&quot;}],&quot;status&quot;:&quot;available&quot;},{&quot;id&quot;:9223372036854775668,&quot;name&quot;:&quot;Jimmy&quot;,&quot;photoUrls&quot;:[&quot;string&quot;],&quot;tags&quot;:[],&quot;status&quot;:&quot;available&quot;},{&quot;id&quot;:9223372036854775673,&quot;category&quot;:{&quot;id&quot;:0,&quot;name&quot;:&quot;string&quot;},&quot;name&quot;:&quot;fish&quot;,&quot;photoUrls&quot;:[&quot;string&quot;],&quot;tags&quot;:[{&quot;id&quot;:0,&quot;name&quot;:&quot;string&quot;}],&quot;status&quot;:&quot;available&quot;},{&quot;id&quot;:9223372036854775675,&quot;category&quot;:{&quot;id&quot;:0,&quot;name&quot;:&quot;string&quot;},&quot;name&quot;:&quot;fish&quot;,&quot;photoUrls&quot;:[&quot;string&quot;],&quot;tags&quot;:[{&quot;id&quot;:0,&quot;name&quot;:&quot;string&quot;}],&quot;status&quot;:&quot;available&quot;},{&quot;id&quot;:9223372036854775682,&quot;category&quot;:{&quot;id&quot;:0,&quot;name&quot;:&quot;string&quot;},&quot;name&quot;:&quot;fish&quot;,&quot;photoUrls&quot;:[&quot;string&quot;],&quot;tags&quot;:[{&quot;id&quot;:0,&quot;name&quot;:&quot;string&quot;}],&quot;status&quot;:&quot;available&quot;},{&quot;id&quot;:9223372036854775683,&quot;category&quot;:{&quot;id&quot;:0,&quot;name&quot;:&quot;string&quot;},&quot;name&quot;:&quot;fish&quot;,&quot;photoUrls&quot;:[&quot;string&quot;],&quot;tags&quot;:[{&quot;id&quot;:0,&quot;name&quot;:&quot;string&quot;}],&quot;status&quot;:&quot;available&quot;},{&quot;id&quot;:9223372036854775684,&quot;category&quot;:{&quot;id&quot;:0,&quot;name&quot;:&quot;string&quot;},&quot;name&quot;:&quot;fish&quot;,&quot;photoUrls&quot;:[&quot;string&quot;],&quot;tags&quot;:[{&quot;id&quot;:0,&quot;name&quot;:&quot;string&quot;}],&quot;status&quot;:&quot;available&quot;},{&quot;id&quot;:9223372036854775685,&quot;category&quot;:{&quot;id&quot;:0,&quot;name&quot;:&quot;string&quot;},&quot;name&quot;:&quot;fish&quot;,&quot;photoUrls&quot;:[&quot;string&quot;],&quot;tags&quot;:[{&quot;id&quot;:0,&quot;name&quot;:&quot;string&quot;}],&quot;status&quot;:&quot;available&quot;},{&quot;id&quot;:9222968140497180179,&quot;category&quot;:{&quot;id&quot;:0,&quot;name&quot;:&quot;string&quot;},&quot;name&quot;:&quot;test&quot;,&quot;photoUrls&quot;:[&quot;string&quot;],&quot;tags&quot;:[{&quot;id&quot;:0,&quot;name&quot;:&quot;string&quot;}],&quot;status&quot;:&quot;available&quot;},{&quot;id&quot;:69,&quot;category&quot;:{&quot;id&quot;:83,&quot;name&quot;:&quot;qflhj&quot;},&quot;name&quot;:&quot;Sabertooth&quot;,&quot;photoUrls&quot;:[],&quot;tags&quot;:[{&quot;id&quot;:94,&quot;name&quot;:&quot;gbagq&quot;}],&quot;status&quot;:&quot;available&quot;},{&quot;id&quot;:9223372036854775715,&quot;category&quot;:{&quot;id&quot;:0,&quot;name&quot;:&quot;string&quot;},&quot;name&quot;:&quot;doggie&quot;,&quot;photoUrls&quot;:[&quot;string&quot;],&quot;tags&quot;:[{&quot;id&quot;:0,&quot;name&quot;:&quot;string&quot;}],&quot;status&quot;:&quot;available&quot;},{&quot;id&quot;:9223372036854775718,&quot;category&quot;:{&quot;id&quot;:0,&quot;name&quot;:&quot;string&quot;},&quot;name&quot;:&quot;fish&quot;,&quot;photoUrls&quot;:[&quot;string&quot;],&quot;tags&quot;:[{&quot;id&quot;:0,&quot;name&quot;:&quot;string&quot;}],&quot;status&quot;:&quot;available&quot;},{&quot;id&quot;:9223372036854775720,&quot;category&quot;:{&quot;id&quot;:0,&quot;name&quot;:&quot;string&quot;},&quot;name&quot;:&quot;fish&quot;,&quot;photoUrls&quot;:[&quot;string&quot;],&quot;tags&quot;:[{&quot;id&quot;:0,&quot;name&quot;:&quot;string&quot;}],&quot;status&quot;:&quot;available&quot;},{&quot;id&quot;:9223372036854775721,&quot;category&quot;:{&quot;id&quot;:0,&quot;name&quot;:&quot;string&quot;},&quot;name&quot;:&quot;Puff&quot;,&quot;photoUrls&quot;:[&quot;string&quot;],&quot;tags&quot;:[{&quot;id&quot;:0,&quot;name&quot;:&quot;string&quot;}],&quot;status&quot;:&quot;available&quot;},{&quot;id&quot;:703850,&quot;category&quot;:{&quot;id&quot;:2020,&quot;name&quot;:&quot;string&quot;},&quot;name&quot;:&quot;doggie&quot;,&quot;photoUrls&quot;:[&quot;string&quot;],&quot;tags&quot;:[{&quot;id&quot;:0,&quot;name&quot;:&quot;string&quot;}],&quot;status&quot;:&quot;available&quot;},{&quot;id&quot;:99996,&quot;name&quot;:&quot;doggie_by_ms&quot;,&quot;photoUrls&quot;:[&quot;string&quot;],&quot;tags&quot;:[{&quot;id&quot;:0,&quot;name&quot;:&quot;string&quot;}],&quot;status&quot;:&quot;available&quot;},{&quot;id&quot;:9223372036854775728,&quot;category&quot;:{&quot;id&quot;:0,&quot;name&quot;:&quot;Jerry&quot;},&quot;name&quot;:&quot;Mouse&quot;,&quot;photoUrls&quot;:[&quot;string&quot;],&quot;tags&quot;:[{&quot;id&quot;:0,&quot;name&quot;:&quot;Mouse&quot;}],&quot;status&quot;:&quot;available&quot;}]
" type="java.lang.AssertionError">
      <![CDATA[java.lang.AssertionError: 1 expectation failed.
Response body doesn't match expectation.
Expected: The content to match the given JSON schema.
error: object has missing required properties (["category"])
    level: "error"
    schema: {"loadingURI":"file:/Users/laxmanbinawade/Desktop/Automation/JavaProgram/PETAssignment/target/test-classes/schema.json#","pointer":"/items/13"}
    instance: {"pointer":"/13"}
    domain: "validation"
    keyword: "required"
    required: ["category","id","name","photoUrls","status","tags"]
    missing: ["category"]
error: object has missing required properties (["category"])
    level: "error"
    schema: {"loadingURI":"file:/Users/laxmanbinawade/Desktop/Automation/JavaProgram/PETAssignment/target/test-classes/schema.json#","pointer":"/items/14"}
    instance: {"pointer":"/14"}
    domain: "validation"
    keyword: "required"
    required: ["category","id","name","photoUrls","status","tags"]
    missing: ["category"]
error: object has missing required properties (["category"])
    level: "error"
    schema: {"loadingURI":"file:/Users/laxmanbinawade/Desktop/Automation/JavaProgram/PETAssignment/target/test-classes/schema.json#","pointer":"/items/66"}
    instance: {"pointer":"/66"}
    domain: "validation"
    keyword: "required"
    required: ["category","id","name","photoUrls","status","tags"]
    missing: ["category"]
error: object has missing required properties (["category"])
    level: "error"
    schema: {"loadingURI":"file:/Users/laxmanbinawade/Desktop/Automation/JavaProgram/PETAssignment/target/test-classes/schema.json#","pointer":"/items/67"}
    instance: {"pointer":"/67"}
    domain: "validation"
    keyword: "required"
    required: ["category","id","name","photoUrls","status","tags"]
    missing: ["category"]
error: object has missing required properties (["category"])
    level: "error"
    schema: {"loadingURI":"file:/Users/laxmanbinawade/Desktop/Automation/JavaProgram/PETAssignment/target/test-classes/schema.json#","pointer":"/items/75"}
    instance: {"pointer":"/75"}
    domain: "validation"
    keyword: "required"
    required: ["category","id","name","photoUrls","status","tags"]
    missing: ["category"]
error: object has missing required properties (["category"])
    level: "error"
    schema: {"loadingURI":"file:/Users/laxmanbinawade/Desktop/Automation/JavaProgram/PETAssignment/target/test-classes/schema.json#","pointer":"/items/95"}
    instance: {"pointer":"/95"}
    domain: "validation"
    keyword: "required"
    required: ["category","id","name","photoUrls","status","tags"]
    missing: ["category"]
error: object has missing required properties (["category"])
    level: "error"
    schema: {"loadingURI":"file:/Users/laxmanbinawade/Desktop/Automation/JavaProgram/PETAssignment/target/test-classes/schema.json#","pointer":"/items/96"}
    instance: {"pointer":"/96"}
    domain: "validation"
    keyword: "required"
    required: ["category","id","name","photoUrls","status","tags"]
    missing: ["category"]
error: object has missing required properties (["category"])
    level: "error"
    schema: {"loadingURI":"file:/Users/laxmanbinawade/Desktop/Automation/JavaProgram/PETAssignment/target/test-classes/schema.json#","pointer":"/items/127"}
    instance: {"pointer":"/127"}
    domain: "validation"
    keyword: "required"
    required: ["category","id","name","photoUrls","status","tags"]
    missing: ["category"]
error: object has missing required properties (["category"])
    level: "error"
    schema: {"loadingURI":"file:/Users/laxmanbinawade/Desktop/Automation/JavaProgram/PETAssignment/target/test-classes/schema.json#","pointer":"/items/152"}
    instance: {"pointer":"/152"}
    domain: "validation"
    keyword: "required"
    required: ["category","id","name","photoUrls","status","tags"]
    missing: ["category"]
error: object has missing required properties (["category"])
    level: "error"
    schema: {"loadingURI":"file:/Users/laxmanbinawade/Desktop/Automation/JavaProgram/PETAssignment/target/test-classes/schema.json#","pointer":"/items/164"}
    instance: {"pointer":"/164"}
    domain: "validation"
    keyword: "required"
    required: ["category","id","name","photoUrls","status","tags"]
    missing: ["category"]
error: object has missing required properties (["category"])
    level: "error"
    schema: {"loadingURI":"file:/Users/laxmanbinawade/Desktop/Automation/JavaProgram/PETAssignment/target/test-classes/schema.json#","pointer":"/items/166"}
    instance: {"pointer":"/166"}
    domain: "validation"
    keyword: "required"
    required: ["category","id","name","photoUrls","status","tags"]
    missing: ["category"]
error: object has missing required properties (["name"])
    level: "error"
    schema: {"loadingURI":"file:/Users/laxmanbinawade/Desktop/Automation/JavaProgram/PETAssignment/target/test-classes/schema.json#","pointer":"/items/174"}
    instance: {"pointer":"/174"}
    domain: "validation"
    keyword: "required"
    required: ["category","id","name","photoUrls","status","tags"]
    missing: ["name"]
error: object has missing required properties (["category"])
    level: "error"
    schema: {"loadingURI":"file:/Users/laxmanbinawade/Desktop/Automation/JavaProgram/PETAssignment/target/test-classes/schema.json#","pointer":"/items/175"}
    instance: {"pointer":"/175"}
    domain: "validation"
    keyword: "required"
    required: ["category","id","name","photoUrls","status","tags"]
    missing: ["category"]
error: object has missing required properties (["category"])
    level: "error"
    schema: {"loadingURI":"file:/Users/laxmanbinawade/Desktop/Automation/JavaProgram/PETAssignment/target/test-classes/schema.json#","pointer":"/items/182"}
    instance: {"pointer":"/182"}
    domain: "validation"
    keyword: "required"
    required: ["category","id","name","photoUrls","status","tags"]
    missing: ["category"]
error: object has missing required properties (["category"])
    level: "error"
    schema: {"loadingURI":"file:/Users/laxmanbinawade/Desktop/Automation/JavaProgram/PETAssignment/target/test-classes/schema.json#","pointer":"/items/196"}
    instance: {"pointer":"/196"}
    domain: "validation"
    keyword: "required"
    required: ["category","id","name","photoUrls","status","tags"]
    missing: ["category"]

  Actual: [{"id":9223372034444446772,"category":{"id":0,"name":"string"},"name":"doggie","photoUrls":["string"],"tags":[{"id":0,"name":"string"}],"status":"available"},{"id":9223372034444446775,"category":{"id":0,"name":"string"},"name":"doggie","photoUrls":["string"],"tags":[{"id":0,"name":"string"}],"status":"available"},{"id":9223372034444446776,"category":{"id":0,"name":"string"},"name":"fish","photoUrls":["string"],"tags":[{"id":0,"name":"string"}],"status":"available"},{"id":9223372034444446777,"category":{"id":0,"name":"string"},"name":"Puff","photoUrls":["string"],"tags":[{"id":0,"name":"string"}],"status":"available"},{"id":9223372034444446786,"category":{"id":0,"name":"string"},"name":"fish","photoUrls":["string"],"tags":[{"id":0,"name":"string"}],"status":"available"},{"id":9223372034444446795,"category":{"id":0,"name":"string"},"name":"fish","photoUrls":["string"],"tags":[{"id":0,"name":"string"}],"status":"available"},{"id":9223372034444446801,"category":{"id":0,"name":"string"},"name":"doggie","photoUrls":["string"],"tags":[{"id":0,"name":"string"}],"status":"available"},{"id":45,"category":{"id":0,"name":"Animal"},"name":"doggie","photoUrls":["string"],"tags":[{"id":0,"name":"Dog"}],"status":"available"},{"id":9223372034444446807,"category":{"id":0,"name":"string"},"name":"doggie","photoUrls":["string"],"tags":[{"id":0,"name":"string"}],"status":"available"},{"id":9223372034444446815,"category":{"id":0,"name":"string"},"name":"fish","photoUrls":["string"],"tags":[{"id":0,"name":"string"}],"status":"available"},{"id":9223372034444446819,"category":{"id":0,"name":"string"},"name":"fish","photoUrls":["string"],"tags":[{"id":0,"name":"string"}],"status":"available"},{"id":9223372034444446820,"category":{"id":0,"name":"string"},"name":"fish","photoUrls":["string"],"tags":[{"id":0,"name":"string"}],"status":"available"},{"id":9223372034444446823,"category":{"id":0,"name":"string"},"name":"Puff","photoUrls":["string"],"tags":[{"id":0,"name":"string"}],"status":"available"},{"id":9223372034444446831,"name":"doggie","photoUrls":[],"tags":[],"status":"available"},{"id":9223372034444446832,"name":"doggie","photoUrls":[],"tags":[],"status":"available"},{"id":9223372034444446838,"category":{"id":0,"name":"string"},"name":"fish","photoUrls":["string"],"tags":[{"id":0,"name":"string"}],"status":"available"},{"id":9223372034444446839,"category":{"id":0,"name":"string"},"name":"fish","photoUrls":["string"],"tags":[{"id":0,"name":"string"}],"status":"available"},{"id":9223372034444446840,"category":{"id":0,"name":"string"},"name":"fish","photoUrls":["string"],"tags":[{"id":0,"name":"string"}],"status":"available"},{"id":9223372034444446841,"category":{"id":0,"name":"string"},"name":"fish","photoUrls":["string"],"tags":[{"id":0,"name":"string"}],"status":"available"},{"id":110,"category":{"id":0,"name":"string"},"name":"Butterfly","photoUrls":["string"],"tags":[{"id":0,"name":"string"}],"status":"available"},{"id":9223372034444446861,"category":{"id":0,"name":"string"},"name":"doggie","photoUrls":["string"],"tags":[{"id":0,"name":"string"}],"status":"available"},{"id":9223372034444446862,"category":{"id":0,"name":"string"},"name":"doggie","photoUrls":["string"],"tags":[{"id":0,"name":"string"}],"status":"available"},{"id":9223372034444446863,"category":{"id":0,"name":"string"},"name":"fish","photoUrls":["string"],"tags":[{"id":0,"name":"string"}],"status":"available"},{"id":9223372034444446864,"category":{"id":0,"name":"string"},"name":"doggie","photoUrls":["string"],"tags":[{"id":0,"name":"string"}],"status":"available"},{"id":9223372034444446865,"category":{"id":0,"name":"string"},"name":"doggie","photoUrls":["string"],"tags":[{"id":0,"name":"string"}],"status":"available"},{"id":9223372034444446866,"category":{"id":0,"name":"string"},"name":"fish","photoUrls":["string"],"tags":[{"id":0,"name":"string"}],"status":"available"},{"id":9223372034444446867,"category":{"id":0,"name":"string"},"name":"Puff","photoUrls":["string"],"tags":[{"id":0,"name":"string"}],"status":"available"},{"id":9223372036854018119,"category":{"id":0,"name":"string"},"name":"doggie","photoUrls":["string"],"tags":[{"id":0,"name":"string"}],"status":"available"},{"id":9223372036854018122,"category":{"id":0,"name":"string"},"name":"fish","photoUrls":["string"],"tags":[{"id":0,"name":"string"}],"status":"available"},{"id":2726,"category":{"id":0,"name":"Animals"},"name":"doggie","photoUrls":["string"],"tags":[{"id":0,"name":"string"}],"status":"available"},{"id":5555,"category":{"id":5556,"name":"indie"},"name":"jimmy","photoUrls":["string"],"tags":[{"id":0,"name":"string"}],"status":"available"},{"id":9223372036854018134,"category":{"id":0,"name":"string"},"name":"fish","photoUrls":["string"],"tags":[{"id":0,"name":"string"}],"status":"available"},{"id":1111,"category":{"id":1112,"name":"indie"},"name":"jimmy","photoUrls":["string"],"tags":[{"id":0,"name":"string"}],"status":"available"},{"id":9223372036854018165,"category":{"id":0,"name":"string"},"name":"fish","photoUrls":["string"],"tags":[{"id":0,"name":"string"}],"status":"available"},{"id":9223372036854018181,"category":{"id":0,"name":"string"},"name":"fish","photoUrls":["string"],"tags":[{"id":0,"name":"string"}],"status":"available"},{"id":9223372036854018182,"category":{"id":0,"name":"string"},"name":"fish","photoUrls":["string"],"tags":[{"id":0,"name":"string"}],"status":"available"},{"id":9223372036854018183,"category":{"id":0,"name":"string"},"name":"Puff","photoUrls":["string"],"tags":[{"id":0,"name":"string"}],"status":"available"},{"id":9223372036854018197,"category":{"id":0,"name":"string"},"name":"fish","photoUrls":["string"],"tags":[{"id":0,"name":"string"}],"status":"available"},{"id":2,"category":{"id":2,"name":"dog"},"name":"Pinkie","photoUrls":["string"],"tags":[{"id":2,"name":"string"}],"status":"available"},{"id":9223372036854018200,"category":{"id":0,"name":"string"},"name":"fish","photoUrls":["string"],"tags":[{"id":0,"name":"string"}],"status"
[...]
"status":"available"},{"id":9223372036854018448,"category":{"id":0,"name":"string"},"name":"test","photoUrls":["string"],"tags":[{"id":0,"name":"string"}],"status":"available"},{"id":9223372036854018449,"category":{"id":0,"name":"string"},"name":"test","photoUrls":["string"],"tags":[{"id":0,"name":"string"}],"status":"available"},{"id":9223372036854018452,"category":{"id":0,"name":"string"},"name":"fish","photoUrls":["string"],"tags":[{"id":0,"name":"string"}],"status":"available"},{"id":9223372036854018480,"category":{"id":0,"name":"wild_animal"},"name":"fish","photoUrls":["string"],"tags":[{"id":0,"name":"string"}],"status":"available"},{"id":9223372036854018481,"category":{"id":0,"name":"wild_animal2"},"name":"fish","photoUrls":["string"],"tags":[{"id":0,"name":"string"}],"status":"available"},{"id":9223372036854018482,"category":{"id":0,"name":"wild_animal3"},"name":"fish","photoUrls":["string"],"tags":[{"id":0,"name":"string"}],"status":"available"},{"id":9223372036854018483,"category":{"id":0,"name":"wild_animal4"},"name":"fish","photoUrls":["string"],"tags":[{"id":0,"name":"string"}],"status":"available"},{"id":9223372036854018484,"category":{"id":0,"name":"wild_animal5"},"name":"fish","photoUrls":["string"],"tags":[{"id":0,"name":"string"}],"status":"available"},{"id":9223372036854018515,"category":{"id":0},"name":"doggie","photoUrls":["cK0e"],"tags":[],"status":"available"},{"id":9223372036854018517,"name":"doggie","photoUrls":["cK0e"],"tags":[{"id":8}],"status":"available"},{"id":9223372036854018524,"name":"TEST_CAT","photoUrls":[],"tags":[],"status":"available"},{"id":9223372036854018527,"category":{"id":0,"name":"string"},"name":"fish","photoUrls":["string"],"tags":[{"id":0,"name":"string"}],"status":"available"},{"id":9223372036854018549,"category":{"id":0,"name":"string"},"name":"fish","photoUrls":["string"],"tags":[{"id":0,"name":"string"}],"status":"available"},{"id":9223372036854018550,"category":{"id":0,"name":"string"},"name":"fish","photoUrls":["string"],"tags":[{"id":0,"name":"string"}],"status":"available"},{"id":9223372036854018552,"category":{"id":0,"name":"string"},"name":"Puff","photoUrls":["string"],"tags":[{"id":0,"name":"string"}],"status":"available"},{"id":1835,"category":{"id":18,"name":"string"},"name":"doggie","photoUrls":["string"],"tags":[{"id":12,"name":"string"}],"status":"available"},{"id":9223372036854018564,"category":{"id":0,"name":"string"},"name":"fish","photoUrls":["string"],"tags":[{"id":0,"name":"string"}],"status":"available"},{"id":9223372036854018567,"category":{"id":0,"name":"string"},"name":"fish","photoUrls":["string"],"tags":[{"id":0,"name":"string"}],"status":"available"},{"id":9223372036854018568,"category":{"id":0,"name":"string"},"name":"fish","photoUrls":["string"],"tags":[{"id":0,"name":"string"}],"status":"available"},{"id":9223372036854018569,"category":{"id":0,"name":"string"},"name":"doggie","photoUrls":["string"],"tags":[{"id":0,"name":"string"}],"status":"available"},{"id":9223372036854018581,"category":{"id":0,"name":"string"},"name":"doggie","photoUrls":["string"],"tags":[{"id":0,"name":"string"}],"status":"available"},{"id":9223372036854018584,"category":{"id":0,"name":"string"},"name":"doggie","photoUrls":["string"],"tags":[{"id":0,"name":"string"}],"status":"available"},{"id":9223372036854018600,"category":{"id":0,"name":"string"},"name":"cat","photoUrls":["string"],"tags":[{"id":0,"name":"string"}],"status":"available"},{"id":9223372036854018601,"category":{"id":0,"name":"string"},"name":"doggie","photoUrls":["string"],"tags":[{"id":0,"name":"string"}],"status":"available"},{"id":120,"category":{"id":0,"name":"oleksii new"},"name":"doggie new","photoUrls":["string"],"tags":[{"id":0,"name":"string"}],"status":"available"},{"id":9223372036854018606,"category":{"id":0,"name":"string"},"name":"fish","photoUrls":["string"],"tags":[{"id":0,"name":"string"}],"status":"available"},{"id":9223372036854018607,"category":{"id":0,"name":"russian"},"name":"pig","photoUrls":["string"],"tags":[{"id":0,"name":"string"}],"status":"available"},{"id":9223372036854018608,"category":{"id":0,"name":"string"},"name":"doggie","photoUrls":["string"],"tags":[{"id":0,"name":"string"}],"status":"available"},{"id":9223372036854018609,"category":{"id":0,"name":"string"},"name":"Puff","photoUrls":["string"],"tags":[{"id":0,"name":"string"}],"status":"available"},{"id":9223372036854018612,"category":{"id":0,"name":"string"},"name":"cat","photoUrls":["https://klike.net/uploads/posts/2023-01/1675061232_3-62.jpg"],"tags":[{"id":0,"name":"string"}],"status":"available"},{"id":9223372036854018613,"category":{"id":0,"name":"string"},"name":"doggie","photoUrls":["string"],"tags":[{"id":0,"name":"string"}],"status":"available"},{"id":9223372036854018614,"category":{"id":0,"name":"string"},"name":"morce","photoUrls":["string"],"tags":[{"id":0,"name":"string"}],"status":"available"},{"id":11712002,"category":{"id":0,"name":"scotish"},"name":"uskup","photoUrls":["string"],"tags":[{"id":0,"name":"string"}],"status":"available"},{"id":9223372036854018616,"category":{"id":0,"name":"string"},"name":"fish","photoUrls":["string"],"tags":[{"id":0,"name":"string"}],"status":"available"},{"id":9223372036854018617,"category":{"id":0,"name":"alexqa"},"name":"cat","photoUrls":["string"],"tags":[{"id":0,"name":"string"}],"status":"available"},{"id":9223372036854018618,"category":{"id":0,"name":"sophia"},"name":"cat","photoUrls":["string"],"tags":[{"id":0,"name":"string"}],"status":"available"},{"id":9223372036854018626,"category":{"id":0,"name":"sophia"},"name":"cat","photoUrls":["string"],"tags":[{"id":0,"name":"string"}],"status":"available"},{"id":420,"category":{"id":42,"name":"Chihuahua"},"name":"PasBre","photoUrls":["string"],"tags":[{"id":0,"name":"string"}],"status":"available"},{"id":9223372036854018630,"category":{"id":29217671,"name":"Mikilandzelo"},"name":"Turtle","photoUrls":["ea dolor ipsum nisi","Duis"],"tags":[{"id":98727158,"name":"la"},{"id":17957877,"name":"Excepteur fugiat elit"}],"status":"available"},{"id":9223372036854018631,"category":{"id":0,"name":"string"},"name":"fish","photoUrls":["string"],"tags":[{"id":0,"name":"string"}],"status":"available"},{"id":9223372036854018636,"category":{"id":0,"name":"string"},"name":"doggie","photoUrls":["string"],"tags":[{"id":0,"name":"string"}],"status":"available"},{"id":9223372036854018643,"name":"Jimmy","photoUrls":["string"],"tags":[],"status":"available"},{"id":9223372036854018659,"category":{"id":0,"name":"string"},"name":"doggie","photoUrls":["string"],"tags":[{"id":0,"name":"string"}],"status":"available"},{"id":9223372036854018673,"category":{"id":0,"name":"string"},"name":"fish","photoUrls":["string"],"tags":[{"id":0,"name":"string"}],"status":"available"},{"id":9223372036854018683,"category":{"id":0,"name":"string"},"name":"fish","photoUrls":["string"],"tags":[{"id":0,"name":"string"}],"status":"available"},{"id":9223372036854018686,"category":{"id":0,"name":"string"},"name":"fish","photoUrls":["string"],"tags":[{"id":0,"name":"string"}],"status":"available"},{"id":9223372036854018689,"category":{"id":0,"name":"string"},"name":"Puff","photoUrls":["string"],"tags":[{"id":0,"name":"string"}],"status":"available"},{"id":9223372036854018700,"category":{"id":0,"name":"string"},"name":"fish","photoUrls":["string"],"tags":[{"id":0,"name":"string"}],"status":"available"},{"id":9223372036854018703,"category":{"id":0,"name":"string"},"name":"fish","photoUrls":["string"],"tags":[{"id":0,"name":"string"}],"status":"available"},{"id":9223372036854018704,"category":{"id":0,"name":"string"},"name":"fish","photoUrls":["string"],"tags":[{"id":0,"name":"string"}],"status":"available"},{"id":9223372036854018705,"category":{"id":0,"name":"string"},"name":"fish","photoUrls":["string"],"tags":[{"id":0,"name":"string"}],"status":"available"},{"id":9223372036854018708,"category":{"id":0,"name":"string"},"name":"doggie","photoUrls":["string"],"tags":[{"id":0,"name":"string"}],"status":"available"},{"id":9223372036854018711,"category":{"id":0,"name":"string"},"name":"doggie","photoUrls":["string"],"tags":[{"id":0,"name":"string"}],"status":"available"},{"id":9223372036854018716,"category":{"id":0,"name":"string"},"name":"cat","photoUrls":["string"],"tags":[{"id":0,"name":"string"}],"status":"available"},{"id":9223372036854018720,"category":{"id":0,"name":"string"},"name":"test","photoUrls":["string"],"tags":[{"id":0,"name":"string"}],"status":"available"},{"id":9223372036854018731,"category":{"id":0,"name":"string"},"name":"doggie","photoUrls":["string"],"tags":[{"id":0,"name":"string"}],"status":"available"},{"id":9223372036854018732,"category":{"id":0,"name":"string"},"name":"fish","photoUrls":["string"],"tags":[{"id":0,"name":"string"}],"status":"available"},{"id":9223372036854018733,"category":{"id":0,"name":"string"},"name":"fish","photoUrls":["string"],"tags":[{"id":0,"name":"string"}],"status":"available"},{"id":9223372036854018736,"category":{"id":0,"name":"string"},"name":"Puff","photoUrls":["string"],"tags":[{"id":0,"name":"string"}],"status":"available"},{"id":9223372036854018739,"category":{"id":0,"name":"string"},"name":"fish","photoUrls":["string"],"tags":[{"id":0,"name":"string"}],"status":"available"},{"id":9223372036854018745,"category":{"id":0,"name":"string"},"name":"fish","photoUrls":["string"],"tags":[{"id":0,"name":"string"}],"status":"available"},{"id":9223372036854018766,"category":{"id":0,"name":"string"},"name":"fish","photoUrls":["string"],"tags":[{"id":0,"name":"string"}],"status":"available"},{"id":9223372036854018768,"category":{"id":0,"name":"string"},"name":"cat","photoUrls":["string"],"tags":[{"id":0,"name":"string"}],"status":"available"},{"id":9223372036854018772,"category":{"id":0,"name":"string"},"name":"fish","photoUrls":["string"],"tags":[{"id":0,"name":"string"}],"status":"available"},{"id":9223372036854018773,"category":{"id":0,"name":"string"},"name":"fish","photoUrls":["string"],"tags":[{"id":0,"name":"string"}],"status":"available"},{"id":9223372036854018776,"category":{"id":0,"name":"string"},"name":"Puff","photoUrls":["string"],"tags":[{"id":0,"name":"string"}],"status":"available"},{"id":9223372036854018781,"name":"abcdefg","photoUrls":[],"tags":[],"status":"available"},{"id":9223372036854018783,"category":{"id":0,"name":"string"},"name":"doggie","photoUrls":["string"],"tags":[{"id":0,"name":"string"}],"status":"available"},{"id":9223372036854018785,"category":{"id":0,"name":"pet4"},"name":"doggie4","photoUrls":["black4"],"tags":[{"id":0,"name":"string"}],"status":"available"},{"id":9223372036854018787,"category":{"id":0,"name":"string"},"name":"fish","photoUrls":["string"],"tags":[{"id":0,"name":"string"}],"status":"available"},{"id":9223372036854018789,"category":{"id":0,"name":"string"},"name":"fish","photoUrls":["string"],"tags":[{"id":0,"name":"string"}],"status":"available"},{"id":9223372036854018790,"category":{"id":0,"name":"string"},"name":"fish","photoUrls":["string"],"tags":[{"id":0,"name":"string"}],"status":"available"},{"id":9223372036854018791,"category":{"id":0,"name":"string"},"name":"fish","photoUrls":["string"],"tags":[{"id":0,"name":"string"}],"status":"available"},{"id":9223372036854018803,"category":{"id":0,"name":"wild_animal"},"name":"fish","photoUrls":["string"],"tags":[{"id":0,"name":"string"}],"status":"available"},{"id":9223372036854018804,"category":{"id":0,"name":"wild_animal2"},"name":"fish","photoUrls":["string"],"tags":[{"id":0,"name":"string"}],"status":"available"},{"id":9223372036854018805,"category":{"id":0,"name":"wild_animal3"},"name":"fish","photoUrls":["string"],"tags":[{"id":0,"name":"string"}],"status":"available"},{"id":9223372036854018806,"category":{"id":0,"name":"wild_animal4"},"name":"fish","photoUrls":["string"],"tags":[{"id":0,"name":"string"}],"status":"available"},{"id":9223372036854018807,"category":{"id":0,"name":"wild_animal5"},"name":"fish","photoUrls":["string"],"tags":[{"id":0,"name":"string"}],"status":"available"},{"id":9223372036854018810,"name":"abcdefg","photoUrls":[],"tags":[],"status":"available"},{"id":9223372036854018815,"category":{"id":0,"name":"cat"},"name":"Shusha","photoUrls":["string"],"tags":[{"id":0,"name":"string"}],"status":"available"},{"id":9223372036854018823,"name":"Jimmy","photoUrls":["string"],"tags":[],"status":"available"},{"id":9223372036854018824,"category":{"id":0,"name":"string"},"name":"doggie","photoUrls":["string"],"tags":[{"id":0,"name":"string"}],"status":"available"},{"id":9222968140491042131,"category":{"id":0,"name":"string"},"name":"doggie","photoUrls":["string"],"tags":[{"id":0,"name":"string"}],"status":"available"},{"id":9223372036854018825,"category":{"id":0,"name":"string"},"name":"fish","photoUrls":["string"],"tags":[{"id":0,"name":"string"}],"status":"available"},{"id":9223372036854018826,"category":{"id":0,"name":"string"},"name":"doggie","photoUrls":["string"],"tags":[{"id":0,"name":"string"}],"status":"available"},{"id":9223372036854018827,"category":{"id":0,"name":"string"},"name":"Puff","photoUrls":["string"],"tags":[{"id":0,"name":"string"}],"status":"available"},{"id":9223372036854018830,"category":{"id":0,"name":"string"},"name":"fish","photoUrls":["string"],"tags":[{"id":0,"name":"string"}],"status":"available"},{"id":9223372036854018831,"category":{"id":0,"name":"string"},"name":"fish","photoUrls":["string"],"tags":[{"id":0,"name":"string"}],"status":"available"},{"id":9223372036854018833,"category":{"id":0,"name":"string"},"photoUrls":["string"],"tags":[{"id":0,"name":"string"}],"status":"available"},{"id":9223372036854018835,"name":"Jimmy","photoUrls":["string"],"tags":[],"status":"available"},{"id":9223372036854775606,"category":{"id":0,"name":"string"},"name":"fish","photoUrls":["string"],"tags":[{"id":0,"name":"string"}],"status":"available"},{"id":204,"category":{"id":104,"name":"Jack"},"name":"doggie","photoUrls":["string"],"tags":[{"id":0,"name":"string"}],"status":"available"},{"id":9223372036854775644,"category":{"id":0,"name":"string"},"name":"fish","photoUrls":["string"],"tags":[{"id":0,"name":"string"}],"status":"available"},{"id":9223372036854775661,"category":{"id":0,"name":"string"},"name":"fish","photoUrls":["string"],"tags":[{"id":0,"name":"string"}],"status":"available"},{"id":9223372036854775662,"category":{"id":0,"name":"string"},"name":"fish","photoUrls":["string"],"tags":[{"id":0,"name":"string"}],"status":"available"},{"id":9223372036854775663,"category":{"id":0,"name":"string"},"name":"Puff","photoUrls":["string"],"tags":[{"id":0,"name":"string"}],"status":"available"},{"id":9223372036854775668,"name":"Jimmy","photoUrls":["string"],"tags":[],"status":"available"},{"id":9223372036854775673,"category":{"id":0,"name":"string"},"name":"fish","photoUrls":["string"],"tags":[{"id":0,"name":"string"}],"status":"available"},{"id":9223372036854775675,"category":{"id":0,"name":"string"},"name":"fish","photoUrls":["string"],"tags":[{"id":0,"name":"string"}],"status":"available"},{"id":9223372036854775682,"category":{"id":0,"name":"string"},"name":"fish","photoUrls":["string"],"tags":[{"id":0,"name":"string"}],"status":"available"},{"id":9223372036854775683,"category":{"id":0,"name":"string"},"name":"fish","photoUrls":["string"],"tags":[{"id":0,"name":"string"}],"status":"available"},{"id":9223372036854775684,"category":{"id":0,"name":"string"},"name":"fish","photoUrls":["string"],"tags":[{"id":0,"name":"string"}],"status":"available"},{"id":9223372036854775685,"category":{"id":0,"name":"string"},"name":"fish","photoUrls":["string"],"tags":[{"id":0,"name":"string"}],"status":"available"},{"id":9222968140497180179,"category":{"id":0,"name":"string"},"name":"test","photoUrls":["string"],"tags":[{"id":0,"name":"string"}],"status":"available"},{"id":69,"category":{"id":83,"name":"qflhj"},"name":"Sabertooth","photoUrls":[],"tags":[{"id":94,"name":"gbagq"}],"status":"available"},{"id":9223372036854775715,"category":{"id":0,"name":"string"},"name":"doggie","photoUrls":["string"],"tags":[{"id":0,"name":"string"}],"status":"available"},{"id":9223372036854775718,"category":{"id":0,"name":"string"},"name":"fish","photoUrls":["string"],"tags":[{"id":0,"name":"string"}],"status":"available"},{"id":9223372036854775720,"category":{"id":0,"name":"string"},"name":"fish","photoUrls":["string"],"tags":[{"id":0,"name":"string"}],"status":"available"},{"id":9223372036854775721,"category":{"id":0,"name":"string"},"name":"Puff","photoUrls":["string"],"tags":[{"id":0,"name":"string"}],"status":"available"},{"id":703850,"category":{"id":2020,"name":"string"},"name":"doggie","photoUrls":["string"],"tags":[{"id":0,"name":"string"}],"status":"available"},{"id":99996,"name":"doggie_by_ms","photoUrls":["string"],"tags":[{"id":0,"name":"string"}],"status":"available"},{"id":9223372036854775728,"category":{"id":0,"name":"Jerry"},"name":"Mouse","photoUrls":["string"],"tags":[{"id":0,"name":"Mouse"}],"status":"available"}]

at java.base/jdk.internal.reflect.NativeConstructorAccessorImpl.newInstance0(Native Method)
at java.base/jdk.internal.reflect.NativeConstructorAccessorImpl.newInstance(NativeConstructorAccessorImpl.java:62)
at java.base/jdk.internal.reflect.DelegatingConstructorAccessorImpl.newInstance(DelegatingConstructorAccessorImpl.java:45)
at java.base/java.lang.reflect.Constructor.newInstance(Constructor.java:490)
at org.codehaus.groovy.reflection.CachedConstructor.invoke(CachedConstructor.java:73)
at org.codehaus.groovy.reflection.CachedConstructor.doConstructorInvoke(CachedConstructor.java:60)
at org.codehaus.groovy.runtime.callsite.ConstructorSite$ConstructorSiteNoUnwrap.callConstructor(ConstructorSite.java:86)
at org.codehaus.groovy.runtime.callsite.CallSiteArray.defaultCallConstructor(CallSiteArray.java:57)
at org.codehaus.groovy.runtime.callsite.AbstractCallSite.callConstructor(AbstractCallSite.java:263)
at org.codehaus.groovy.runtime.callsite.AbstractCallSite.callConstructor(AbstractCallSite.java:277)
at io.restassured.internal.ResponseSpecificationImpl$HamcrestAssertionClosure.validate(ResponseSpecificationImpl.groovy:512)
at io.restassured.internal.ResponseSpecificationImpl$HamcrestAssertionClosure$validate$1.call(Unknown Source)
at io.restassured.internal.ResponseSpecificationImpl.validateResponseIfRequired(ResponseSpecificationImpl.groovy:696)
at io.restassured.internal.ResponseSpecificationImpl.this$2$validateResponseIfRequired(ResponseSpecificationImpl.groovy)
at java.base/jdk.internal.reflect.NativeMethodAccessorImpl.invoke0(Native Method)
at java.base/jdk.internal.reflect.NativeMethodAccessorImpl.invoke(NativeMethodAccessorImpl.java:62)
at java.base/jdk.internal.reflect.DelegatingMethodAccessorImpl.invoke(DelegatingMethodAccessorImpl.java:43)
at java.base/java.lang.reflect.Method.invoke(Method.java:566)
at org.codehaus.groovy.runtime.callsite.PlainObjectMetaMethodSite.doInvoke(PlainObjectMetaMethodSite.java:43)
at org.codehaus.groovy.runtime.callsite.PogoMetaMethodSite$PogoCachedMethodSiteNoUnwrapNoCoerce.invoke(PogoMetaMethodSite.java:198)
at org.codehaus.groovy.runtime.callsite.PogoMetaMethodSite.callCurrent(PogoMetaMethodSite.java:62)
at org.codehaus.groovy.runtime.callsite.CallSiteArray.defaultCallCurrent(CallSiteArray.java:49)
at org.codehaus.groovy.runtime.callsite.AbstractCallSite.callCurrent(AbstractCallSite.java:171)
at org.codehaus.groovy.runtime.callsite.AbstractCallSite.callCurrent(AbstractCallSite.java:185)
at io.restassured.internal.ResponseSpecificationImpl.body(ResponseSpecificationImpl.groovy:107)
at io.restassured.internal.ValidatableResponseOptionsImpl.body(ValidatableResponseOptionsImpl.java:238)
at com.Liftlabs.steps.PetStoreSteps.the_response_should_match_the_schema(PetStoreSteps.java:67)
at ✽.the response should match the schema "schema.json"(file:///Users/laxmanbinawade/Desktop/Automation/JavaProgram/PETAssignment/src/test/resources/features/PetStore.feature:8)
]]>
    </failure>
  </testcase> <!-- runScenario -->
</testsuite> <!-- com.Liftlabs.runner.TestRunner -->
