<?xml version="1.0" encoding="UTF-8"?>
<!-- Generated by org.testng.reporters.JUnitXMLReporter -->
<testsuite ignored="0" hostname="Laxmans-MBP" failures="1" tests="3" name="Default test" time="14.5" errors="0" timestamp="2024-05-27T12:01:31 IST">
  <testcase classname="io.cucumber.testng.AbstractTestNGCucumberTests" name="runScenario" time="5.678">
    <failure type="java.lang.AssertionError" message="1 expectation failed.
Response body doesn&amp;apos;t match expectation.
Expected: The content to match the given JSON schema.
error: object has missing required properties ([&amp;quot;category&amp;quot;])
    level: &amp;quot;error&amp;quot;
    schema: {&amp;quot;loadingURI&amp;quot;:&amp;quot;file:/Users/laxmanbinawade/Desktop/Automation/JavaProgram/PETAssignment/target/test-classes/schema.json#&amp;quot;,&amp;quot;pointer&amp;quot;:&amp;quot;/items/13&amp;quot;}
    instance: {&amp;quot;pointer&amp;quot;:&amp;quot;/13&amp;quot;}
    domain: &amp;quot;validation&amp;quot;
    keyword: &amp;quot;required&amp;quot;
    required: [&amp;quot;category&amp;quot;,&amp;quot;id&amp;quot;,&amp;quot;name&amp;quot;,&amp;quot;photoUrls&amp;quot;,&amp;quot;status&amp;quot;,&amp;quot;tags&amp;quot;]
    missing: [&amp;quot;category&amp;quot;]
error: object has missing required properties ([&amp;quot;category&amp;quot;])
    level: &amp;quot;error&amp;quot;
    schema: {&amp;quot;loadingURI&amp;quot;:&amp;quot;file:/Users/laxmanbinawade/Desktop/Automation/JavaProgram/PETAssignment/target/test-classes/schema.json#&amp;quot;,&amp;quot;pointer&amp;quot;:&amp;quot;/items/14&amp;quot;}
    instance: {&amp;quot;pointer&amp;quot;:&amp;quot;/14&amp;quot;}
    domain: &amp;quot;validation&amp;quot;
    keyword: &amp;quot;required&amp;quot;
    required: [&amp;quot;category&amp;quot;,&amp;quot;id&amp;quot;,&amp;quot;name&amp;quot;,&amp;quot;photoUrls&amp;quot;,&amp;quot;status&amp;quot;,&amp;quot;tags&amp;quot;]
    missing: [&amp;quot;category&amp;quot;]
error: object has missing required properties ([&amp;quot;category&amp;quot;])
    level: &amp;quot;error&amp;quot;
    schema: {&amp;quot;loadingURI&amp;quot;:&amp;quot;file:/Users/laxmanbinawade/Desktop/Automation/JavaProgram/PETAssignment/target/test-classes/schema.json#&amp;quot;,&amp;quot;pointer&amp;quot;:&amp;quot;/items/66&amp;quot;}
    instance: {&amp;quot;pointer&amp;quot;:&amp;quot;/66&amp;quot;}
    domain: &amp;quot;validation&amp;quot;
    keyword: &amp;quot;required&amp;quot;
    required: [&amp;quot;category&amp;quot;,&amp;quot;id&amp;quot;,&amp;quot;name&amp;quot;,&amp;quot;photoUrls&amp;quot;,&amp;quot;status&amp;quot;,&amp;quot;tags&amp;quot;]
    missing: [&amp;quot;category&amp;quot;]
error: object has missing required properties ([&amp;quot;category&amp;quot;])
    level: &amp;quot;error&amp;quot;
    schema: {&amp;quot;loadingURI&amp;quot;:&amp;quot;file:/Users/laxmanbinawade/Desktop/Automation/JavaProgram/PETAssignment/target/test-classes/schema.json#&amp;quot;,&amp;quot;pointer&amp;quot;:&amp;quot;/items/67&amp;quot;}
    instance: {&amp;quot;pointer&amp;quot;:&amp;quot;/67&amp;quot;}
    domain: &amp;quot;validation&amp;quot;
    keyword: &amp;quot;required&amp;quot;
    required: [&amp;quot;category&amp;quot;,&amp;quot;id&amp;quot;,&amp;quot;name&amp;quot;,&amp;quot;photoUrls&amp;quot;,&amp;quot;status&amp;quot;,&amp;quot;tags&amp;quot;]
    missing: [&amp;quot;category&amp;quot;]
error: object has missing required properties ([&amp;quot;category&amp;quot;])
    level: &amp;quot;error&amp;quot;
    schema: {&amp;quot;loadingURI&amp;quot;:&amp;quot;file:/Users/laxmanbinawade/Desktop/Automation/JavaProgram/PETAssignment/target/test-classes/schema.json#&amp;quot;,&amp;quot;pointer&amp;quot;:&amp;quot;/items/75&amp;quot;}
    instance: {&amp;quot;pointer&amp;quot;:&amp;quot;/75&amp;quot;}
    domain: &amp;quot;validation&amp;quot;
    keyword: &amp;quot;required&amp;quot;
    required: [&amp;quot;category&amp;quot;,&amp;quot;id&amp;quot;,&amp;quot;name&amp;quot;,&amp;quot;photoUrls&amp;quot;,&amp;quot;status&amp;quot;,&amp;quot;tags&amp;quot;]
    missing: [&amp;quot;category&amp;quot;]
error: object has missing required properties ([&amp;quot;category&amp;quot;])
    level: &amp;quot;error&amp;quot;
    schema: {&amp;quot;loadingURI&amp;quot;:&amp;quot;file:/Users/laxmanbinawade/Desktop/Automation/JavaProgram/PETAssignment/target/test-classes/schema.json#&amp;quot;,&amp;quot;pointer&amp;quot;:&amp;quot;/items/95&amp;quot;}
    instance: {&amp;quot;pointer&amp;quot;:&amp;quot;/95&amp;quot;}
    domain: &amp;quot;validation&amp;quot;
    keyword: &amp;quot;required&amp;quot;
    required: [&amp;quot;category&amp;quot;,&amp;quot;id&amp;quot;,&amp;quot;name&amp;quot;,&amp;quot;photoUrls&amp;quot;,&amp;quot;status&amp;quot;,&amp;quot;tags&amp;quot;]
    missing: [&amp;quot;category&amp;quot;]
error: object has missing required properties ([&amp;quot;category&amp;quot;])
    level: &amp;quot;error&amp;quot;
    schema: {&amp;quot;loadingURI&amp;quot;:&amp;quot;file:/Users/laxmanbinawade/Desktop/Automation/JavaProgram/PETAssignment/target/test-classes/schema.json#&amp;quot;,&amp;quot;pointer&amp;quot;:&amp;quot;/items/96&amp;quot;}
    instance: {&amp;quot;pointer&amp;quot;:&amp;quot;/96&amp;quot;}
    domain: &amp;quot;validation&amp;quot;
    keyword: &amp;quot;required&amp;quot;
    required: [&amp;quot;category&amp;quot;,&amp;quot;id&amp;quot;,&amp;quot;name&amp;quot;,&amp;quot;photoUrls&amp;quot;,&amp;quot;status&amp;quot;,&amp;quot;tags&amp;quot;]
    missing: [&amp;quot;category&amp;quot;]
error: object has missing required properties ([&amp;quot;category&amp;quot;])
    level: &amp;quot;error&amp;quot;
    schema: {&amp;quot;loadingURI&amp;quot;:&amp;quot;file:/Users/laxmanbinawade/Desktop/Automation/JavaProgram/PETAssignment/target/test-classes/schema.json#&amp;quot;,&amp;quot;pointer&amp;quot;:&amp;quot;/items/127&amp;quot;}
    instance: {&amp;quot;pointer&amp;quot;:&amp;quot;/127&amp;quot;}
    domain: &amp;quot;validation&amp;quot;
    keyword: &amp;quot;required&amp;quot;
    required: [&amp;quot;category&amp;quot;,&amp;quot;id&amp;quot;,&amp;quot;name&amp;quot;,&amp;quot;photoUrls&amp;quot;,&amp;quot;status&amp;quot;,&amp;quot;tags&amp;quot;]
    missing: [&amp;quot;category&amp;quot;]
error: object has missing required properties ([&amp;quot;category&amp;quot;])
    level: &amp;quot;error&amp;quot;
    schema: {&amp;quot;loadingURI&amp;quot;:&amp;quot;file:/Users/laxmanbinawade/Desktop/Automation/JavaProgram/PETAssignment/target/test-classes/schema.json#&amp;quot;,&amp;quot;pointer&amp;quot;:&amp;quot;/items/152&amp;quot;}
    instance: {&amp;quot;pointer&amp;quot;:&amp;quot;/152&amp;quot;}
    domain: &amp;quot;validation&amp;quot;
    keyword: &amp;quot;required&amp;quot;
    required: [&amp;quot;category&amp;quot;,&amp;quot;id&amp;quot;,&amp;quot;name&amp;quot;,&amp;quot;photoUrls&amp;quot;,&amp;quot;status&amp;quot;,&amp;quot;tags&amp;quot;]
    missing: [&amp;quot;category&amp;quot;]
error: object has missing required properties ([&amp;quot;category&amp;quot;])
    level: &amp;quot;error&amp;quot;
    schema: {&amp;quot;loadingURI&amp;quot;:&amp;quot;file:/Users/laxmanbinawade/Desktop/Automation/JavaProgram/PETAssignment/target/test-classes/schema.json#&amp;quot;,&amp;quot;pointer&amp;quot;:&amp;quot;/items/164&amp;quot;}
    instance: {&amp;quot;pointer&amp;quot;:&amp;quot;/164&amp;quot;}
    domain: &amp;quot;validation&amp;quot;
    keyword: &amp;quot;required&amp;quot;
    required: [&amp;quot;category&amp;quot;,&amp;quot;id&amp;quot;,&amp;quot;name&amp;quot;,&amp;quot;photoUrls&amp;quot;,&amp;quot;status&amp;quot;,&amp;quot;tags&amp;quot;]
    missing: [&amp;quot;category&amp;quot;]
error: object has missing required properties ([&amp;quot;category&amp;quot;])
    level: &amp;quot;error&amp;quot;
    schema: {&amp;quot;loadingURI&amp;quot;:&amp;quot;file:/Users/laxmanbinawade/Desktop/Automation/JavaProgram/PETAssignment/target/test-classes/schema.json#&amp;quot;,&amp;quot;pointer&amp;quot;:&amp;quot;/items/166&amp;quot;}
    instance: {&amp;quot;pointer&amp;quot;:&amp;quot;/166&amp;quot;}
    domain: &amp;quot;validation&amp;quot;
    keyword: &amp;quot;required&amp;quot;
    required: [&amp;quot;category&amp;quot;,&amp;quot;id&amp;quot;,&amp;quot;name&amp;quot;,&amp;quot;photoUrls&amp;quot;,&amp;quot;status&amp;quot;,&amp;quot;tags&amp;quot;]
    missing: [&amp;quot;category&amp;quot;]
error: object has missing required properties ([&amp;quot;name&amp;quot;])
    level: &amp;quot;error&amp;quot;
    schema: {&amp;quot;loadingURI&amp;quot;:&amp;quot;file:/Users/laxmanbinawade/Desktop/Automation/JavaProgram/PETAssignment/target/test-classes/schema.json#&amp;quot;,&amp;quot;pointer&amp;quot;:&amp;quot;/items/174&amp;quot;}
    instance: {&amp;quot;pointer&amp;quot;:&amp;quot;/174&amp;quot;}
    domain: &amp;quot;validation&amp;quot;
    keyword: &amp;quot;required&amp;quot;
    required: [&amp;quot;category&amp;quot;,&amp;quot;id&amp;quot;,&amp;quot;name&amp;quot;,&amp;quot;photoUrls&amp;quot;,&amp;quot;status&amp;quot;,&amp;quot;tags&amp;quot;]
    missing: [&amp;quot;name&amp;quot;]
error: object has missing required properties ([&amp;quot;category&amp;quot;])
    level: &amp;quot;error&amp;quot;
    schema: {&amp;quot;loadingURI&amp;quot;:&amp;quot;file:/Users/laxmanbinawade/Desktop/Automation/JavaProgram/PETAssignment/target/test-classes/schema.json#&amp;quot;,&amp;quot;pointer&amp;quot;:&amp;quot;/items/175&amp;quot;}
    instance: {&amp;quot;pointer&amp;quot;:&amp;quot;/175&amp;quot;}
    domain: &amp;quot;validation&amp;quot;
    keyword: &amp;quot;required&amp;quot;
    required: [&amp;quot;category&amp;quot;,&amp;quot;id&amp;quot;,&amp;quot;name&amp;quot;,&amp;quot;photoUrls&amp;quot;,&amp;quot;status&amp;quot;,&amp;quot;tags&amp;quot;]
    missing: [&amp;quot;category&amp;quot;]
error: object has missing required properties ([&amp;quot;category&amp;quot;])
    level: &amp;quot;error&amp;quot;
    schema: {&amp;quot;loadingURI&amp;quot;:&amp;quot;file:/Users/laxmanbinawade/Desktop/Automation/JavaProgram/PETAssignment/target/test-classes/schema.json#&amp;quot;,&amp;quot;pointer&amp;quot;:&amp;quot;/items/182&amp;quot;}
    instance: {&amp;quot;pointer&amp;quot;:&amp;quot;/182&amp;quot;}
    domain: &amp;quot;validation&amp;quot;
    keyword: &amp;quot;required&amp;quot;
    required: [&amp;quot;category&amp;quot;,&amp;quot;id&amp;quot;,&amp;quot;name&amp;quot;,&amp;quot;photoUrls&amp;quot;,&amp;quot;status&amp;quot;,&amp;quot;tags&amp;quot;]
    missing: [&amp;quot;category&amp;quot;]
error: object has missing required properties ([&amp;quot;category&amp;quot;])
    level: &amp;quot;error&amp;quot;
    schema: {&amp;quot;loadingURI&amp;quot;:&amp;quot;file:/Users/laxmanbinawade/Desktop/Automation/JavaProgram/PETAssignment/target/test-classes/schema.json#&amp;quot;,&amp;quot;pointer&amp;quot;:&amp;quot;/items/196&amp;quot;}
    instance: {&amp;quot;pointer&amp;quot;:&amp;quot;/196&amp;quot;}
    domain: &amp;quot;validation&amp;quot;
    keyword: &amp;quot;required&amp;quot;
    required: [&amp;quot;category&amp;quot;,&amp;quot;id&amp;quot;,&amp;quot;name&amp;quot;,&amp;quot;photoUrls&amp;quot;,&amp;quot;status&amp;quot;,&amp;quot;tags&amp;quot;]
    missing: [&amp;quot;category&amp;quot;]

  Actual: [{&amp;quot;id&amp;quot;:9223372034444446772,&amp;quot;category&amp;quot;:{&amp;quot;id&amp;quot;:0,&amp;quot;name&amp;quot;:&amp;quot;string&amp;quot;},&amp;quot;name&amp;quot;:&amp;quot;doggie&amp;quot;,&amp;quot;photoUrls&amp;quot;:[&amp;quot;string&amp;quot;],&amp;quot;tags&amp;quot;:[{&amp;quot;id&amp;quot;:0,&amp;quot;name&amp;quot;:&amp;quot;string&amp;quot;}],&amp;quot;status&amp;quot;:&amp;quot;available&amp;quot;},{&amp;quot;id&amp;quot;:9223372034444446775,&amp;quot;category&amp;quot;:{&amp;quot;id&amp;quot;:0,&amp;quot;name&amp;quot;:&amp;quot;string&amp;quot;},&amp;quot;name&amp;quot;:&amp;quot;doggie&amp;quot;,&amp;quot;photoUrls&amp;quot;:[&amp;quot;string&amp;quot;],&amp;quot;tags&amp;quot;:[{&amp;quot;id&amp;quot;:0,&amp;quot;name&amp;quot;:&amp;quot;string&amp;quot;}],&amp;quot;status&amp;quot;:&amp;quot;available&amp;quot;},{&amp;quot;id&amp;quot;:9223372034444446776,&amp;quot;category&amp;quot;:{&amp;quot;id&amp;quot;:0,&amp;quot;name&amp;quot;:&amp;quot;string&amp;quot;},&amp;quot;name&amp;quot;:&amp;quot;fish&amp;quot;,&amp;quot;photoUrls&amp;quot;:[&amp;quot;string&amp;quot;],&amp;quot;tags&amp;quot;:[{&amp;quot;id&amp;quot;:0,&amp;quot;name&amp;quot;:&amp;quot;string&amp;quot;}],&amp;quot;status&amp;quot;:&amp;quot;available&amp;quot;},{&amp;quot;id&amp;quot;:9223372034444446777,&amp;quot;category&amp;quot;:{&amp;quot;id&amp;quot;:0,&amp;quot;name&amp;quot;:&amp;quot;string&amp;quot;},&amp;quot;name&amp;quot;:&amp;quot;Puff&amp;quot;,&amp;quot;photoUrls&amp;quot;:[&amp;quot;string&amp;quot;],&amp;quot;tags&amp;quot;:[{&amp;quot;id&amp;quot;:0,&amp;quot;name&amp;quot;:&amp;quot;string&amp;quot;}],&amp;quot;status&amp;quot;:&amp;quot;available&amp;quot;},{&amp;quot;id&amp;quot;:9223372034444446786,&amp;quot;category&amp;quot;:{&amp;quot;id&amp;quot;:0,&amp;quot;name&amp;quot;:&amp;quot;string&amp;quot;},&amp;quot;name&amp;quot;:&amp;quot;fish&amp;quot;,&amp;quot;photoUrls&amp;quot;:[&amp;quot;string&amp;quot;],&amp;quot;tags&amp;quot;:[{&amp;quot;id&amp;quot;:0,&amp;quot;name&amp;quot;:&amp;quot;string&amp;quot;}],&amp;quot;status&amp;quot;:&amp;quot;available&amp;quot;},{&amp;quot;id&amp;quot;:9223372034444446795,&amp;quot;category&amp;quot;:{&amp;quot;id&amp;quot;:0,&amp;quot;name&amp;quot;:&amp;quot;string&amp;quot;},&amp;quot;name&amp;quot;:&amp;quot;fish&amp;quot;,&amp;quot;photoUrls&amp;quot;:[&amp;quot;string&amp;quot;],&amp;quot;tags&amp;quot;:[{&amp;quot;id&amp;quot;:0,&amp;quot;name&amp;quot;:&amp;quot;string&amp;quot;}],&amp;quot;status&amp;quot;:&amp;quot;available&amp;quot;},{&amp;quot;id&amp;quot;:9223372034444446801,&amp;quot;category&amp;quot;:{&amp;quot;id&amp;quot;:0,&amp;quot;name&amp;quot;:&amp;quot;string&amp;quot;},&amp;quot;name&amp;quot;:&amp;quot;doggie&amp;quot;,&amp;quot;photoUrls&amp;quot;:[&amp;quot;string&amp;quot;],&amp;quot;tags&amp;quot;:[{&amp;quot;id&amp;quot;:0,&amp;quot;name&amp;quot;:&amp;quot;string&amp;quot;}],&amp;quot;status&amp;quot;:&amp;quot;available&amp;quot;},{&amp;quot;id&amp;quot;:45,&amp;quot;category&amp;quot;:{&amp;quot;id&amp;quot;:0,&amp;quot;name&amp;quot;:&amp;quot;Animal&amp;quot;},&amp;quot;name&amp;quot;:&amp;quot;doggie&amp;quot;,&amp;quot;photoUrls&amp;quot;:[&amp;quot;string&amp;quot;],&amp;quot;tags&amp;quot;:[{&amp;quot;id&amp;quot;:0,&amp;quot;name&amp;quot;:&amp;quot;Dog&amp;quot;}],&amp;quot;status&amp;quot;:&amp;quot;available&amp;quot;},{&amp;quot;id&amp;quot;:9223372034444446807,&amp;quot;category&amp;quot;:{&amp;quot;id&amp;quot;:0,&amp;quot;name&amp;quot;:&amp;quot;string&amp;quot;},&amp;quot;name&amp;quot;:&amp;quot;doggie&amp;quot;,&amp;quot;photoUrls&amp;quot;:[&amp;quot;string&amp;quot;],&amp;quot;tags&amp;quot;:[{&amp;quot;id&amp;quot;:0,&amp;quot;name&amp;quot;:&amp;quot;string&amp;quot;}],&amp;quot;status&amp;quot;:&amp;quot;available&amp;quot;},{&amp;quot;id&amp;quot;:9223372034444446815,&amp;quot;category&amp;quot;:{&amp;quot;id&amp;quot;:0,&amp;quot;name&amp;quot;:&amp;quot;string&amp;quot;},&amp;quot;name&amp;quot;:&amp;quot;fish&amp;quot;,&amp;quot;photoUrls&amp;quot;:[&amp;quot;string&amp;quot;],&amp;quot;tags&amp;quot;:[{&amp;quot;id&amp;quot;:0,&amp;quot;name&amp;quot;:&amp;quot;string&amp;quot;}],&amp;quot;status&amp;quot;:&amp;quot;available&amp;quot;},{&amp;quot;id&amp;quot;:9223372034444446819,&amp;quot;category&amp;quot;:{&amp;quot;id&amp;quot;:0,&amp;quot;name&amp;quot;:&amp;quot;string&amp;quot;},&amp;quot;name&amp;quot;:&amp;quot;fish&amp;quot;,&amp;quot;photoUrls&amp;quot;:[&amp;quot;string&amp;quot;],&amp;quot;tags&amp;quot;:[{&amp;quot;id&amp;quot;:0,&amp;quot;name&amp;quot;:&amp;quot;string&amp;quot;}],&amp;quot;status&amp;quot;:&amp;quot;available&amp;quot;},{&amp;quot;id&amp;quot;:9223372034444446820,&amp;quot;category&amp;quot;:{&amp;quot;id&amp;quot;:0,&amp;quot;name&amp;quot;:&amp;quot;string&amp;quot;},&amp;quot;name&amp;quot;:&amp;quot;fish&amp;quot;,&amp;quot;photoUrls&amp;quot;:[&amp;quot;string&amp;quot;],&amp;quot;tags&amp;quot;:[{&amp;quot;id&amp;quot;:0,&amp;quot;name&amp;quot;:&amp;quot;string&amp;quot;}],&amp;quot;status&amp;quot;:&amp;quot;available&amp;quot;},{&amp;quot;id&amp;quot;:9223372034444446823,&amp;quot;category&amp;quot;:{&amp;quot;id&amp;quot;:0,&amp;quot;name&amp;quot;:&amp;quot;string&amp;quot;},&amp;quot;name&amp;quot;:&amp;quot;Puff&amp;quot;,&amp;quot;photoUrls&amp;quot;:[&amp;quot;string&amp;quot;],&amp;quot;tags&amp;quot;:[{&amp;quot;id&amp;quot;:0,&amp;quot;name&amp;quot;:&amp;quot;string&amp;quot;}],&amp;quot;status&amp;quot;:&amp;quot;available&amp;quot;},{&amp;quot;id&amp;quot;:9223372034444446831,&amp;quot;name&amp;quot;:&amp;quot;doggie&amp;quot;,&amp;quot;photoUrls&amp;quot;:[],&amp;quot;tags&amp;quot;:[],&amp;quot;status&amp;quot;:&amp;quot;available&amp;quot;},{&amp;quot;id&amp;quot;:9223372034444446832,&amp;quot;name&amp;quot;:&amp;quot;doggie&amp;quot;,&amp;quot;photoUrls&amp;quot;:[],&amp;quot;tags&amp;quot;:[],&amp;quot;status&amp;quot;:&amp;quot;available&amp;quot;},{&amp;quot;id&amp;quot;:9223372034444446838,&amp;quot;category&amp;quot;:{&amp;quot;id&amp;quot;:0,&amp;quot;name&amp;quot;:&amp;quot;string&amp;quot;},&amp;quot;name&amp;quot;:&amp;quot;fish&amp;quot;,&amp;quot;photoUrls&amp;quot;:[&amp;quot;string&amp;quot;],&amp;quot;tags&amp;quot;:[{&amp;quot;id&amp;quot;:0,&amp;quot;name&amp;quot;:&amp;quot;string&amp;quot;}],&amp;quot;status&amp;quot;:&amp;quot;available&amp;quot;},{&amp;quot;id&amp;quot;:9223372034444446839,&amp;quot;category&amp;quot;:{&amp;quot;id&amp;quot;:0,&amp;quot;name&amp;quot;:&amp;quot;string&amp;quot;},&amp;quot;name&amp;quot;:&amp;quot;fish&amp;quot;,&amp;quot;photoUrls&amp;quot;:[&amp;quot;string&amp;quot;],&amp;quot;tags&amp;quot;:[{&amp;quot;id&amp;quot;:0,&amp;quot;name&amp;quot;:&amp;quot;string&amp;quot;}],&amp;quot;status&amp;quot;:&amp;quot;available&amp;quot;},{&amp;quot;id&amp;quot;:9223372034444446840,&amp;quot;category&amp;quot;:{&amp;quot;id&amp;quot;:0,&amp;quot;name&amp;quot;:&amp;quot;string&amp;quot;},&amp;quot;name&amp;quot;:&amp;quot;fish&amp;quot;,&amp;quot;photoUrls&amp;quot;:[&amp;quot;string&amp;quot;],&amp;quot;tags&amp;quot;:[{&amp;quot;id&amp;quot;:0,&amp;quot;name&amp;quot;:&amp;quot;string&amp;quot;}],&amp;quot;status&amp;quot;:&amp;quot;available&amp;quot;},{&amp;quot;id&amp;quot;:9223372034444446841,&amp;quot;category&amp;quot;:{&amp;quot;id&amp;quot;:0,&amp;quot;name&amp;quot;:&amp;quot;string&amp;quot;},&amp;quot;name&amp;quot;:&amp;quot;fish&amp;quot;,&amp;quot;photoUrls&amp;quot;:[&amp;quot;string&amp;quot;],&amp;quot;tags&amp;quot;:[{&amp;quot;id&amp;quot;:0,&amp;quot;name&amp;quot;:&amp;quot;string&amp;quot;}],&amp;quot;status&amp;quot;:&amp;quot;available&amp;quot;},{&amp;quot;id&amp;quot;:110,&amp;quot;category&amp;quot;:{&amp;quot;id&amp;quot;:0,&amp;quot;name&amp;quot;:&amp;quot;string&amp;quot;},&amp;quot;name&amp;quot;:&amp;quot;Butterfly&amp;quot;,&amp;quot;photoUrls&amp;quot;:[&amp;quot;string&amp;quot;],&amp;quot;tags&amp;quot;:[{&amp;quot;id&amp;quot;:0,&amp;quot;name&amp;quot;:&amp;quot;string&amp;quot;}],&amp;quot;status&amp;quot;:&amp;quot;available&amp;quot;},{&amp;quot;id&amp;quot;:9223372034444446861,&amp;quot;category&amp;quot;:{&amp;quot;id&amp;quot;:0,&amp;quot;name&amp;quot;:&amp;quot;string&amp;quot;},&amp;quot;name&amp;quot;:&amp;quot;doggie&amp;quot;,&amp;quot;photoUrls&amp;quot;:[&amp;quot;string&amp;quot;],&amp;quot;tags&amp;quot;:[{&amp;quot;id&amp;quot;:0,&amp;quot;name&amp;quot;:&amp;quot;string&amp;quot;}],&amp;quot;status&amp;quot;:&amp;quot;available&amp;quot;},{&amp;quot;id&amp;quot;:9223372034444446862,&amp;quot;category&amp;quot;:{&amp;quot;id&amp;quot;:0,&amp;quot;name&amp;quot;:&amp;quot;string&amp;quot;},&amp;quot;name&amp;quot;:&amp;quot;doggie&amp;quot;,&amp;quot;photoUrls&amp;quot;:[&amp;quot;string&amp;quot;],&amp;quot;tags&amp;quot;:[{&amp;quot;id&amp;quot;:0,&amp;quot;name&amp;quot;:&amp;quot;string&amp;quot;}],&amp;quot;status&amp;quot;:&amp;quot;available&amp;quot;},{&amp;quot;id&amp;quot;:9223372034444446863,&amp;quot;category&amp;quot;:{&amp;quot;id&amp;quot;:0,&amp;quot;name&amp;quot;:&amp;quot;string&amp;quot;},&amp;quot;name&amp;quot;:&amp;quot;fish&amp;quot;,&amp;quot;photoUrls&amp;quot;:[&amp;quot;string&amp;quot;],&amp;quot;tags&amp;quot;:[{&amp;quot;id&amp;quot;:0,&amp;quot;name&amp;quot;:&amp;quot;string&amp;quot;}],&amp;quot;status&amp;quot;:&amp;quot;available&amp;quot;},{&amp;quot;id&amp;quot;:9223372034444446864,&amp;quot;category&amp;quot;:{&amp;quot;id&amp;quot;:0,&amp;quot;name&amp;quot;:&amp;quot;string&amp;quot;},&amp;quot;name&amp;quot;:&amp;quot;doggie&amp;quot;,&amp;quot;photoUrls&amp;quot;:[&amp;quot;string&amp;quot;],&amp;quot;tags&amp;quot;:[{&amp;quot;id&amp;quot;:0,&amp;quot;name&amp;quot;:&amp;quot;string&amp;quot;}],&amp;quot;status&amp;quot;:&amp;quot;available&amp;quot;},{&amp;quot;id&amp;quot;:9223372034444446865,&amp;quot;category&amp;quot;:{&amp;quot;id&amp;quot;:0,&amp;quot;name&amp;quot;:&amp;quot;string&amp;quot;},&amp;quot;name&amp;quot;:&amp;quot;doggie&amp;quot;,&amp;quot;photoUrls&amp;quot;:[&amp;quot;string&amp;quot;],&amp;quot;tags&amp;quot;:[{&amp;quot;id&amp;quot;:0,&amp;quot;name&amp;quot;:&amp;quot;string&amp;quot;}],&amp;quot;status&amp;quot;:&amp;quot;available&amp;quot;},{&amp;quot;id&amp;quot;:9223372034444446866,&amp;quot;category&amp;quot;:{&amp;quot;id&amp;quot;:0,&amp;quot;name&amp;quot;:&amp;quot;string&amp;quot;},&amp;quot;name&amp;quot;:&amp;quot;fish&amp;quot;,&amp;quot;photoUrls&amp;quot;:[&amp;quot;string&amp;quot;],&amp;quot;tags&amp;quot;:[{&amp;quot;id&amp;quot;:0,&amp;quot;name&amp;quot;:&amp;quot;string&amp;quot;}],&amp;quot;status&amp;quot;:&amp;quot;available&amp;quot;},{&amp;quot;id&amp;quot;:9223372034444446867,&amp;quot;category&amp;quot;:{&amp;quot;id&amp;quot;:0,&amp;quot;name&amp;quot;:&amp;quot;string&amp;quot;},&amp;quot;name&amp;quot;:&amp;quot;Puff&amp;quot;,&amp;quot;photoUrls&amp;quot;:[&amp;quot;string&amp;quot;],&amp;quot;tags&amp;quot;:[{&amp;quot;id&amp;quot;:0,&amp;quot;name&amp;quot;:&amp;quot;string&amp;quot;}],&amp;quot;status&amp;quot;:&amp;quot;available&amp;quot;},{&amp;quot;id&amp;quot;:9223372036854018119,&amp;quot;category&amp;quot;:{&amp;quot;id&amp;quot;:0,&amp;quot;name&amp;quot;:&amp;quot;string&amp;quot;},&amp;quot;name&amp;quot;:&amp;quot;doggie&amp;quot;,&amp;quot;photoUrls&amp;quot;:[&amp;quot;string&amp;quot;],&amp;quot;tags&amp;quot;:[{&amp;quot;id&amp;quot;:0,&amp;quot;name&amp;quot;:&amp;quot;string&amp;quot;}],&amp;quot;status&amp;quot;:&amp;quot;available&amp;quot;},{&amp;quot;id&amp;quot;:9223372036854018122,&amp;quot;category&amp;quot;:{&amp;quot;id&amp;quot;:0,&amp;quot;name&amp;quot;:&amp;quot;string&amp;quot;},&amp;quot;name&amp;quot;:&amp;quot;fish&amp;quot;,&amp;quot;photoUrls&amp;quot;:[&amp;quot;string&amp;quot;],&amp;quot;tags&amp;quot;:[{&amp;quot;id&amp;quot;:0,&amp;quot;name&amp;quot;:&amp;quot;string&amp;quot;}],&amp;quot;status&amp;quot;:&amp;quot;available&amp;quot;},{&amp;quot;id&amp;quot;:2726,&amp;quot;category&amp;quot;:{&amp;quot;id&amp;quot;:0,&amp;quot;name&amp;quot;:&amp;quot;Animals&amp;quot;},&amp;quot;name&amp;quot;:&amp;quot;doggie&amp;quot;,&amp;quot;photoUrls&amp;quot;:[&amp;quot;string&amp;quot;],&amp;quot;tags&amp;quot;:[{&amp;quot;id&amp;quot;:0,&amp;quot;name&amp;quot;:&amp;quot;string&amp;quot;}],&amp;quot;status&amp;quot;:&amp;quot;available&amp;quot;},{&amp;quot;id&amp;quot;:5555,&amp;quot;category&amp;quot;:{&amp;quot;id&amp;quot;:5556,&amp;quot;name&amp;quot;:&amp;quot;indie&amp;quot;},&amp;quot;name&amp;quot;:&amp;quot;jimmy&amp;quot;,&amp;quot;photoUrls&amp;quot;:[&amp;quot;string&amp;quot;],&amp;quot;tags&amp;quot;:[{&amp;quot;id&amp;quot;:0,&amp;quot;name&amp;quot;:&amp;quot;string&amp;quot;}],&amp;quot;status&amp;quot;:&amp;quot;available&amp;quot;},{&amp;quot;id&amp;quot;:9223372036854018134,&amp;quot;category&amp;quot;:{&amp;quot;id&amp;quot;:0,&amp;quot;name&amp;quot;:&amp;quot;string&amp;quot;},&amp;quot;name&amp;quot;:&amp;quot;fish&amp;quot;,&amp;quot;photoUrls&amp;quot;:[&amp;quot;string&amp;quot;],&amp;quot;tags&amp;quot;:[{&amp;quot;id&amp;quot;:0,&amp;quot;name&amp;quot;:&amp;quot;string&amp;quot;}],&amp;quot;status&amp;quot;:&amp;quot;available&amp;quot;},{&amp;quot;id&amp;quot;:1111,&amp;quot;category&amp;quot;:{&amp;quot;id&amp;quot;:1112,&amp;quot;name&amp;quot;:&amp;quot;indie&amp;quot;},&amp;quot;name&amp;quot;:&amp;quot;jimmy&amp;quot;,&amp;quot;photoUrls&amp;quot;:[&amp;quot;string&amp;quot;],&amp;quot;tags&amp;quot;:[{&amp;quot;id&amp;quot;:0,&amp;quot;name&amp;quot;:&amp;quot;string&amp;quot;}],&amp;quot;status&amp;quot;:&amp;quot;available&amp;quot;},{&amp;quot;id&amp;quot;:9223372036854018165,&amp;quot;category&amp;quot;:{&amp;quot;id&amp;quot;:0,&amp;quot;name&amp;quot;:&amp;quot;string&amp;quot;},&amp;quot;name&amp;quot;:&amp;quot;fish&amp;quot;,&amp;quot;photoUrls&amp;quot;:[&amp;quot;string&amp;quot;],&amp;quot;tags&amp;quot;:[{&amp;quot;id&amp;quot;:0,&amp;quot;name&amp;quot;:&amp;quot;string&amp;quot;}],&amp;quot;status&amp;quot;:&amp;quot;available&amp;quot;},{&amp;quot;id&amp;quot;:9223372036854018181,&amp;quot;category&amp;quot;:{&amp;quot;id&amp;quot;:0,&amp;quot;name&amp;quot;:&amp;quot;string&amp;quot;},&amp;quot;name&amp;quot;:&amp;quot;fish&amp;quot;,&amp;quot;photoUrls&amp;quot;:[&amp;quot;string&amp;quot;],&amp;quot;tags&amp;quot;:[{&amp;quot;id&amp;quot;:0,&amp;quot;name&amp;quot;:&amp;quot;string&amp;quot;}],&amp;quot;status&amp;quot;:&amp;quot;available&amp;quot;},{&amp;quot;id&amp;quot;:9223372036854018182,&amp;quot;category&amp;quot;:{&amp;quot;id&amp;quot;:0,&amp;quot;name&amp;quot;:&amp;quot;string&amp;quot;},&amp;quot;name&amp;quot;:&amp;quot;fish&amp;quot;,&amp;quot;photoUrls&amp;quot;:[&amp;quot;string&amp;quot;],&amp;quot;tags&amp;quot;:[{&amp;quot;id&amp;quot;:0,&amp;quot;name&amp;quot;:&amp;quot;string&amp;quot;}],&amp;quot;status&amp;quot;:&amp;quot;available&amp;quot;},{&amp;quot;id&amp;quot;:9223372036854018183,&amp;quot;category&amp;quot;:{&amp;quot;id&amp;quot;:0,&amp;quot;name&amp;quot;:&amp;quot;string&amp;quot;},&amp;quot;name&amp;quot;:&amp;quot;Puff&amp;quot;,&amp;quot;photoUrls&amp;quot;:[&amp;quot;string&amp;quot;],&amp;quot;tags&amp;quot;:[{&amp;quot;id&amp;quot;:0,&amp;quot;name&amp;quot;:&amp;quot;string&amp;quot;}],&amp;quot;status&amp;quot;:&amp;quot;available&amp;quot;},{&amp;quot;id&amp;quot;:9223372036854018197,&amp;quot;category&amp;quot;:{&amp;quot;id&amp;quot;:0,&amp;quot;name&amp;quot;:&amp;quot;string&amp;quot;},&amp;quot;name&amp;quot;:&amp;quot;fish&amp;quot;,&amp;quot;photoUrls&amp;quot;:[&amp;quot;string&amp;quot;],&amp;quot;tags&amp;quot;:[{&amp;quot;id&amp;quot;:0,&amp;quot;name&amp;quot;:&amp;quot;string&amp;quot;}],&amp;quot;status&amp;quot;:&amp;quot;available&amp;quot;},{&amp;quot;id&amp;quot;:2,&amp;quot;category&amp;quot;:{&amp;quot;id&amp;quot;:2,&amp;quot;name&amp;quot;:&amp;quot;dog&amp;quot;},&amp;quot;name&amp;quot;:&amp;quot;Pinkie&amp;quot;,&amp;quot;photoUrls&amp;quot;:[&amp;quot;string&amp;quot;],&amp;quot;tags&amp;quot;:[{&amp;quot;id&amp;quot;:2,&amp;quot;name&amp;quot;:&amp;quot;string&amp;quot;}],&amp;quot;status&amp;quot;:&amp;quot;available&amp;quot;},{&amp;quot;id&amp;quot;:9223372036854018200,&amp;quot;category&amp;quot;:{&amp;quot;id&amp;quot;:0,&amp;quot;name&amp;quot;:&amp;quot;string&amp;quot;},&amp;quot;name&amp;quot;:&amp;quot;fish&amp;quot;,&amp;quot;photoUrls&amp;quot;:[&amp;quot;string&amp;quot;],&amp;quot;tags&amp;quot;:[{&amp;quot;id&amp;quot;:0,&amp;quot;name&amp;quot;:&amp;quot;string&amp;quot;}],&amp;quot;status&amp;quot;:&amp;quot;available&amp;quot;},{&amp;quot;id&amp;quot;:9223372036854018201,&amp;quot;category&amp;quot;:{&amp;quot;id&amp;quot;:0,&amp;quot;name&amp;quot;:&amp;quot;string&amp;quot;},&amp;quot;name&amp;quot;:&amp;quot;fish&amp;quot;,&amp;quot;photoUrls&amp;quot;:[&amp;quot;string&amp;quot;],&amp;quot;tags&amp;quot;:[{&amp;quot;id&amp;quot;:0,&amp;quot;name&amp;quot;:&amp;quot;string&amp;quot;}],&amp;quot;status&amp;quot;:&amp;quot;available&amp;quot;},{&amp;quot;id&amp;quot;:9223372036854018202,&amp;quot;category&amp;quot;:{&amp;quot;id&amp;quot;:0,&amp;quot;name&amp;quot;:&amp;quot;string&amp;quot;},&amp;quot;name&amp;quot;:&amp;quot;fish&amp;quot;,&amp;quot;photoUrls&amp;quot;:[&amp;quot;string&amp;quot;],&amp;quot;tags&amp;quot;:[{&amp;quot;id&amp;quot;:0,&amp;quot;name&amp;quot;:&amp;quot;string&amp;quot;}],&amp;quot;status&amp;quot;:&amp;quot;available&amp;quot;},{&amp;quot;id&amp;quot;:12,&amp;quot;category&amp;quot;:{&amp;quot;id&amp;quot;:1,&amp;quot;name&amp;quot;:&amp;quot;string&amp;quot;},&amp;quot;name&amp;quot;:&amp;quot;doggie&amp;quot;,&amp;quot;photoUrls&amp;quot;:[&amp;quot;string&amp;quot;],&amp;quot;tags&amp;quot;:[{&amp;quot;id&amp;quot;:1,&amp;quot;name&amp;quot;:&amp;quot;string&amp;quot;}],&amp;quot;status&amp;quot;:&amp;quot;available&amp;quot;},{&amp;quot;id&amp;quot;:1245,&amp;quot;category&amp;quot;:{&amp;quot;id&amp;quot;:1245,&amp;quot;name&amp;quot;:&amp;quot;xyz&amp;quot;},&amp;quot;name&amp;quot;:&amp;quot;xyz&amp;quot;,&amp;quot;photoUrls&amp;quot;:[&amp;quot;test&amp;quot;],&amp;quot;tags&amp;quot;:[],&amp;quot;status&amp;quot;:&amp;quot;available&amp;quot;},{&amp;quot;id&amp;quot;:9223372036854018230,&amp;quot;category&amp;quot;:{&amp;quot;id&amp;quot;:0,&amp;quot;name&amp;quot;:&amp;quot;string&amp;quot;},&amp;quot;name&amp;quot;:&amp;quot;doggie&amp;quot;,&amp;quot;photoUrls&amp;quot;:[&amp;quot;string&amp;quot;],&amp;quot;tags&amp;quot;:[{&amp;quot;id&amp;quot;:0,&amp;quot;name&amp;quot;:&amp;quot;string&amp;quot;}],&amp;quot;status&amp;quot;:&amp;quot;available&amp;quot;},{&amp;quot;id&amp;quot;:9223372036854018231,&amp;quot;category&amp;quot;:{&amp;quot;id&amp;quot;:0,&amp;quot;name&amp;quot;:&amp;quot;string&amp;quot;},&amp;quot;name&amp;quot;:&amp;quot;fish&amp;quot;,&amp;quot;photoUrls&amp;quot;:[&amp;quot;string&amp;quot;],&amp;quot;tags&amp;quot;:[{&amp;quot;id&amp;quot;:0,&amp;quot;name&amp;quot;:&amp;quot;string&amp;quot;}],&amp;quot;status&amp;quot;:&amp;quot;available&amp;quot;},{&amp;quot;id&amp;quot;:9223372036854018233,&amp;quot;category&amp;quot;:{&amp;quot;id&amp;quot;:0,&amp;quot;name&amp;quot;:&amp;quot;Jerry&amp;quot;},&amp;quot;name&amp;quot;:&amp;quot;Mouse&amp;quot;,&amp;quot;photoUrls&amp;quot;:[&amp;quot;string&amp;quot;],&amp;quot;tags&amp;quot;:[{&amp;quot;id&amp;quot;:0,&amp;quot;name&amp;quot;:&amp;quot;Mouse&amp;quot;}],&amp;quot;status&amp;quot;:&amp;quot;available&amp;quot;},{&amp;quot;id&amp;quot;:9223372036854018234,&amp;quot;category&amp;quot;:{&amp;quot;id&amp;quot;:0,&amp;quot;name&amp;quot;:&amp;quot;string&amp;quot;},&amp;quot;name&amp;quot;:&amp;quot;Puff&amp;quot;,&amp;quot;photoUrls&amp;quot;:[&amp;quot;string&amp;quot;],&amp;quot;tags&amp;quot;:[{&amp;quot;id&amp;quot;:0,&amp;quot;name&amp;quot;:&amp;quot;string&amp;quot;}],&amp;quot;status&amp;quot;:&amp;quot;available&amp;quot;},{&amp;quot;id&amp;quot;:9223372036854018237,&amp;quot;category&amp;quot;:{&amp;quot;id&amp;quot;:0,&amp;quot;name&amp;quot;:&amp;quot;string&amp;quot;},&amp;quot;name&amp;quot;:&amp;quot;fish&amp;quot;,&amp;quot;photoUrls&amp;quot;:[&amp;quot;string&amp;quot;],&amp;quot;tags&amp;quot;:[{&amp;quot;id&amp;quot;:0,&amp;quot;name&amp;quot;:&amp;quot;string&amp;quot;}],&amp;quot;status&amp;quot;:&amp;quot;available&amp;quot;},{&amp;quot;id&amp;quot;:9223372036854018281,&amp;quot;category&amp;quot;:{&amp;quot;id&amp;quot;:0,&amp;quot;name&amp;quot;:&amp;quot;string&amp;quot;},&amp;quot;name&amp;quot;:&amp;quot;doggie&amp;quot;,&amp;quot;photoUrls&amp;quot;:[&amp;quot;string&amp;quot;],&amp;quot;tags&amp;quot;:[{&amp;quot;id&amp;quot;:0,&amp;quot;name&amp;quot;:&amp;quot;string&amp;quot;}],&amp;quot;status&amp;quot;:&amp;quot;available&amp;quot;},{&amp;quot;id&amp;quot;:9223372036854018285,&amp;quot;category&amp;quot;:{&amp;quot;id&amp;quot;:0,&amp;quot;name&amp;quot;:&amp;quot;string&amp;quot;},&amp;quot;name&amp;quot;:&amp;quot;fish&amp;quot;,&amp;quot;photoUrls&amp;quot;:[&amp;quot;string&amp;quot;],&amp;quot;tags&amp;quot;:[{&amp;quot;id&amp;quot;:0,&amp;quot;name&amp;quot;:&amp;quot;string&amp;quot;}],&amp;quot;status&amp;quot;:&amp;quot;available&amp;quot;},{&amp;quot;id&amp;quot;:9223372036854018300,&amp;quot;category&amp;quot;:{&amp;quot;id&amp;quot;:0,&amp;quot;name&amp;quot;:&amp;quot;string&amp;quot;},&amp;quot;name&amp;quot;:&amp;quot;fish&amp;quot;,&amp;quot;photoUrls&amp;quot;:[&amp;quot;string&amp;quot;],&amp;quot;tags&amp;quot;:[{&amp;quot;id&amp;quot;:0,&amp;quot;name&amp;quot;:&amp;quot;string&amp;quot;}],&amp;quot;status&amp;quot;:&amp;quot;available&amp;quot;},{&amp;quot;id&amp;quot;:105,&amp;quot;category&amp;quot;:{&amp;quot;id&amp;quot;:0,&amp;quot;name&amp;quot;:&amp;quot;string&amp;quot;},&amp;quot;name&amp;quot;:&amp;quot;cat&amp;quot;,&amp;quot;photoUrls&amp;quot;:[&amp;quot;string&amp;quot;],&amp;quot;tags&amp;quot;:[{&amp;quot;id&amp;quot;:0,&amp;quot;name&amp;quot;:&amp;quot;string&amp;quot;}],&amp;quot;status&amp;quot;:&amp;quot;available&amp;quot;},{&amp;quot;id&amp;quot;:9223372036854018301,&amp;quot;category&amp;quot;:{&amp;quot;id&amp;quot;:0,&amp;quot;name&amp;quot;:&amp;quot;string&amp;quot;},&amp;quot;name&amp;quot;:&amp;quot;fish&amp;quot;,&amp;quot;photoUrls&amp;quot;:[&amp;quot;string&amp;quot;],&amp;quot;tags&amp;quot;:[{&amp;quot;id&amp;quot;:0,&amp;quot;name&amp;quot;:&amp;quot;string&amp;quot;}],&amp;quot;status&amp;quot;:&amp;quot;available&amp;quot;},{&amp;quot;id&amp;quot;:9223372036854018304,&amp;quot;category&amp;quot;:{&amp;quot;id&amp;quot;:0,&amp;quot;name&amp;quot;:&amp;quot;string&amp;quot;},&amp;quot;name&amp;quot;:&amp;quot;Puff&amp;quot;,&amp;quot;photoUrls&amp;quot;:[&amp;quot;string&amp;quot;],&amp;quot;tags&amp;quot;:[{&amp;quot;id&amp;quot;:0,&amp;quot;name&amp;quot;:&amp;quot;string&amp;quot;}],&amp;quot;status&amp;quot;:&amp;quot;available&amp;quot;},{&amp;quot;id&amp;quot;:9223372036854018313,&amp;quot;category&amp;quot;:{&amp;quot;id&amp;quot;:0,&amp;quot;name&amp;quot;:&amp;quot;string&amp;quot;},&amp;quot;name&amp;quot;:&amp;quot;doggie 2&amp;quot;,&amp;quot;photoUrls&amp;quot;:[&amp;quot;string&amp;quot;],&amp;quot;tags&amp;quot;:[{&amp;quot;id&amp;quot;:0,&amp;quot;name&amp;quot;:&amp;quot;string&amp;quot;}],&amp;quot;status&amp;quot;:&amp;quot;available&amp;quot;},{&amp;quot;id&amp;quot;:9223372036854018314,&amp;quot;category&amp;quot;:{&amp;quot;id&amp;quot;:0,&amp;quot;name&amp;quot;:&amp;quot;string&amp;quot;},&amp;quot;name&amp;quot;:&amp;quot;fish&amp;quot;,&amp;quot;photoUrls&amp;quot;:[&amp;quot;string&amp;quot;],&amp;quot;tags&amp;quot;:[{&amp;quot;id&amp;quot;:0,&amp;quot;name&amp;quot;:&amp;quot;string&amp;quot;}],&amp;quot;status&amp;quot;:&amp;quot;available&amp;quot;},{&amp;quot;id&amp;quot;:9223372036854018317,&amp;quot;category&amp;quot;:{&amp;quot;id&amp;quot;:0,&amp;quot;name&amp;quot;:&amp;quot;string&amp;quot;},&amp;quot;name&amp;quot;:&amp;quot;doggie&amp;quot;,&amp;quot;photoUrls&amp;quot;:[&amp;quot;string&amp;quot;],&amp;quot;tags&amp;quot;:[{&amp;quot;id&amp;quot;:0,&amp;quot;name&amp;quot;:&amp;quot;string&amp;quot;}],&amp;quot;status&amp;quot;:&amp;quot;available&amp;quot;},{&amp;quot;id&amp;quot;:9223372036854018318,&amp;quot;category&amp;quot;:{&amp;quot;id&amp;quot;:0,&amp;quot;name&amp;quot;:&amp;quot;string&amp;quot;},&amp;quot;name&amp;quot;:&amp;quot;fish&amp;quot;,&amp;quot;photoUrls&amp;quot;:[&amp;quot;string&amp;quot;],&amp;quot;tags&amp;quot;:[{&amp;quot;id&amp;quot;:0,&amp;quot;name&amp;quot;:&amp;quot;string&amp;quot;}],&amp;quot;status&amp;quot;:&amp;quot;available&amp;quot;},{&amp;quot;id&amp;quot;:9223372036854018319,&amp;quot;category&amp;quot;:{&amp;quot;id&amp;quot;:0,&amp;quot;name&amp;quot;:&amp;quot;string&amp;quot;},&amp;quot;name&amp;quot;:&amp;quot;fish&amp;quot;,&amp;quot;photoUrls&amp;quot;:[&amp;quot;string&amp;quot;],&amp;quot;tags&amp;quot;:[{&amp;quot;id&amp;quot;:0,&amp;quot;name&amp;quot;:&amp;quot;string&amp;quot;}],&amp;quot;status&amp;quot;:&amp;quot;available&amp;quot;},{&amp;quot;id&amp;quot;:9223372036854018322,&amp;quot;category&amp;quot;:{&amp;quot;id&amp;quot;:0,&amp;quot;name&amp;quot;:&amp;quot;string&amp;quot;},&amp;quot;name&amp;quot;:&amp;quot;fish&amp;quot;,&amp;quot;photoUrls&amp;quot;:[&amp;quot;string&amp;quot;],&amp;quot;tags&amp;quot;:[{&amp;quot;id&amp;quot;:0,&amp;quot;name&amp;quot;:&amp;quot;string&amp;quot;}],&amp;quot;status&amp;quot;:&amp;quot;available&amp;quot;},{&amp;quot;id&amp;quot;:49499,&amp;quot;category&amp;quot;:{&amp;quot;id&amp;quot;:0,&amp;quot;name&amp;quot;:&amp;quot;string&amp;quot;},&amp;quot;name&amp;quot;:&amp;quot;Labrador&amp;quot;,&amp;quot;photoUrls&amp;quot;:[&amp;quot;string&amp;quot;],&amp;quot;tags&amp;quot;:[{&amp;quot;id&amp;quot;:0,&amp;quot;name&amp;quot;:&amp;quot;string&amp;quot;}],&amp;quot;status&amp;quot;:&amp;quot;available&amp;quot;},{&amp;quot;id&amp;quot;:9223372036854018336,&amp;quot;category&amp;quot;:{&amp;quot;id&amp;quot;:0,&amp;quot;name&amp;quot;:&amp;quot;string&amp;quot;},&amp;quot;name&amp;quot;:&amp;quot;doggie 2&amp;quot;,&amp;quot;photoUrls&amp;quot;:[&amp;quot;string&amp;quot;],&amp;quot;tags&amp;quot;:[{&amp;quot;id&amp;quot;:0,&amp;quot;name&amp;quot;:&amp;quot;string&amp;quot;}],&amp;quot;status&amp;quot;:&amp;quot;available&amp;quot;},{&amp;quot;id&amp;quot;:9223372036854018342,&amp;quot;category&amp;quot;:{&amp;quot;id&amp;quot;:0,&amp;quot;name&amp;quot;:&amp;quot;string&amp;quot;},&amp;quot;name&amp;quot;:&amp;quot;doggie&amp;quot;,&amp;quot;photoUrls&amp;quot;:[&amp;quot;string&amp;quot;],&amp;quot;tags&amp;quot;:[{&amp;quot;id&amp;quot;:0,&amp;quot;name&amp;quot;:&amp;quot;string&amp;quot;}],&amp;quot;status&amp;quot;:&amp;quot;available&amp;quot;},{&amp;quot;id&amp;quot;:9223372036854018343,&amp;quot;category&amp;quot;:{&amp;quot;id&amp;quot;:0,&amp;quot;name&amp;quot;:&amp;quot;string&amp;quot;},&amp;quot;name&amp;quot;:&amp;quot;fish&amp;quot;,&amp;quot;photoUrls&amp;quot;:[&amp;quot;string&amp;quot;],&amp;quot;tags&amp;quot;:[{&amp;quot;id&amp;quot;:0,&amp;quot;name&amp;quot;:&amp;quot;string&amp;quot;}],&amp;quot;status&amp;quot;:&amp;quot;available&amp;quot;},{&amp;quot;id&amp;quot;:9223372036854018345,&amp;quot;category&amp;quot;:{&amp;quot;id&amp;quot;:0,&amp;quot;name&amp;quot;:&amp;quot;string&amp;quot;},&amp;quot;name&amp;quot;:&amp;quot;Puff&amp;quot;,&amp;quot;photoUrls&amp;quot;:[&amp;quot;string&amp;quot;],&amp;quot;tags&amp;quot;:[{&amp;quot;id&amp;quot;:0,&amp;quot;name&amp;quot;:&amp;quot;string&amp;quot;}],&amp;quot;status&amp;quot;:&amp;quot;available&amp;quot;},{&amp;quot;id&amp;quot;:9223372036854018349,&amp;quot;name&amp;quot;:&amp;quot;doggie&amp;quot;,&amp;quot;photoUrls&amp;quot;:[],&amp;quot;tags&amp;quot;:[],&amp;quot;status&amp;quot;:&amp;quot;available&amp;quot;},{&amp;quot;id&amp;quot;:9223372036854018350,&amp;quot;name&amp;quot;:&amp;quot;doggie&amp;quot;,&amp;quot;photoUrls&amp;quot;:[],&amp;quot;tags&amp;quot;:[],&amp;quot;status&amp;quot;:&amp;quot;available&amp;quot;},{&amp;quot;id&amp;quot;:9223372036854018353,&amp;quot;category&amp;quot;:{&amp;quot;id&amp;quot;:0,&amp;quot;name&amp;quot;:&amp;quot;string&amp;quot;},&amp;quot;name&amp;quot;:&amp;quot;fish&amp;quot;,&amp;quot;photoUrls&amp;quot;:[&amp;quot;string&amp;quot;],&amp;quot;tags&amp;quot;:[{&amp;quot;id&amp;quot;:0,&amp;quot;name&amp;quot;:&amp;quot;string&amp;quot;}],&amp;quot;status&amp;quot;:&amp;quot;available&amp;quot;},{&amp;quot;id&amp;quot;:9223372036854018360,&amp;quot;category&amp;quot;:{&amp;quot;id&amp;quot;:0,&amp;quot;name&amp;quot;:&amp;quot;string&amp;quot;},&amp;quot;name&amp;quot;:&amp;quot;fish&amp;quot;,&amp;quot;photoUrls&amp;quot;:[&amp;quot;string&amp;quot;],&amp;quot;tags&amp;quot;:[{&amp;quot;id&amp;quot;:0,&amp;quot;name&amp;quot;:&amp;quot;string&amp;quot;}],&amp;quot;status&amp;quot;:&amp;quot;available&amp;quot;},{&amp;quot;id&amp;quot;:9223372036854018369,&amp;quot;name&amp;quot;:&amp;quot;Kitty&amp;quot;,&amp;quot;photoUrls&amp;quot;:[],&amp;quot;tags&amp;quot;:[],&amp;quot;status&amp;quot;:&amp;quot;available&amp;quot;},{&amp;quot;id&amp;quot;:9223372036854018376,&amp;quot;category&amp;quot;:{&amp;quot;id&amp;quot;:0,&amp;quot;name&amp;quot;:&amp;quot;Dog&amp;quot;},&amp;quot;name&amp;quot;:&amp;quot;tommy&amp;quot;,&amp;quot;photoUrls&amp;quot;:[&amp;quot;string&amp;quot;],&amp;quot;tags&amp;quot;:[{&amp;quot;id&amp;quot;:0,&amp;quot;name&amp;quot;:&amp;quot;string&amp;quot;}],&amp;quot;status&amp;quot;:&amp;quot;available&amp;quot;},{&amp;quot;id&amp;quot;:9223372036854018383,&amp;quot;category&amp;quot;:{&amp;quot;id&amp;quot;:0,&amp;quot;name&amp;quot;:&amp;quot;string&amp;quot;},&amp;quot;name&amp;quot;:&amp;quot;fish&amp;quot;,&amp;quot;photoUrls&amp;quot;:[&amp;quot;string&amp;quot;],&amp;quot;tags&amp;quot;:[{&amp;quot;id&amp;quot;:0,&amp;quot;name&amp;quot;:&amp;quot;string&amp;quot;}],&amp;quot;status&amp;quot;:&amp;quot;available&amp;quot;},{&amp;quot;id&amp;quot;:9223372036854018394,&amp;quot;category&amp;quot;:{&amp;quot;id&amp;quot;:0,&amp;quot;name&amp;quot;:&amp;quot;string&amp;quot;},&amp;quot;name&amp;quot;:&amp;quot;fish&amp;quot;,&amp;quot;photoUrls&amp;quot;:[&amp;quot;string&amp;quot;],&amp;quot;tags&amp;quot;:[{&amp;quot;id&amp;quot;:0,&amp;quot;name&amp;quot;:&amp;quot;string&amp;quot;}],&amp;quot;status&amp;quot;:&amp;quot;available&amp;quot;},{&amp;quot;id&amp;quot;:9223372036854018397,&amp;quot;category&amp;quot;:{&amp;quot;id&amp;quot;:0,&amp;quot;name&amp;quot;:&amp;quot;string&amp;quot;},&amp;quot;name&amp;quot;:&amp;quot;Puff&amp;quot;,&amp;quot;photoUrls&amp;quot;:[&amp;quot;string&amp;quot;],&amp;quot;tags&amp;quot;:[{&amp;quot;id&amp;quot;:0,&amp;quot;name&amp;quot;:&amp;quot;string&amp;quot;}],&amp;quot;status&amp;quot;:&amp;quot;available&amp;quot;},{&amp;quot;id&amp;quot;:9223372036854018401,&amp;quot;name&amp;quot;:&amp;quot;Kitty&amp;quot;,&amp;quot;photoUrls&amp;quot;:[],&amp;quot;tags&amp;quot;:[],&amp;quot;status&amp;quot;:&amp;quot;available&amp;quot;},{&amp;quot;id&amp;quot;:9223372036854018407,&amp;quot;category&amp;quot;:{&amp;quot;id&amp;quot;:0,&amp;quot;name&amp;quot;:&amp;quot;string&amp;quot;},&amp;quot;name&amp;quot;:&amp;quot;fish&amp;quot;,&amp;quot;photoUrls&amp;quot;:[&amp;quot;string&amp;quot;],&amp;quot;tags&amp;quot;:[{&amp;quot;id&amp;quot;:0,&amp;quot;name&amp;quot;:&amp;quot;string&amp;quot;}],&amp;quot;status&amp;quot;:&amp;quot;available&amp;quot;},{&amp;quot;id&amp;quot;:9223372036854018408,&amp;quot;category&amp;quot;:{&amp;quot;id&amp;quot;:0,&amp;quot;name&amp;quot;:&amp;quot;string&amp;quot;},&amp;quot;name&amp;quot;:&amp;quot;fish&amp;quot;,&amp;quot;photoUrls&amp;quot;:[&amp;quot;string&amp;quot;],&amp;quot;tags&amp;quot;:[{&amp;quot;id&amp;quot;:0,&amp;quot;name&amp;quot;:&amp;quot;string&amp;quot;}],&amp;quot;status&amp;quot;:&amp;quot;available&amp;quot;},{&amp;quot;id&amp;quot;:9223372036854018409,&amp;quot;category&amp;quot;:{&amp;quot;id&amp;quot;:0,&amp;quot;name&amp;quot;:&amp;quot;string&amp;quot;},&amp;quot;name&amp;quot;:&amp;quot;fish&amp;quot;,&amp;quot;photoUrls&amp;quot;:[&amp;quot;string&amp;quot;],&amp;quot;tags&amp;quot;:[{&amp;quot;id&amp;quot;:0,&amp;quot;name&amp;quot;:&amp;quot;string&amp;quot;}],&amp;quot;status&amp;quot;:&amp;quot;available&amp;quot;},{&amp;quot;id&amp;quot;:9999,&amp;quot;category&amp;quot;:{&amp;quot;id&amp;quot;:0,&amp;quot;name&amp;quot;:&amp;quot;dog&amp;quot;},&amp;quot;name&amp;quot;:&amp;quot;doggie testit&amp;quot;,&amp;quot;photoUrls&amp;quot;:[&amp;quot;string&amp;quot;],&amp;quot;tags&amp;quot;:[{&amp;quot;id&amp;quot;:0,&amp;quot;name&amp;quot;:&amp;quot;string&amp;quot;}],&amp;quot;status&amp;quot;:&amp;quot;available&amp;quot;},{&amp;quot;id&amp;quot;:9223372036854018432,&amp;quot;category&amp;quot;:{&amp;quot;id&amp;quot;:0,&amp;quot;name&amp;quot;:&amp;quot;string&amp;quot;},&amp;quot;name&amp;quot;:&amp;quot;doggie&amp;quot;,&amp;quot;photoUrls&amp;quot;:[&amp;quot;string&amp;quot;],&amp;quot;tags&amp;quot;:[{&amp;quot;id&amp;quot;:0,&amp;quot;name&amp;quot;:&amp;quot;string&amp;quot;}],&amp;quot;status&amp;quot;:&amp;quot;available&amp;quot;},{&amp;quot;id&amp;quot;:9223372036854018433,&amp;quot;category&amp;quot;:{&amp;quot;id&amp;quot;:0,&amp;quot;name&amp;quot;:&amp;quot;string&amp;quot;},&amp;quot;name&amp;quot;:&amp;quot;fish&amp;quot;,&amp;quot;photoUrls&amp;quot;:[&amp;quot;string&amp;quot;],&amp;quot;tags&amp;quot;:[{&amp;quot;id&amp;quot;:0,&amp;quot;name&amp;quot;:&amp;quot;string&amp;quot;}],&amp;quot;status&amp;quot;:&amp;quot;available&amp;quot;},{&amp;quot;id&amp;quot;:9223372036854018434,&amp;quot;category&amp;quot;:{&amp;quot;id&amp;quot;:0,&amp;quot;name&amp;quot;:&amp;quot;string&amp;quot;},&amp;quot;name&amp;quot;:&amp;quot;doggie&amp;quot;,&amp;quot;photoUrls&amp;quot;:[&amp;quot;string&amp;quot;],&amp;quot;tags&amp;quot;:[{&amp;quot;id&amp;quot;:0,&amp;quot;name&amp;quot;:&amp;quot;string&amp;quot;}],&amp;quot;status&amp;quot;:&amp;quot;available&amp;quot;},{&amp;quot;id&amp;quot;:9223372036854018436,&amp;quot;category&amp;quot;:{&amp;quot;id&amp;quot;:0,&amp;quot;name&amp;quot;:&amp;quot;string&amp;quot;},&amp;quot;name&amp;quot;:&amp;quot;Puff&amp;quot;,&amp;quot;photoUrls&amp;quot;:[&amp;quot;string&amp;quot;],&amp;quot;tags&amp;quot;:[{&amp;quot;id&amp;quot;:0,&amp;quot;name&amp;quot;:&amp;quot;string&amp;quot;}],&amp;quot;status&amp;quot;:&amp;quot;available&amp;quot;},{&amp;quot;id&amp;quot;:9223372036854018443,&amp;quot;category&amp;quot;:{&amp;quot;id&amp;quot;:0,&amp;quot;name&amp;quot;:&amp;quot;string&amp;quot;},&amp;quot;name&amp;quot;:&amp;quot;fish&amp;quot;,&amp;quot;photoUrls&amp;quot;:[&amp;quot;string&amp;quot;],&amp;quot;tags&amp;quot;:[{&amp;quot;id&amp;quot;:0,&amp;quot;name&amp;quot;:&amp;quot;string&amp;quot;}],&amp;quot;status&amp;quot;:&amp;quot;available&amp;quot;},{&amp;quot;id&amp;quot;:9223372036854018447,&amp;quot;category&amp;quot;:{&amp;quot;id&amp;quot;:0,&amp;quot;name&amp;quot;:&amp;quot;string&amp;quot;},&amp;quot;name&amp;quot;:&amp;quot;test&amp;quot;,&amp;quot;photoUrls&amp;quot;:[&amp;quot;string&amp;quot;],&amp;quot;tags&amp;quot;:[{&amp;quot;id&amp;quot;:0,&amp;quot;name&amp;quot;:&amp;quot;string&amp;quot;}],&amp;quot;status&amp;quot;:&amp;quot;available&amp;quot;},{&amp;quot;id&amp;quot;:9223372036854018448,&amp;quot;category&amp;quot;:{&amp;quot;id&amp;quot;:0,&amp;quot;name&amp;quot;:&amp;quot;string&amp;quot;},&amp;quot;name&amp;quot;:&amp;quot;test&amp;quot;,&amp;quot;photoUrls&amp;quot;:[&amp;quot;string&amp;quot;],&amp;quot;tags&amp;quot;:[{&amp;quot;id&amp;quot;:0,&amp;quot;name&amp;quot;:&amp;quot;string&amp;quot;}],&amp;quot;status&amp;quot;:&amp;quot;available&amp;quot;},{&amp;quot;id&amp;quot;:9223372036854018449,&amp;quot;category&amp;quot;:{&amp;quot;id&amp;quot;:0,&amp;quot;name&amp;quot;:&amp;quot;string&amp;quot;},&amp;quot;name&amp;quot;:&amp;quot;test&amp;quot;,&amp;quot;photoUrls&amp;quot;:[&amp;quot;string&amp;quot;],&amp;quot;tags&amp;quot;:[{&amp;quot;id&amp;quot;:0,&amp;quot;name&amp;quot;:&amp;quot;string&amp;quot;}],&amp;quot;status&amp;quot;:&amp;quot;available&amp;quot;},{&amp;quot;id&amp;quot;:9223372036854018452,&amp;quot;category&amp;quot;:{&amp;quot;id&amp;quot;:0,&amp;quot;name&amp;quot;:&amp;quot;string&amp;quot;},&amp;quot;name&amp;quot;:&amp;quot;fish&amp;quot;,&amp;quot;photoUrls&amp;quot;:[&amp;quot;string&amp;quot;],&amp;quot;tags&amp;quot;:[{&amp;quot;id&amp;quot;:0,&amp;quot;name&amp;quot;:&amp;quot;string&amp;quot;}],&amp;quot;status&amp;quot;:&amp;quot;available&amp;quot;},{&amp;quot;id&amp;quot;:9223372036854018480,&amp;quot;category&amp;quot;:{&amp;quot;id&amp;quot;:0,&amp;quot;name&amp;quot;:&amp;quot;wild_animal&amp;quot;},&amp;quot;name&amp;quot;:&amp;quot;fish&amp;quot;,&amp;quot;photoUrls&amp;quot;:[&amp;quot;string&amp;quot;],&amp;quot;tags&amp;quot;:[{&amp;quot;id&amp;quot;:0,&amp;quot;name&amp;quot;:&amp;quot;string&amp;quot;}],&amp;quot;status&amp;quot;:&amp;quot;available&amp;quot;},{&amp;quot;id&amp;quot;:9223372036854018481,&amp;quot;category&amp;quot;:{&amp;quot;id&amp;quot;:0,&amp;quot;name&amp;quot;:&amp;quot;wild_animal2&amp;quot;},&amp;quot;name&amp;quot;:&amp;quot;fish&amp;quot;,&amp;quot;photoUrls&amp;quot;:[&amp;quot;string&amp;quot;],&amp;quot;tags&amp;quot;:[{&amp;quot;id&amp;quot;:0,&amp;quot;name&amp;quot;:&amp;quot;string&amp;quot;}],&amp;quot;status&amp;quot;:&amp;quot;available&amp;quot;},{&amp;quot;id&amp;quot;:9223372036854018482,&amp;quot;category&amp;quot;:{&amp;quot;id&amp;quot;:0,&amp;quot;name&amp;quot;:&amp;quot;wild_animal3&amp;quot;},&amp;quot;name&amp;quot;:&amp;quot;fish&amp;quot;,&amp;quot;photoUrls&amp;quot;:[&amp;quot;string&amp;quot;],&amp;quot;tags&amp;quot;:[{&amp;quot;id&amp;quot;:0,&amp;quot;name&amp;quot;:&amp;quot;string&amp;quot;}],&amp;quot;status&amp;quot;:&amp;quot;available&amp;quot;},{&amp;quot;id&amp;quot;:9223372036854018483,&amp;quot;category&amp;quot;:{&amp;quot;id&amp;quot;:0,&amp;quot;name&amp;quot;:&amp;quot;wild_animal4&amp;quot;},&amp;quot;name&amp;quot;:&amp;quot;fish&amp;quot;,&amp;quot;photoUrls&amp;quot;:[&amp;quot;string&amp;quot;],&amp;quot;tags&amp;quot;:[{&amp;quot;id&amp;quot;:0,&amp;quot;name&amp;quot;:&amp;quot;string&amp;quot;}],&amp;quot;status&amp;quot;:&amp;quot;available&amp;quot;},{&amp;quot;id&amp;quot;:9223372036854018484,&amp;quot;category&amp;quot;:{&amp;quot;id&amp;quot;:0,&amp;quot;name&amp;quot;:&amp;quot;wild_animal5&amp;quot;},&amp;quot;name&amp;quot;:&amp;quot;fish&amp;quot;,&amp;quot;photoUrls&amp;quot;:[&amp;quot;string&amp;quot;],&amp;quot;tags&amp;quot;:[{&amp;quot;id&amp;quot;:0,&amp;quot;name&amp;quot;:&amp;quot;string&amp;quot;}],&amp;quot;status&amp;quot;:&amp;quot;available&amp;quot;},{&amp;quot;id&amp;quot;:9223372036854018515,&amp;quot;category&amp;quot;:{&amp;quot;id&amp;quot;:0},&amp;quot;name&amp;quot;:&amp;quot;doggie&amp;quot;,&amp;quot;photoUrls&amp;quot;:[&amp;quot;cK0e&amp;quot;],&amp;quot;tags&amp;quot;:[],&amp;quot;status&amp;quot;:&amp;quot;available&amp;quot;},{&amp;quot;id&amp;quot;:9223372036854018517,&amp;quot;name&amp;quot;:&amp;quot;doggie&amp;quot;,&amp;quot;photoUrls&amp;quot;:[&amp;quot;cK0e&amp;quot;],&amp;quot;tags&amp;quot;:[{&amp;quot;id&amp;quot;:8}],&amp;quot;status&amp;quot;:&amp;quot;available&amp;quot;},{&amp;quot;id&amp;quot;:9223372036854018524,&amp;quot;name&amp;quot;:&amp;quot;TEST_CAT&amp;quot;,&amp;quot;photoUrls&amp;quot;:[],&amp;quot;tags&amp;quot;:[],&amp;quot;status&amp;quot;:&amp;quot;available&amp;quot;},{&amp;quot;id&amp;quot;:9223372036854018527,&amp;quot;category&amp;quot;:{&amp;quot;id&amp;quot;:0,&amp;quot;name&amp;quot;:&amp;quot;string&amp;quot;},&amp;quot;name&amp;quot;:&amp;quot;fish&amp;quot;,&amp;quot;photoUrls&amp;quot;:[&amp;quot;string&amp;quot;],&amp;quot;tags&amp;quot;:[{&amp;quot;id&amp;quot;:0,&amp;quot;name&amp;quot;:&amp;quot;string&amp;quot;}],&amp;quot;status&amp;quot;:&amp;quot;available&amp;quot;},{&amp;quot;id&amp;quot;:9223372036854018549,&amp;quot;category&amp;quot;:{&amp;quot;id&amp;quot;:0,&amp;quot;name&amp;quot;:&amp;quot;string&amp;quot;},&amp;quot;name&amp;quot;:&amp;quot;fish&amp;quot;,&amp;quot;photoUrls&amp;quot;:[&amp;quot;string&amp;quot;],&amp;quot;tags&amp;quot;:[{&amp;quot;id&amp;quot;:0,&amp;quot;name&amp;quot;:&amp;quot;string&amp;quot;}],&amp;quot;status&amp;quot;:&amp;quot;available&amp;quot;},{&amp;quot;id&amp;quot;:9223372036854018550,&amp;quot;category&amp;quot;:{&amp;quot;id&amp;quot;:0,&amp;quot;name&amp;quot;:&amp;quot;string&amp;quot;},&amp;quot;name&amp;quot;:&amp;quot;fish&amp;quot;,&amp;quot;photoUrls&amp;quot;:[&amp;quot;string&amp;quot;],&amp;quot;tags&amp;quot;:[{&amp;quot;id&amp;quot;:0,&amp;quot;name&amp;quot;:&amp;quot;string&amp;quot;}],&amp;quot;status&amp;quot;:&amp;quot;available&amp;quot;},{&amp;quot;id&amp;quot;:9223372036854018552,&amp;quot;category&amp;quot;:{&amp;quot;id&amp;quot;:0,&amp;quot;name&amp;quot;:&amp;quot;string&amp;quot;},&amp;quot;name&amp;quot;:&amp;quot;Puff&amp;quot;,&amp;quot;photoUrls&amp;quot;:[&amp;quot;string&amp;quot;],&amp;quot;tags&amp;quot;:[{&amp;quot;id&amp;quot;:0,&amp;quot;name&amp;quot;:&amp;quot;string&amp;quot;}],&amp;quot;status&amp;quot;:&amp;quot;available&amp;quot;},{&amp;quot;id&amp;quot;:1835,&amp;quot;category&amp;quot;:{&amp;quot;id&amp;quot;:18,&amp;quot;name&amp;quot;:&amp;quot;string&amp;quot;},&amp;quot;name&amp;quot;:&amp;quot;doggie&amp;quot;,&amp;quot;photoUrls&amp;quot;:[&amp;quot;string&amp;quot;],&amp;quot;tags&amp;quot;:[{&amp;quot;id&amp;quot;:12,&amp;quot;name&amp;quot;:&amp;quot;string&amp;quot;}],&amp;quot;status&amp;quot;:&amp;quot;available&amp;quot;},{&amp;quot;id&amp;quot;:9223372036854018564,&amp;quot;category&amp;quot;:{&amp;quot;id&amp;quot;:0,&amp;quot;name&amp;quot;:&amp;quot;string&amp;quot;},&amp;quot;name&amp;quot;:&amp;quot;fish&amp;quot;,&amp;quot;photoUrls&amp;quot;:[&amp;quot;string&amp;quot;],&amp;quot;tags&amp;quot;:[{&amp;quot;id&amp;quot;:0,&amp;quot;name&amp;quot;:&amp;quot;string&amp;quot;}],&amp;quot;status&amp;quot;:&amp;quot;available&amp;quot;},{&amp;quot;id&amp;quot;:9223372036854018567,&amp;quot;category&amp;quot;:{&amp;quot;id&amp;quot;:0,&amp;quot;name&amp;quot;:&amp;quot;string&amp;quot;},&amp;quot;name&amp;quot;:&amp;quot;fish&amp;quot;,&amp;quot;photoUrls&amp;quot;:[&amp;quot;string&amp;quot;],&amp;quot;tags&amp;quot;:[{&amp;quot;id&amp;quot;:0,&amp;quot;name&amp;quot;:&amp;quot;string&amp;quot;}],&amp;quot;status&amp;quot;:&amp;quot;available&amp;quot;},{&amp;quot;id&amp;quot;:9223372036854018568,&amp;quot;category&amp;quot;:{&amp;quot;id&amp;quot;:0,&amp;quot;name&amp;quot;:&amp;quot;string&amp;quot;},&amp;quot;name&amp;quot;:&amp;quot;fish&amp;quot;,&amp;quot;photoUrls&amp;quot;:[&amp;quot;string&amp;quot;],&amp;quot;tags&amp;quot;:[{&amp;quot;id&amp;quot;:0,&amp;quot;name&amp;quot;:&amp;quot;string&amp;quot;}],&amp;quot;status&amp;quot;:&amp;quot;available&amp;quot;},{&amp;quot;id&amp;quot;:9223372036854018569,&amp;quot;category&amp;quot;:{&amp;quot;id&amp;quot;:0,&amp;quot;name&amp;quot;:&amp;quot;string&amp;quot;},&amp;quot;name&amp;quot;:&amp;quot;doggie&amp;quot;,&amp;quot;photoUrls&amp;quot;:[&amp;quot;string&amp;quot;],&amp;quot;tags&amp;quot;:[{&amp;quot;id&amp;quot;:0,&amp;quot;name&amp;quot;:&amp;quot;string&amp;quot;}],&amp;quot;status&amp;quot;:&amp;quot;available&amp;quot;},{&amp;quot;id&amp;quot;:9223372036854018581,&amp;quot;category&amp;quot;:{&amp;quot;id&amp;quot;:0,&amp;quot;name&amp;quot;:&amp;quot;string&amp;quot;},&amp;quot;name&amp;quot;:&amp;quot;doggie&amp;quot;,&amp;quot;photoUrls&amp;quot;:[&amp;quot;string&amp;quot;],&amp;quot;tags&amp;quot;:[{&amp;quot;id&amp;quot;:0,&amp;quot;name&amp;quot;:&amp;quot;string&amp;quot;}],&amp;quot;status&amp;quot;:&amp;quot;available&amp;quot;},{&amp;quot;id&amp;quot;:9223372036854018584,&amp;quot;category&amp;quot;:{&amp;quot;id&amp;quot;:0,&amp;quot;name&amp;quot;:&amp;quot;string&amp;quot;},&amp;quot;name&amp;quot;:&amp;quot;doggie&amp;quot;,&amp;quot;photoUrls&amp;quot;:[&amp;quot;string&amp;quot;],&amp;quot;tags&amp;quot;:[{&amp;quot;id&amp;quot;:0,&amp;quot;name&amp;quot;:&amp;quot;string&amp;quot;}],&amp;quot;status&amp;quot;:&amp;quot;available&amp;quot;},{&amp;quot;id&amp;quot;:9223372036854018600,&amp;quot;category&amp;quot;:{&amp;quot;id&amp;quot;:0,&amp;quot;name&amp;quot;:&amp;quot;string&amp;quot;},&amp;quot;name&amp;quot;:&amp;quot;cat&amp;quot;,&amp;quot;photoUrls&amp;quot;:[&amp;quot;string&amp;quot;],&amp;quot;tags&amp;quot;:[{&amp;quot;id&amp;quot;:0,&amp;quot;name&amp;quot;:&amp;quot;string&amp;quot;}],&amp;quot;status&amp;quot;:&amp;quot;available&amp;quot;},{&amp;quot;id&amp;quot;:9223372036854018601,&amp;quot;category&amp;quot;:{&amp;quot;id&amp;quot;:0,&amp;quot;name&amp;quot;:&amp;quot;string&amp;quot;},&amp;quot;name&amp;quot;:&amp;quot;doggie&amp;quot;,&amp;quot;photoUrls&amp;quot;:[&amp;quot;string&amp;quot;],&amp;quot;tags&amp;quot;:[{&amp;quot;id&amp;quot;:0,&amp;quot;name&amp;quot;:&amp;quot;string&amp;quot;}],&amp;quot;status&amp;quot;:&amp;quot;available&amp;quot;},{&amp;quot;id&amp;quot;:120,&amp;quot;category&amp;quot;:{&amp;quot;id&amp;quot;:0,&amp;quot;name&amp;quot;:&amp;quot;oleksii new&amp;quot;},&amp;quot;name&amp;quot;:&amp;quot;doggie new&amp;quot;,&amp;quot;photoUrls&amp;quot;:[&amp;quot;string&amp;quot;],&amp;quot;tags&amp;quot;:[{&amp;quot;id&amp;quot;:0,&amp;quot;name&amp;quot;:&amp;quot;string&amp;quot;}],&amp;quot;status&amp;quot;:&amp;quot;available&amp;quot;},{&amp;quot;id&amp;quot;:9223372036854018606,&amp;quot;category&amp;quot;:{&amp;quot;id&amp;quot;:0,&amp;quot;name&amp;quot;:&amp;quot;string&amp;quot;},&amp;quot;name&amp;quot;:&amp;quot;fish&amp;quot;,&amp;quot;photoUrls&amp;quot;:[&amp;quot;string&amp;quot;],&amp;quot;tags&amp;quot;:[{&amp;quot;id&amp;quot;:0,&amp;quot;name&amp;quot;:&amp;quot;string&amp;quot;}],&amp;quot;status&amp;quot;:&amp;quot;available&amp;quot;},{&amp;quot;id&amp;quot;:9223372036854018607,&amp;quot;category&amp;quot;:{&amp;quot;id&amp;quot;:0,&amp;quot;name&amp;quot;:&amp;quot;russian&amp;quot;},&amp;quot;name&amp;quot;:&amp;quot;pig&amp;quot;,&amp;quot;photoUrls&amp;quot;:[&amp;quot;string&amp;quot;],&amp;quot;tags&amp;quot;:[{&amp;quot;id&amp;quot;:0,&amp;quot;name&amp;quot;:&amp;quot;string&amp;quot;}],&amp;quot;status&amp;quot;:&amp;quot;available&amp;quot;},{&amp;quot;id&amp;quot;:9223372036854018608,&amp;quot;category&amp;quot;:{&amp;quot;id&amp;quot;:0,&amp;quot;name&amp;quot;:&amp;quot;string&amp;quot;},&amp;quot;name&amp;quot;:&amp;quot;doggie&amp;quot;,&amp;quot;photoUrls&amp;quot;:[&amp;quot;string&amp;quot;],&amp;quot;tags&amp;quot;:[{&amp;quot;id&amp;quot;:0,&amp;quot;name&amp;quot;:&amp;quot;string&amp;quot;}],&amp;quot;status&amp;quot;:&amp;quot;available&amp;quot;},{&amp;quot;id&amp;quot;:9223372036854018609,&amp;quot;category&amp;quot;:{&amp;quot;id&amp;quot;:0,&amp;quot;name&amp;quot;:&amp;quot;string&amp;quot;},&amp;quot;name&amp;quot;:&amp;quot;Puff&amp;quot;,&amp;quot;photoUrls&amp;quot;:[&amp;quot;string&amp;quot;],&amp;quot;tags&amp;quot;:[{&amp;quot;id&amp;quot;:0,&amp;quot;name&amp;quot;:&amp;quot;string&amp;quot;}],&amp;quot;status&amp;quot;:&amp;quot;available&amp;quot;},{&amp;quot;id&amp;quot;:9223372036854018612,&amp;quot;category&amp;quot;:{&amp;quot;id&amp;quot;:0,&amp;quot;name&amp;quot;:&amp;quot;string&amp;quot;},&amp;quot;name&amp;quot;:&amp;quot;cat&amp;quot;,&amp;quot;photoUrls&amp;quot;:[&amp;quot;https://klike.net/uploads/posts/2023-01/1675061232_3-62.jpg&amp;quot;],&amp;quot;tags&amp;quot;:[{&amp;quot;id&amp;quot;:0,&amp;quot;name&amp;quot;:&amp;quot;string&amp;quot;}],&amp;quot;status&amp;quot;:&amp;quot;available&amp;quot;},{&amp;quot;id&amp;quot;:9223372036854018613,&amp;quot;category&amp;quot;:{&amp;quot;id&amp;quot;:0,&amp;quot;name&amp;quot;:&amp;quot;string&amp;quot;},&amp;quot;name&amp;quot;:&amp;quot;doggie&amp;quot;,&amp;quot;photoUrls&amp;quot;:[&amp;quot;string&amp;quot;],&amp;quot;tags&amp;quot;:[{&amp;quot;id&amp;quot;:0,&amp;quot;name&amp;quot;:&amp;quot;string&amp;quot;}],&amp;quot;status&amp;quot;:&amp;quot;available&amp;quot;},{&amp;quot;id&amp;quot;:9223372036854018614,&amp;quot;category&amp;quot;:{&amp;quot;id&amp;quot;:0,&amp;quot;name&amp;quot;:&amp;quot;string&amp;quot;},&amp;quot;name&amp;quot;:&amp;quot;morce&amp;quot;,&amp;quot;photoUrls&amp;quot;:[&amp;quot;string&amp;quot;],&amp;quot;tags&amp;quot;:[{&amp;quot;id&amp;quot;:0,&amp;quot;name&amp;quot;:&amp;quot;string&amp;quot;}],&amp;quot;status&amp;quot;:&amp;quot;available&amp;quot;},{&amp;quot;id&amp;quot;:11712002,&amp;quot;category&amp;quot;:{&amp;quot;id&amp;quot;:0,&amp;quot;name&amp;quot;:&amp;quot;scotish&amp;quot;},&amp;quot;name&amp;quot;:&amp;quot;uskup&amp;quot;,&amp;quot;photoUrls&amp;quot;:[&amp;quot;string&amp;quot;],&amp;quot;tags&amp;quot;:[{&amp;quot;id&amp;quot;:0,&amp;quot;name&amp;quot;:&amp;quot;string&amp;quot;}],&amp;quot;status&amp;quot;:&amp;quot;available&amp;quot;},{&amp;quot;id&amp;quot;:9223372036854018616,&amp;quot;category&amp;quot;:{&amp;quot;id&amp;quot;:0,&amp;quot;name&amp;quot;:&amp;quot;string&amp;quot;},&amp;quot;name&amp;quot;:&amp;quot;fish&amp;quot;,&amp;quot;photoUrls&amp;quot;:[&amp;quot;string&amp;quot;],&amp;quot;tags&amp;quot;:[{&amp;quot;id&amp;quot;:0,&amp;quot;name&amp;quot;:&amp;quot;string&amp;quot;}],&amp;quot;status&amp;quot;:&amp;quot;available&amp;quot;},{&amp;quot;id&amp;quot;:9223372036854018617,&amp;quot;category&amp;quot;:{&amp;quot;id&amp;quot;:0,&amp;quot;name&amp;quot;:&amp;quot;alexqa&amp;quot;},&amp;quot;name&amp;quot;:&amp;quot;cat&amp;quot;,&amp;quot;photoUrls&amp;quot;:[&amp;quot;string&amp;quot;],&amp;quot;tags&amp;quot;:[{&amp;quot;id&amp;quot;:0,&amp;quot;name&amp;quot;:&amp;quot;string&amp;quot;}],&amp;quot;status&amp;quot;:&amp;quot;available&amp;quot;},{&amp;quot;id&amp;quot;:9223372036854018618,&amp;quot;category&amp;quot;:{&amp;quot;id&amp;quot;:0,&amp;quot;name&amp;quot;:&amp;quot;sophia&amp;quot;},&amp;quot;name&amp;quot;:&amp;quot;cat&amp;quot;,&amp;quot;photoUrls&amp;quot;:[&amp;quot;string&amp;quot;],&amp;quot;tags&amp;quot;:[{&amp;quot;id&amp;quot;:0,&amp;quot;name&amp;quot;:&amp;quot;string&amp;quot;}],&amp;quot;status&amp;quot;:&amp;quot;available&amp;quot;},{&amp;quot;id&amp;quot;:9223372036854018626,&amp;quot;category&amp;quot;:{&amp;quot;id&amp;quot;:0,&amp;quot;name&amp;quot;:&amp;quot;sophia&amp;quot;},&amp;quot;name&amp;quot;:&amp;quot;cat&amp;quot;,&amp;quot;photoUrls&amp;quot;:[&amp;quot;string&amp;quot;],&amp;quot;tags&amp;quot;:[{&amp;quot;id&amp;quot;:0,&amp;quot;name&amp;quot;:&amp;quot;string&amp;quot;}],&amp;quot;status&amp;quot;:&amp;quot;available&amp;quot;},{&amp;quot;id&amp;quot;:420,&amp;quot;category&amp;quot;:{&amp;quot;id&amp;quot;:42,&amp;quot;name&amp;quot;:&amp;quot;Chihuahua&amp;quot;},&amp;quot;name&amp;quot;:&amp;quot;PasBre&amp;quot;,&amp;quot;photoUrls&amp;quot;:[&amp;quot;string&amp;quot;],&amp;quot;tags&amp;quot;:[{&amp;quot;id&amp;quot;:0,&amp;quot;name&amp;quot;:&amp;quot;string&amp;quot;}],&amp;quot;status&amp;quot;:&amp;quot;available&amp;quot;},{&amp;quot;id&amp;quot;:9223372036854018630,&amp;quot;category&amp;quot;:{&amp;quot;id&amp;quot;:29217671,&amp;quot;name&amp;quot;:&amp;quot;Mikilandzelo&amp;quot;},&amp;quot;name&amp;quot;:&amp;quot;Turtle&amp;quot;,&amp;quot;photoUrls&amp;quot;:[&amp;quot;ea dolor ipsum nisi&amp;quot;,&amp;quot;Duis&amp;quot;],&amp;quot;tags&amp;quot;:[{&amp;quot;id&amp;quot;:98727158,&amp;quot;name&amp;quot;:&amp;quot;la&amp;quot;},{&amp;quot;id&amp;quot;:17957877,&amp;quot;name&amp;quot;:&amp;quot;Excepteur fugiat elit&amp;quot;}],&amp;quot;status&amp;quot;:&amp;quot;available&amp;quot;},{&amp;quot;id&amp;quot;:9223372036854018631,&amp;quot;category&amp;quot;:{&amp;quot;id&amp;quot;:0,&amp;quot;name&amp;quot;:&amp;quot;string&amp;quot;},&amp;quot;name&amp;quot;:&amp;quot;fish&amp;quot;,&amp;quot;photoUrls&amp;quot;:[&amp;quot;string&amp;quot;],&amp;quot;tags&amp;quot;:[{&amp;quot;id&amp;quot;:0,&amp;quot;name&amp;quot;:&amp;quot;string&amp;quot;}],&amp;quot;status&amp;quot;:&amp;quot;available&amp;quot;},{&amp;quot;id&amp;quot;:9223372036854018636,&amp;quot;category&amp;quot;:{&amp;quot;id&amp;quot;:0,&amp;quot;name&amp;quot;:&amp;quot;string&amp;quot;},&amp;quot;name&amp;quot;:&amp;quot;doggie&amp;quot;,&amp;quot;photoUrls&amp;quot;:[&amp;quot;string&amp;quot;],&amp;quot;tags&amp;quot;:[{&amp;quot;id&amp;quot;:0,&amp;quot;name&amp;quot;:&amp;quot;string&amp;quot;}],&amp;quot;status&amp;quot;:&amp;quot;available&amp;quot;},{&amp;quot;id&amp;quot;:9223372036854018643,&amp;quot;name&amp;quot;:&amp;quot;Jimmy&amp;quot;,&amp;quot;photoUrls&amp;quot;:[&amp;quot;string&amp;quot;],&amp;quot;tags&amp;quot;:[],&amp;quot;status&amp;quot;:&amp;quot;available&amp;quot;},{&amp;quot;id&amp;quot;:9223372036854018659,&amp;quot;category&amp;quot;:{&amp;quot;id&amp;quot;:0,&amp;quot;name&amp;quot;:&amp;quot;string&amp;quot;},&amp;quot;name&amp;quot;:&amp;quot;doggie&amp;quot;,&amp;quot;photoUrls&amp;quot;:[&amp;quot;string&amp;quot;],&amp;quot;tags&amp;quot;:[{&amp;quot;id&amp;quot;:0,&amp;quot;name&amp;quot;:&amp;quot;string&amp;quot;}],&amp;quot;status&amp;quot;:&amp;quot;available&amp;quot;},{&amp;quot;id&amp;quot;:9223372036854018673,&amp;quot;category&amp;quot;:{&amp;quot;id&amp;quot;:0,&amp;quot;name&amp;quot;:&amp;quot;string&amp;quot;},&amp;quot;name&amp;quot;:&amp;quot;fish&amp;quot;,&amp;quot;photoUrls&amp;quot;:[&amp;quot;string&amp;quot;],&amp;quot;tags&amp;quot;:[{&amp;quot;id&amp;quot;:0,&amp;quot;name&amp;quot;:&amp;quot;string&amp;quot;}],&amp;quot;status&amp;quot;:&amp;quot;available&amp;quot;},{&amp;quot;id&amp;quot;:9223372036854018683,&amp;quot;category&amp;quot;:{&amp;quot;id&amp;quot;:0,&amp;quot;name&amp;quot;:&amp;quot;string&amp;quot;},&amp;quot;name&amp;quot;:&amp;quot;fish&amp;quot;,&amp;quot;photoUrls&amp;quot;:[&amp;quot;string&amp;quot;],&amp;quot;tags&amp;quot;:[{&amp;quot;id&amp;quot;:0,&amp;quot;name&amp;quot;:&amp;quot;string&amp;quot;}],&amp;quot;status&amp;quot;:&amp;quot;available&amp;quot;},{&amp;quot;id&amp;quot;:9223372036854018686,&amp;quot;category&amp;quot;:{&amp;quot;id&amp;quot;:0,&amp;quot;name&amp;quot;:&amp;quot;string&amp;quot;},&amp;quot;name&amp;quot;:&amp;quot;fish&amp;quot;,&amp;quot;photoUrls&amp;quot;:[&amp;quot;string&amp;quot;],&amp;quot;tags&amp;quot;:[{&amp;quot;id&amp;quot;:0,&amp;quot;name&amp;quot;:&amp;quot;string&amp;quot;}],&amp;quot;status&amp;quot;:&amp;quot;available&amp;quot;},{&amp;quot;id&amp;quot;:9223372036854018689,&amp;quot;category&amp;quot;:{&amp;quot;id&amp;quot;:0,&amp;quot;name&amp;quot;:&amp;quot;string&amp;quot;},&amp;quot;name&amp;quot;:&amp;quot;Puff&amp;quot;,&amp;quot;photoUrls&amp;quot;:[&amp;quot;string&amp;quot;],&amp;quot;tags&amp;quot;:[{&amp;quot;id&amp;quot;:0,&amp;quot;name&amp;quot;:&amp;quot;string&amp;quot;}],&amp;quot;status&amp;quot;:&amp;quot;available&amp;quot;},{&amp;quot;id&amp;quot;:9223372036854018700,&amp;quot;category&amp;quot;:{&amp;quot;id&amp;quot;:0,&amp;quot;name&amp;quot;:&amp;quot;string&amp;quot;},&amp;quot;name&amp;quot;:&amp;quot;fish&amp;quot;,&amp;quot;photoUrls&amp;quot;:[&amp;quot;string&amp;quot;],&amp;quot;tags&amp;quot;:[{&amp;quot;id&amp;quot;:0,&amp;quot;name&amp;quot;:&amp;quot;string&amp;quot;}],&amp;quot;status&amp;quot;:&amp;quot;available&amp;quot;},{&amp;quot;id&amp;quot;:9223372036854018703,&amp;quot;category&amp;quot;:{&amp;quot;id&amp;quot;:0,&amp;quot;name&amp;quot;:&amp;quot;string&amp;quot;},&amp;quot;name&amp;quot;:&amp;quot;fish&amp;quot;,&amp;quot;photoUrls&amp;quot;:[&amp;quot;string&amp;quot;],&amp;quot;tags&amp;quot;:[{&amp;quot;id&amp;quot;:0,&amp;quot;name&amp;quot;:&amp;quot;string&amp;quot;}],&amp;quot;status&amp;quot;:&amp;quot;available&amp;quot;},{&amp;quot;id&amp;quot;:9223372036854018704,&amp;quot;category&amp;quot;:{&amp;quot;id&amp;quot;:0,&amp;quot;name&amp;quot;:&amp;quot;string&amp;quot;},&amp;quot;name&amp;quot;:&amp;quot;fish&amp;quot;,&amp;quot;photoUrls&amp;quot;:[&amp;quot;string&amp;quot;],&amp;quot;tags&amp;quot;:[{&amp;quot;id&amp;quot;:0,&amp;quot;name&amp;quot;:&amp;quot;string&amp;quot;}],&amp;quot;status&amp;quot;:&amp;quot;available&amp;quot;},{&amp;quot;id&amp;quot;:9223372036854018705,&amp;quot;category&amp;quot;:{&amp;quot;id&amp;quot;:0,&amp;quot;name&amp;quot;:&amp;quot;string&amp;quot;},&amp;quot;name&amp;quot;:&amp;quot;fish&amp;quot;,&amp;quot;photoUrls&amp;quot;:[&amp;quot;string&amp;quot;],&amp;quot;tags&amp;quot;:[{&amp;quot;id&amp;quot;:0,&amp;quot;name&amp;quot;:&amp;quot;string&amp;quot;}],&amp;quot;status&amp;quot;:&amp;quot;available&amp;quot;},{&amp;quot;id&amp;quot;:9223372036854018708,&amp;quot;category&amp;quot;:{&amp;quot;id&amp;quot;:0,&amp;quot;name&amp;quot;:&amp;quot;string&amp;quot;},&amp;quot;name&amp;quot;:&amp;quot;doggie&amp;quot;,&amp;quot;photoUrls&amp;quot;:[&amp;quot;string&amp;quot;],&amp;quot;tags&amp;quot;:[{&amp;quot;id&amp;quot;:0,&amp;quot;name&amp;quot;:&amp;quot;string&amp;quot;}],&amp;quot;status&amp;quot;:&amp;quot;available&amp;quot;},{&amp;quot;id&amp;quot;:9223372036854018711,&amp;quot;category&amp;quot;:{&amp;quot;id&amp;quot;:0,&amp;quot;name&amp;quot;:&amp;quot;string&amp;quot;},&amp;quot;name&amp;quot;:&amp;quot;doggie&amp;quot;,&amp;quot;photoUrls&amp;quot;:[&amp;quot;string&amp;quot;],&amp;quot;tags&amp;quot;:[{&amp;quot;id&amp;quot;:0,&amp;quot;name&amp;quot;:&amp;quot;string&amp;quot;}],&amp;quot;status&amp;quot;:&amp;quot;available&amp;quot;},{&amp;quot;id&amp;quot;:9223372036854018716,&amp;quot;category&amp;quot;:{&amp;quot;id&amp;quot;:0,&amp;quot;name&amp;quot;:&amp;quot;string&amp;quot;},&amp;quot;name&amp;quot;:&amp;quot;cat&amp;quot;,&amp;quot;photoUrls&amp;quot;:[&amp;quot;string&amp;quot;],&amp;quot;tags&amp;quot;:[{&amp;quot;id&amp;quot;:0,&amp;quot;name&amp;quot;:&amp;quot;string&amp;quot;}],&amp;quot;status&amp;quot;:&amp;quot;available&amp;quot;},{&amp;quot;id&amp;quot;:9223372036854018720,&amp;quot;category&amp;quot;:{&amp;quot;id&amp;quot;:0,&amp;quot;name&amp;quot;:&amp;quot;string&amp;quot;},&amp;quot;name&amp;quot;:&amp;quot;test&amp;quot;,&amp;quot;photoUrls&amp;quot;:[&amp;quot;string&amp;quot;],&amp;quot;tags&amp;quot;:[{&amp;quot;id&amp;quot;:0,&amp;quot;name&amp;quot;:&amp;quot;string&amp;quot;}],&amp;quot;status&amp;quot;:&amp;quot;available&amp;quot;},{&amp;quot;id&amp;quot;:9223372036854018731,&amp;quot;category&amp;quot;:{&amp;quot;id&amp;quot;:0,&amp;quot;name&amp;quot;:&amp;quot;string&amp;quot;},&amp;quot;name&amp;quot;:&amp;quot;doggie&amp;quot;,&amp;quot;photoUrls&amp;quot;:[&amp;quot;string&amp;quot;],&amp;quot;tags&amp;quot;:[{&amp;quot;id&amp;quot;:0,&amp;quot;name&amp;quot;:&amp;quot;string&amp;quot;}],&amp;quot;status&amp;quot;:&amp;quot;available&amp;quot;},{&amp;quot;id&amp;quot;:9223372036854018732,&amp;quot;category&amp;quot;:{&amp;quot;id&amp;quot;:0,&amp;quot;name&amp;quot;:&amp;quot;string&amp;quot;},&amp;quot;name&amp;quot;:&amp;quot;fish&amp;quot;,&amp;quot;photoUrls&amp;quot;:[&amp;quot;string&amp;quot;],&amp;quot;tags&amp;quot;:[{&amp;quot;id&amp;quot;:0,&amp;quot;name&amp;quot;:&amp;quot;string&amp;quot;}],&amp;quot;status&amp;quot;:&amp;quot;available&amp;quot;},{&amp;quot;id&amp;quot;:9223372036854018733,&amp;quot;category&amp;quot;:{&amp;quot;id&amp;quot;:0,&amp;quot;name&amp;quot;:&amp;quot;string&amp;quot;},&amp;quot;name&amp;quot;:&amp;quot;fish&amp;quot;,&amp;quot;photoUrls&amp;quot;:[&amp;quot;string&amp;quot;],&amp;quot;tags&amp;quot;:[{&amp;quot;id&amp;quot;:0,&amp;quot;name&amp;quot;:&amp;quot;string&amp;quot;}],&amp;quot;status&amp;quot;:&amp;quot;available&amp;quot;},{&amp;quot;id&amp;quot;:9223372036854018736,&amp;quot;category&amp;quot;:{&amp;quot;id&amp;quot;:0,&amp;quot;name&amp;quot;:&amp;quot;string&amp;quot;},&amp;quot;name&amp;quot;:&amp;quot;Puff&amp;quot;,&amp;quot;photoUrls&amp;quot;:[&amp;quot;string&amp;quot;],&amp;quot;tags&amp;quot;:[{&amp;quot;id&amp;quot;:0,&amp;quot;name&amp;quot;:&amp;quot;string&amp;quot;}],&amp;quot;status&amp;quot;:&amp;quot;available&amp;quot;},{&amp;quot;id&amp;quot;:9223372036854018739,&amp;quot;category&amp;quot;:{&amp;quot;id&amp;quot;:0,&amp;quot;name&amp;quot;:&amp;quot;string&amp;quot;},&amp;quot;name&amp;quot;:&amp;quot;fish&amp;quot;,&amp;quot;photoUrls&amp;quot;:[&amp;quot;string&amp;quot;],&amp;quot;tags&amp;quot;:[{&amp;quot;id&amp;quot;:0,&amp;quot;name&amp;quot;:&amp;quot;string&amp;quot;}],&amp;quot;status&amp;quot;:&amp;quot;available&amp;quot;},{&amp;quot;id&amp;quot;:9223372036854018745,&amp;quot;category&amp;quot;:{&amp;quot;id&amp;quot;:0,&amp;quot;name&amp;quot;:&amp;quot;string&amp;quot;},&amp;quot;name&amp;quot;:&amp;quot;fish&amp;quot;,&amp;quot;photoUrls&amp;quot;:[&amp;quot;string&amp;quot;],&amp;quot;tags&amp;quot;:[{&amp;quot;id&amp;quot;:0,&amp;quot;name&amp;quot;:&amp;quot;string&amp;quot;}],&amp;quot;status&amp;quot;:&amp;quot;available&amp;quot;},{&amp;quot;id&amp;quot;:9223372036854018766,&amp;quot;category&amp;quot;:{&amp;quot;id&amp;quot;:0,&amp;quot;name&amp;quot;:&amp;quot;string&amp;quot;},&amp;quot;name&amp;quot;:&amp;quot;fish&amp;quot;,&amp;quot;photoUrls&amp;quot;:[&amp;quot;string&amp;quot;],&amp;quot;tags&amp;quot;:[{&amp;quot;id&amp;quot;:0,&amp;quot;name&amp;quot;:&amp;quot;string&amp;quot;}],&amp;quot;status&amp;quot;:&amp;quot;available&amp;quot;},{&amp;quot;id&amp;quot;:9223372036854018768,&amp;quot;category&amp;quot;:{&amp;quot;id&amp;quot;:0,&amp;quot;name&amp;quot;:&amp;quot;string&amp;quot;},&amp;quot;name&amp;quot;:&amp;quot;cat&amp;quot;,&amp;quot;photoUrls&amp;quot;:[&amp;quot;string&amp;quot;],&amp;quot;tags&amp;quot;:[{&amp;quot;id&amp;quot;:0,&amp;quot;name&amp;quot;:&amp;quot;string&amp;quot;}],&amp;quot;status&amp;quot;:&amp;quot;available&amp;quot;},{&amp;quot;id&amp;quot;:9223372036854018772,&amp;quot;category&amp;quot;:{&amp;quot;id&amp;quot;:0,&amp;quot;name&amp;quot;:&amp;quot;string&amp;quot;},&amp;quot;name&amp;quot;:&amp;quot;fish&amp;quot;,&amp;quot;photoUrls&amp;quot;:[&amp;quot;string&amp;quot;],&amp;quot;tags&amp;quot;:[{&amp;quot;id&amp;quot;:0,&amp;quot;name&amp;quot;:&amp;quot;string&amp;quot;}],&amp;quot;status&amp;quot;:&amp;quot;available&amp;quot;},{&amp;quot;id&amp;quot;:9223372036854018773,&amp;quot;category&amp;quot;:{&amp;quot;id&amp;quot;:0,&amp;quot;name&amp;quot;:&amp;quot;string&amp;quot;},&amp;quot;name&amp;quot;:&amp;quot;fish&amp;quot;,&amp;quot;photoUrls&amp;quot;:[&amp;quot;string&amp;quot;],&amp;quot;tags&amp;quot;:[{&amp;quot;id&amp;quot;:0,&amp;quot;name&amp;quot;:&amp;quot;string&amp;quot;}],&amp;quot;status&amp;quot;:&amp;quot;available&amp;quot;},{&amp;quot;id&amp;quot;:9223372036854018776,&amp;quot;category&amp;quot;:{&amp;quot;id&amp;quot;:0,&amp;quot;name&amp;quot;:&amp;quot;string&amp;quot;},&amp;quot;name&amp;quot;:&amp;quot;Puff&amp;quot;,&amp;quot;photoUrls&amp;quot;:[&amp;quot;string&amp;quot;],&amp;quot;tags&amp;quot;:[{&amp;quot;id&amp;quot;:0,&amp;quot;name&amp;quot;:&amp;quot;string&amp;quot;}],&amp;quot;status&amp;quot;:&amp;quot;available&amp;quot;},{&amp;quot;id&amp;quot;:9223372036854018781,&amp;quot;name&amp;quot;:&amp;quot;abcdefg&amp;quot;,&amp;quot;photoUrls&amp;quot;:[],&amp;quot;tags&amp;quot;:[],&amp;quot;status&amp;quot;:&amp;quot;available&amp;quot;},{&amp;quot;id&amp;quot;:9223372036854018783,&amp;quot;category&amp;quot;:{&amp;quot;id&amp;quot;:0,&amp;quot;name&amp;quot;:&amp;quot;string&amp;quot;},&amp;quot;name&amp;quot;:&amp;quot;doggie&amp;quot;,&amp;quot;photoUrls&amp;quot;:[&amp;quot;string&amp;quot;],&amp;quot;tags&amp;quot;:[{&amp;quot;id&amp;quot;:0,&amp;quot;name&amp;quot;:&amp;quot;string&amp;quot;}],&amp;quot;status&amp;quot;:&amp;quot;available&amp;quot;},{&amp;quot;id&amp;quot;:9223372036854018785,&amp;quot;category&amp;quot;:{&amp;quot;id&amp;quot;:0,&amp;quot;name&amp;quot;:&amp;quot;pet4&amp;quot;},&amp;quot;name&amp;quot;:&amp;quot;doggie4&amp;quot;,&amp;quot;photoUrls&amp;quot;:[&amp;quot;black4&amp;quot;],&amp;quot;tags&amp;quot;:[{&amp;quot;id&amp;quot;:0,&amp;quot;name&amp;quot;:&amp;quot;string&amp;quot;}],&amp;quot;status&amp;quot;:&amp;quot;available&amp;quot;},{&amp;quot;id&amp;quot;:9223372036854018787,&amp;quot;category&amp;quot;:{&amp;quot;id&amp;quot;:0,&amp;quot;name&amp;quot;:&amp;quot;string&amp;quot;},&amp;quot;name&amp;quot;:&amp;quot;fish&amp;quot;,&amp;quot;photoUrls&amp;quot;:[&amp;quot;string&amp;quot;],&amp;quot;tags&amp;quot;:[{&amp;quot;id&amp;quot;:0,&amp;quot;name&amp;quot;:&amp;quot;string&amp;quot;}],&amp;quot;status&amp;quot;:&amp;quot;available&amp;quot;},{&amp;quot;id&amp;quot;:9223372036854018789,&amp;quot;category&amp;quot;:{&amp;quot;id&amp;quot;:0,&amp;quot;name&amp;quot;:&amp;quot;string&amp;quot;},&amp;quot;name&amp;quot;:&amp;quot;fish&amp;quot;,&amp;quot;photoUrls&amp;quot;:[&amp;quot;string&amp;quot;],&amp;quot;tags&amp;quot;:[{&amp;quot;id&amp;quot;:0,&amp;quot;name&amp;quot;:&amp;quot;string&amp;quot;}],&amp;quot;status&amp;quot;:&amp;quot;available&amp;quot;},{&amp;quot;id&amp;quot;:9223372036854018790,&amp;quot;category&amp;quot;:{&amp;quot;id&amp;quot;:0,&amp;quot;name&amp;quot;:&amp;quot;string&amp;quot;},&amp;quot;name&amp;quot;:&amp;quot;fish&amp;quot;,&amp;quot;photoUrls&amp;quot;:[&amp;quot;string&amp;quot;],&amp;quot;tags&amp;quot;:[{&amp;quot;id&amp;quot;:0,&amp;quot;name&amp;quot;:&amp;quot;string&amp;quot;}],&amp;quot;status&amp;quot;:&amp;quot;available&amp;quot;},{&amp;quot;id&amp;quot;:9223372036854018791,&amp;quot;category&amp;quot;:{&amp;quot;id&amp;quot;:0,&amp;quot;name&amp;quot;:&amp;quot;string&amp;quot;},&amp;quot;name&amp;quot;:&amp;quot;fish&amp;quot;,&amp;quot;photoUrls&amp;quot;:[&amp;quot;string&amp;quot;],&amp;quot;tags&amp;quot;:[{&amp;quot;id&amp;quot;:0,&amp;quot;name&amp;quot;:&amp;quot;string&amp;quot;}],&amp;quot;status&amp;quot;:&amp;quot;available&amp;quot;},{&amp;quot;id&amp;quot;:9223372036854018803,&amp;quot;category&amp;quot;:{&amp;quot;id&amp;quot;:0,&amp;quot;name&amp;quot;:&amp;quot;wild_animal&amp;quot;},&amp;quot;name&amp;quot;:&amp;quot;fish&amp;quot;,&amp;quot;photoUrls&amp;quot;:[&amp;quot;string&amp;quot;],&amp;quot;tags&amp;quot;:[{&amp;quot;id&amp;quot;:0,&amp;quot;name&amp;quot;:&amp;quot;string&amp;quot;}],&amp;quot;status&amp;quot;:&amp;quot;available&amp;quot;},{&amp;quot;id&amp;quot;:9223372036854018804,&amp;quot;category&amp;quot;:{&amp;quot;id&amp;quot;:0,&amp;quot;name&amp;quot;:&amp;quot;wild_animal2&amp;quot;},&amp;quot;name&amp;quot;:&amp;quot;fish&amp;quot;,&amp;quot;photoUrls&amp;quot;:[&amp;quot;string&amp;quot;],&amp;quot;tags&amp;quot;:[{&amp;quot;id&amp;quot;:0,&amp;quot;name&amp;quot;:&amp;quot;string&amp;quot;}],&amp;quot;status&amp;quot;:&amp;quot;available&amp;quot;},{&amp;quot;id&amp;quot;:9223372036854018805,&amp;quot;category&amp;quot;:{&amp;quot;id&amp;quot;:0,&amp;quot;name&amp;quot;:&amp;quot;wild_animal3&amp;quot;},&amp;quot;name&amp;quot;:&amp;quot;fish&amp;quot;,&amp;quot;photoUrls&amp;quot;:[&amp;quot;string&amp;quot;],&amp;quot;tags&amp;quot;:[{&amp;quot;id&amp;quot;:0,&amp;quot;name&amp;quot;:&amp;quot;string&amp;quot;}],&amp;quot;status&amp;quot;:&amp;quot;available&amp;quot;},{&amp;quot;id&amp;quot;:9223372036854018806,&amp;quot;category&amp;quot;:{&amp;quot;id&amp;quot;:0,&amp;quot;name&amp;quot;:&amp;quot;wild_animal4&amp;quot;},&amp;quot;name&amp;quot;:&amp;quot;fish&amp;quot;,&amp;quot;photoUrls&amp;quot;:[&amp;quot;string&amp;quot;],&amp;quot;tags&amp;quot;:[{&amp;quot;id&amp;quot;:0,&amp;quot;name&amp;quot;:&amp;quot;string&amp;quot;}],&amp;quot;status&amp;quot;:&amp;quot;available&amp;quot;},{&amp;quot;id&amp;quot;:9223372036854018807,&amp;quot;category&amp;quot;:{&amp;quot;id&amp;quot;:0,&amp;quot;name&amp;quot;:&amp;quot;wild_animal5&amp;quot;},&amp;quot;name&amp;quot;:&amp;quot;fish&amp;quot;,&amp;quot;photoUrls&amp;quot;:[&amp;quot;string&amp;quot;],&amp;quot;tags&amp;quot;:[{&amp;quot;id&amp;quot;:0,&amp;quot;name&amp;quot;:&amp;quot;string&amp;quot;}],&amp;quot;status&amp;quot;:&amp;quot;available&amp;quot;},{&amp;quot;id&amp;quot;:9223372036854018810,&amp;quot;name&amp;quot;:&amp;quot;abcdefg&amp;quot;,&amp;quot;photoUrls&amp;quot;:[],&amp;quot;tags&amp;quot;:[],&amp;quot;status&amp;quot;:&amp;quot;available&amp;quot;},{&amp;quot;id&amp;quot;:9223372036854018815,&amp;quot;category&amp;quot;:{&amp;quot;id&amp;quot;:0,&amp;quot;name&amp;quot;:&amp;quot;cat&amp;quot;},&amp;quot;name&amp;quot;:&amp;quot;Shusha&amp;quot;,&amp;quot;photoUrls&amp;quot;:[&amp;quot;string&amp;quot;],&amp;quot;tags&amp;quot;:[{&amp;quot;id&amp;quot;:0,&amp;quot;name&amp;quot;:&amp;quot;string&amp;quot;}],&amp;quot;status&amp;quot;:&amp;quot;available&amp;quot;},{&amp;quot;id&amp;quot;:9223372036854018823,&amp;quot;name&amp;quot;:&amp;quot;Jimmy&amp;quot;,&amp;quot;photoUrls&amp;quot;:[&amp;quot;string&amp;quot;],&amp;quot;tags&amp;quot;:[],&amp;quot;status&amp;quot;:&amp;quot;available&amp;quot;},{&amp;quot;id&amp;quot;:9223372036854018824,&amp;quot;category&amp;quot;:{&amp;quot;id&amp;quot;:0,&amp;quot;name&amp;quot;:&amp;quot;string&amp;quot;},&amp;quot;name&amp;quot;:&amp;quot;doggie&amp;quot;,&amp;quot;photoUrls&am
[...]
6854018449,"category":{"id":0,"name":"string"},"name":"test","photoUrls":["string"],"tags":[{"id":0,"name":"string"}],"status":"available"},{"id":9223372036854018452,"category":{"id":0,"name":"string"},"name":"fish","photoUrls":["string"],"tags":[{"id":0,"name":"string"}],"status":"available"},{"id":9223372036854018480,"category":{"id":0,"name":"wild_animal"},"name":"fish","photoUrls":["string"],"tags":[{"id":0,"name":"string"}],"status":"available"},{"id":9223372036854018481,"category":{"id":0,"name":"wild_animal2"},"name":"fish","photoUrls":["string"],"tags":[{"id":0,"name":"string"}],"status":"available"},{"id":9223372036854018482,"category":{"id":0,"name":"wild_animal3"},"name":"fish","photoUrls":["string"],"tags":[{"id":0,"name":"string"}],"status":"available"},{"id":9223372036854018483,"category":{"id":0,"name":"wild_animal4"},"name":"fish","photoUrls":["string"],"tags":[{"id":0,"name":"string"}],"status":"available"},{"id":9223372036854018484,"category":{"id":0,"name":"wild_animal5"},"name":"fish","photoUrls":["string"],"tags":[{"id":0,"name":"string"}],"status":"available"},{"id":9223372036854018515,"category":{"id":0},"name":"doggie","photoUrls":["cK0e"],"tags":[],"status":"available"},{"id":9223372036854018517,"name":"doggie","photoUrls":["cK0e"],"tags":[{"id":8}],"status":"available"},{"id":9223372036854018524,"name":"TEST_CAT","photoUrls":[],"tags":[],"status":"available"},{"id":9223372036854018527,"category":{"id":0,"name":"string"},"name":"fish","photoUrls":["string"],"tags":[{"id":0,"name":"string"}],"status":"available"},{"id":9223372036854018549,"category":{"id":0,"name":"string"},"name":"fish","photoUrls":["string"],"tags":[{"id":0,"name":"string"}],"status":"available"},{"id":9223372036854018550,"category":{"id":0,"name":"string"},"name":"fish","photoUrls":["string"],"tags":[{"id":0,"name":"string"}],"status":"available"},{"id":9223372036854018552,"category":{"id":0,"name":"string"},"name":"Puff","photoUrls":["string"],"tags":[{"id":0,"name":"string"}],"status":"available"},{"id":1835,"category":{"id":18,"name":"string"},"name":"doggie","photoUrls":["string"],"tags":[{"id":12,"name":"string"}],"status":"available"},{"id":9223372036854018564,"category":{"id":0,"name":"string"},"name":"fish","photoUrls":["string"],"tags":[{"id":0,"name":"string"}],"status":"available"},{"id":9223372036854018567,"category":{"id":0,"name":"string"},"name":"fish","photoUrls":["string"],"tags":[{"id":0,"name":"string"}],"status":"available"},{"id":9223372036854018568,"category":{"id":0,"name":"string"},"name":"fish","photoUrls":["string"],"tags":[{"id":0,"name":"string"}],"status":"available"},{"id":9223372036854018569,"category":{"id":0,"name":"string"},"name":"doggie","photoUrls":["string"],"tags":[{"id":0,"name":"string"}],"status":"available"},{"id":9223372036854018581,"category":{"id":0,"name":"string"},"name":"doggie","photoUrls":["string"],"tags":[{"id":0,"name":"string"}],"status":"available"},{"id":9223372036854018584,"category":{"id":0,"name":"string"},"name":"doggie","photoUrls":["string"],"tags":[{"id":0,"name":"string"}],"status":"available"},{"id":9223372036854018600,"category":{"id":0,"name":"string"},"name":"cat","photoUrls":["string"],"tags":[{"id":0,"name":"string"}],"status":"available"},{"id":9223372036854018601,"category":{"id":0,"name":"string"},"name":"doggie","photoUrls":["string"],"tags":[{"id":0,"name":"string"}],"status":"available"},{"id":120,"category":{"id":0,"name":"oleksii new"},"name":"doggie new","photoUrls":["string"],"tags":[{"id":0,"name":"string"}],"status":"available"},{"id":9223372036854018606,"category":{"id":0,"name":"string"},"name":"fish","photoUrls":["string"],"tags":[{"id":0,"name":"string"}],"status":"available"},{"id":9223372036854018607,"category":{"id":0,"name":"russian"},"name":"pig","photoUrls":["string"],"tags":[{"id":0,"name":"string"}],"status":"available"},{"id":9223372036854018608,"category":{"id":0,"name":"string"},"name":"doggie","photoUrls":["string"],"tags":[{"id":0,"name":"string"}],"status":"available"},{"id":9223372036854018609,"category":{"id":0,"name":"string"},"name":"Puff","photoUrls":["string"],"tags":[{"id":0,"name":"string"}],"status":"available"},{"id":9223372036854018612,"category":{"id":0,"name":"string"},"name":"cat","photoUrls":["https://klike.net/uploads/posts/2023-01/1675061232_3-62.jpg"],"tags":[{"id":0,"name":"string"}],"status":"available"},{"id":9223372036854018613,"category":{"id":0,"name":"string"},"name":"doggie","photoUrls":["string"],"tags":[{"id":0,"name":"string"}],"status":"available"},{"id":9223372036854018614,"category":{"id":0,"name":"string"},"name":"morce","photoUrls":["string"],"tags":[{"id":0,"name":"string"}],"status":"available"},{"id":11712002,"category":{"id":0,"name":"scotish"},"name":"uskup","photoUrls":["string"],"tags":[{"id":0,"name":"string"}],"status":"available"},{"id":9223372036854018616,"category":{"id":0,"name":"string"},"name":"fish","photoUrls":["string"],"tags":[{"id":0,"name":"string"}],"status":"available"},{"id":9223372036854018617,"category":{"id":0,"name":"alexqa"},"name":"cat","photoUrls":["string"],"tags":[{"id":0,"name":"string"}],"status":"available"},{"id":9223372036854018618,"category":{"id":0,"name":"sophia"},"name":"cat","photoUrls":["string"],"tags":[{"id":0,"name":"string"}],"status":"available"},{"id":9223372036854018626,"category":{"id":0,"name":"sophia"},"name":"cat","photoUrls":["string"],"tags":[{"id":0,"name":"string"}],"status":"available"},{"id":420,"category":{"id":42,"name":"Chihuahua"},"name":"PasBre","photoUrls":["string"],"tags":[{"id":0,"name":"string"}],"status":"available"},{"id":9223372036854018630,"category":{"id":29217671,"name":"Mikilandzelo"},"name":"Turtle","photoUrls":["ea dolor ipsum nisi","Duis"],"tags":[{"id":98727158,"name":"la"},{"id":17957877,"name":"Excepteur fugiat elit"}],"status":"available"},{"id":9223372036854018631,"category":{"id":0,"name":"string"},"name":"fish","photoUrls":["string"],"tags":[{"id":0,"name":"string"}],"status":"available"},{"id":9223372036854018636,"category":{"id":0,"name":"string"},"name":"doggie","photoUrls":["string"],"tags":[{"id":0,"name":"string"}],"status":"available"},{"id":9223372036854018643,"name":"Jimmy","photoUrls":["string"],"tags":[],"status":"available"},{"id":9223372036854018659,"category":{"id":0,"name":"string"},"name":"doggie","photoUrls":["string"],"tags":[{"id":0,"name":"string"}],"status":"available"},{"id":9223372036854018673,"category":{"id":0,"name":"string"},"name":"fish","photoUrls":["string"],"tags":[{"id":0,"name":"string"}],"status":"available"},{"id":9223372036854018683,"category":{"id":0,"name":"string"},"name":"fish","photoUrls":["string"],"tags":[{"id":0,"name":"string"}],"status":"available"},{"id":9223372036854018686,"category":{"id":0,"name":"string"},"name":"fish","photoUrls":["string"],"tags":[{"id":0,"name":"string"}],"status":"available"},{"id":9223372036854018689,"category":{"id":0,"name":"string"},"name":"Puff","photoUrls":["string"],"tags":[{"id":0,"name":"string"}],"status":"available"},{"id":9223372036854018700,"category":{"id":0,"name":"string"},"name":"fish","photoUrls":["string"],"tags":[{"id":0,"name":"string"}],"status":"available"},{"id":9223372036854018703,"category":{"id":0,"name":"string"},"name":"fish","photoUrls":["string"],"tags":[{"id":0,"name":"string"}],"status":"available"},{"id":9223372036854018704,"category":{"id":0,"name":"string"},"name":"fish","photoUrls":["string"],"tags":[{"id":0,"name":"string"}],"status":"available"},{"id":9223372036854018705,"category":{"id":0,"name":"string"},"name":"fish","photoUrls":["string"],"tags":[{"id":0,"name":"string"}],"status":"available"},{"id":9223372036854018708,"category":{"id":0,"name":"string"},"name":"doggie","photoUrls":["string"],"tags":[{"id":0,"name":"string"}],"status":"available"},{"id":9223372036854018711,"category":{"id":0,"name":"string"},"name":"doggie","photoUrls":["string"],"tags":[{"id":0,"name":"string"}],"status":"available"},{"id":9223372036854018716,"category":{"id":0,"name":"string"},"name":"cat","photoUrls":["string"],"tags":[{"id":0,"name":"string"}],"status":"available"},{"id":9223372036854018720,"category":{"id":0,"name":"string"},"name":"test","photoUrls":["string"],"tags":[{"id":0,"name":"string"}],"status":"available"},{"id":9223372036854018731,"category":{"id":0,"name":"string"},"name":"doggie","photoUrls":["string"],"tags":[{"id":0,"name":"string"}],"status":"available"},{"id":9223372036854018732,"category":{"id":0,"name":"string"},"name":"fish","photoUrls":["string"],"tags":[{"id":0,"name":"string"}],"status":"available"},{"id":9223372036854018733,"category":{"id":0,"name":"string"},"name":"fish","photoUrls":["string"],"tags":[{"id":0,"name":"string"}],"status":"available"},{"id":9223372036854018736,"category":{"id":0,"name":"string"},"name":"Puff","photoUrls":["string"],"tags":[{"id":0,"name":"string"}],"status":"available"},{"id":9223372036854018739,"category":{"id":0,"name":"string"},"name":"fish","photoUrls":["string"],"tags":[{"id":0,"name":"string"}],"status":"available"},{"id":9223372036854018745,"category":{"id":0,"name":"string"},"name":"fish","photoUrls":["string"],"tags":[{"id":0,"name":"string"}],"status":"available"},{"id":9223372036854018766,"category":{"id":0,"name":"string"},"name":"fish","photoUrls":["string"],"tags":[{"id":0,"name":"string"}],"status":"available"},{"id":9223372036854018768,"category":{"id":0,"name":"string"},"name":"cat","photoUrls":["string"],"tags":[{"id":0,"name":"string"}],"status":"available"},{"id":9223372036854018772,"category":{"id":0,"name":"string"},"name":"fish","photoUrls":["string"],"tags":[{"id":0,"name":"string"}],"status":"available"},{"id":9223372036854018773,"category":{"id":0,"name":"string"},"name":"fish","photoUrls":["string"],"tags":[{"id":0,"name":"string"}],"status":"available"},{"id":9223372036854018776,"category":{"id":0,"name":"string"},"name":"Puff","photoUrls":["string"],"tags":[{"id":0,"name":"string"}],"status":"available"},{"id":9223372036854018781,"name":"abcdefg","photoUrls":[],"tags":[],"status":"available"},{"id":9223372036854018783,"category":{"id":0,"name":"string"},"name":"doggie","photoUrls":["string"],"tags":[{"id":0,"name":"string"}],"status":"available"},{"id":9223372036854018785,"category":{"id":0,"name":"pet4"},"name":"doggie4","photoUrls":["black4"],"tags":[{"id":0,"name":"string"}],"status":"available"},{"id":9223372036854018787,"category":{"id":0,"name":"string"},"name":"fish","photoUrls":["string"],"tags":[{"id":0,"name":"string"}],"status":"available"},{"id":9223372036854018789,"category":{"id":0,"name":"string"},"name":"fish","photoUrls":["string"],"tags":[{"id":0,"name":"string"}],"status":"available"},{"id":9223372036854018790,"category":{"id":0,"name":"string"},"name":"fish","photoUrls":["string"],"tags":[{"id":0,"name":"string"}],"status":"available"},{"id":9223372036854018791,"category":{"id":0,"name":"string"},"name":"fish","photoUrls":["string"],"tags":[{"id":0,"name":"string"}],"status":"available"},{"id":9223372036854018803,"category":{"id":0,"name":"wild_animal"},"name":"fish","photoUrls":["string"],"tags":[{"id":0,"name":"string"}],"status":"available"},{"id":9223372036854018804,"category":{"id":0,"name":"wild_animal2"},"name":"fish","photoUrls":["string"],"tags":[{"id":0,"name":"string"}],"status":"available"},{"id":9223372036854018805,"category":{"id":0,"name":"wild_animal3"},"name":"fish","photoUrls":["string"],"tags":[{"id":0,"name":"string"}],"status":"available"},{"id":9223372036854018806,"category":{"id":0,"name":"wild_animal4"},"name":"fish","photoUrls":["string"],"tags":[{"id":0,"name":"string"}],"status":"available"},{"id":9223372036854018807,"category":{"id":0,"name":"wild_animal5"},"name":"fish","photoUrls":["string"],"tags":[{"id":0,"name":"string"}],"status":"available"},{"id":9223372036854018810,"name":"abcdefg","photoUrls":[],"tags":[],"status":"available"},{"id":9223372036854018815,"category":{"id":0,"name":"cat"},"name":"Shusha","photoUrls":["string"],"tags":[{"id":0,"name":"string"}],"status":"available"},{"id":9223372036854018823,"name":"Jimmy","photoUrls":["string"],"tags":[],"status":"available"},{"id":9223372036854018824,"category":{"id":0,"name":"string"},"name":"doggie","photoUrls":["string"],"tags":[{"id":0,"name":"string"}],"status":"available"},{"id":9222968140491042131,"category":{"id":0,"name":"string"},"name":"doggie","photoUrls":["string"],"tags":[{"id":0,"name":"string"}],"status":"available"},{"id":9223372036854018825,"category":{"id":0,"name":"string"},"name":"fish","photoUrls":["string"],"tags":[{"id":0,"name":"string"}],"status":"available"},{"id":9223372036854018826,"category":{"id":0,"name":"string"},"name":"doggie","photoUrls":["string"],"tags":[{"id":0,"name":"string"}],"status":"available"},{"id":9223372036854018827,"category":{"id":0,"name":"string"},"name":"Puff","photoUrls":["string"],"tags":[{"id":0,"name":"string"}],"status":"available"},{"id":9223372036854018830,"category":{"id":0,"name":"string"},"name":"fish","photoUrls":["string"],"tags":[{"id":0,"name":"string"}],"status":"available"},{"id":9223372036854018831,"category":{"id":0,"name":"string"},"name":"fish","photoUrls":["string"],"tags":[{"id":0,"name":"string"}],"status":"available"},{"id":9223372036854018833,"category":{"id":0,"name":"string"},"photoUrls":["string"],"tags":[{"id":0,"name":"string"}],"status":"available"},{"id":9223372036854018835,"name":"Jimmy","photoUrls":["string"],"tags":[],"status":"available"},{"id":9223372036854775606,"category":{"id":0,"name":"string"},"name":"fish","photoUrls":["string"],"tags":[{"id":0,"name":"string"}],"status":"available"},{"id":204,"category":{"id":104,"name":"Jack"},"name":"doggie","photoUrls":["string"],"tags":[{"id":0,"name":"string"}],"status":"available"},{"id":9223372036854775644,"category":{"id":0,"name":"string"},"name":"fish","photoUrls":["string"],"tags":[{"id":0,"name":"string"}],"status":"available"},{"id":9223372036854775661,"category":{"id":0,"name":"string"},"name":"fish","photoUrls":["string"],"tags":[{"id":0,"name":"string"}],"status":"available"},{"id":9223372036854775662,"category":{"id":0,"name":"string"},"name":"fish","photoUrls":["string"],"tags":[{"id":0,"name":"string"}],"status":"available"},{"id":9223372036854775663,"category":{"id":0,"name":"string"},"name":"Puff","photoUrls":["string"],"tags":[{"id":0,"name":"string"}],"status":"available"},{"id":9223372036854775668,"name":"Jimmy","photoUrls":["string"],"tags":[],"status":"available"},{"id":9223372036854775673,"category":{"id":0,"name":"string"},"name":"fish","photoUrls":["string"],"tags":[{"id":0,"name":"string"}],"status":"available"},{"id":9223372036854775675,"category":{"id":0,"name":"string"},"name":"fish","photoUrls":["string"],"tags":[{"id":0,"name":"string"}],"status":"available"},{"id":9223372036854775682,"category":{"id":0,"name":"string"},"name":"fish","photoUrls":["string"],"tags":[{"id":0,"name":"string"}],"status":"available"},{"id":9223372036854775683,"category":{"id":0,"name":"string"},"name":"fish","photoUrls":["string"],"tags":[{"id":0,"name":"string"}],"status":"available"},{"id":9223372036854775684,"category":{"id":0,"name":"string"},"name":"fish","photoUrls":["string"],"tags":[{"id":0,"name":"string"}],"status":"available"},{"id":9223372036854775685,"category":{"id":0,"name":"string"},"name":"fish","photoUrls":["string"],"tags":[{"id":0,"name":"string"}],"status":"available"},{"id":9222968140497180179,"category":{"id":0,"name":"string"},"name":"test","photoUrls":["string"],"tags":[{"id":0,"name":"string"}],"status":"available"},{"id":69,"category":{"id":83,"name":"qflhj"},"name":"Sabertooth","photoUrls":[],"tags":[{"id":94,"name":"gbagq"}],"status":"available"},{"id":9223372036854775715,"category":{"id":0,"name":"string"},"name":"doggie","photoUrls":["string"],"tags":[{"id":0,"name":"string"}],"status":"available"},{"id":9223372036854775718,"category":{"id":0,"name":"string"},"name":"fish","photoUrls":["string"],"tags":[{"id":0,"name":"string"}],"status":"available"},{"id":9223372036854775720,"category":{"id":0,"name":"string"},"name":"fish","photoUrls":["string"],"tags":[{"id":0,"name":"string"}],"status":"available"},{"id":9223372036854775721,"category":{"id":0,"name":"string"},"name":"Puff","photoUrls":["string"],"tags":[{"id":0,"name":"string"}],"status":"available"},{"id":703850,"category":{"id":2020,"name":"string"},"name":"doggie","photoUrls":["string"],"tags":[{"id":0,"name":"string"}],"status":"available"},{"id":99996,"name":"doggie_by_ms","photoUrls":["string"],"tags":[{"id":0,"name":"string"}],"status":"available"},{"id":9223372036854775728,"category":{"id":0,"name":"Jerry"},"name":"Mouse","photoUrls":["string"],"tags":[{"id":0,"name":"Mouse"}],"status":"available"}]

at java.base/jdk.internal.reflect.NativeConstructorAccessorImpl.newInstance0(Native Method)
at java.base/jdk.internal.reflect.NativeConstructorAccessorImpl.newInstance(NativeConstructorAccessorImpl.java:62)
at java.base/jdk.internal.reflect.DelegatingConstructorAccessorImpl.newInstance(DelegatingConstructorAccessorImpl.java:45)
at java.base/java.lang.reflect.Constructor.newInstance(Constructor.java:490)
at org.codehaus.groovy.reflection.CachedConstructor.invoke(CachedConstructor.java:73)
at org.codehaus.groovy.reflection.CachedConstructor.doConstructorInvoke(CachedConstructor.java:60)
at org.codehaus.groovy.runtime.callsite.ConstructorSite$ConstructorSiteNoUnwrap.callConstructor(ConstructorSite.java:86)
at org.codehaus.groovy.runtime.callsite.CallSiteArray.defaultCallConstructor(CallSiteArray.java:57)
at org.codehaus.groovy.runtime.callsite.AbstractCallSite.callConstructor(AbstractCallSite.java:263)
at org.codehaus.groovy.runtime.callsite.AbstractCallSite.callConstructor(AbstractCallSite.java:277)
at io.restassured.internal.ResponseSpecificationImpl$HamcrestAssertionClosure.validate(ResponseSpecificationImpl.groovy:512)
at io.restassured.internal.ResponseSpecificationImpl$HamcrestAssertionClosure$validate$1.call(Unknown Source)
at io.restassured.internal.ResponseSpecificationImpl.validateResponseIfRequired(ResponseSpecificationImpl.groovy:696)
at io.restassured.internal.ResponseSpecificationImpl.this$2$validateResponseIfRequired(ResponseSpecificationImpl.groovy)
at java.base/jdk.internal.reflect.NativeMethodAccessorImpl.invoke0(Native Method)
at java.base/jdk.internal.reflect.NativeMethodAccessorImpl.invoke(NativeMethodAccessorImpl.java:62)
at java.base/jdk.internal.reflect.DelegatingMethodAccessorImpl.invoke(DelegatingMethodAccessorImpl.java:43)
at java.base/java.lang.reflect.Method.invoke(Method.java:566)
at org.codehaus.groovy.runtime.callsite.PlainObjectMetaMethodSite.doInvoke(PlainObjectMetaMethodSite.java:43)
at org.codehaus.groovy.runtime.callsite.PogoMetaMethodSite$PogoCachedMethodSiteNoUnwrapNoCoerce.invoke(PogoMetaMethodSite.java:198)
at org.codehaus.groovy.runtime.callsite.PogoMetaMethodSite.callCurrent(PogoMetaMethodSite.java:62)
at org.codehaus.groovy.runtime.callsite.CallSiteArray.defaultCallCurrent(CallSiteArray.java:49)
at org.codehaus.groovy.runtime.callsite.AbstractCallSite.callCurrent(AbstractCallSite.java:171)
at org.codehaus.groovy.runtime.callsite.AbstractCallSite.callCurrent(AbstractCallSite.java:185)
at io.restassured.internal.ResponseSpecificationImpl.body(ResponseSpecificationImpl.groovy:107)
at io.restassured.internal.ValidatableResponseOptionsImpl.body(ValidatableResponseOptionsImpl.java:238)
at com.Liftlabs.steps.PetStoreSteps.the_response_should_match_the_schema(PetStoreSteps.java:67)
at ✽.the response should match the schema "schema.json"(file:///Users/laxmanbinawade/Desktop/Automation/JavaProgram/PETAssignment/src/test/resources/features/PetStore.feature:8)
]]>
    </failure>
  </testcase> <!-- runScenario -->
  <testcase classname="io.cucumber.testng.AbstractTestNGCucumberTests" name="runScenario" time="6.543"/>
  <testcase classname="io.cucumber.testng.AbstractTestNGCucumberTests" name="runScenario" time="1.795"/>
</testsuite> <!-- Default test -->
